Started by upstream project "[8mha:////4IsDEYQ8GWD7LfWaD7ue0KA4npdx21dXYwW/AHI5PRDVAAAAmh+LCAAAAAAAAP9b85aBtbiIQTGjNKU4P08vOT+vOD8nVc83PyU1x6OyILUoJzMv2y+/JJUBAhiZGBgqihhk0NSjKDWzXb3RdlLBUSYGJk8GtpzUvPSSDB8G5tKinBIGIZ+sxLJE/ZzEvHT94JKizLx0a6BxUmjGOUNodHsLgAzOEgZ+/az8JP2C1JJkoI2ZyfoADJtam8QAAAA=[0mpetclinic" build number [8mha:////4BUHBqjW+l5E2+9NNov0SwZtxAehHh2Zihupiy6qUzWiAAAAnB+LCAAAAAAAAP9b85aBtbiIQTGjNKU4P08vOT+vOD8nVc83PyU1x6OyILUoJzMv2y+/JJUBAhiZGBgqihhk0NSjKDWzXb3RdlLBUSYGJk8GtpzUvPSSDB8G5tKinBIGIZ+sxLJE/ZzEvHT94JKizLx0a6BxUmjGOUNodHsLgAymEgZB/az8JP2C1JJkoI2ZyfrG5gBeiQWvxgAAAA==[0m37
originally caused by:
 Started by user [8mha:////4NPafIm/qmVl9uVPEiJ4Nyp2QimJHSOLdG3OlnXxFlYwAAAAlx+LCAAAAAAAAP9b85aBtbiIQTGjNKU4P08vOT+vOD8nVc83PyU1x6OyILUoJzMv2y+/JJUBAhiZGBgqihhk0NSjKDWzXb3RdlLBUSYGJk8GtpzUvPSSDB8G5tKinBIGIZ+sxLJE/ZzEvHT94JKizLx0a6BxUmjGOUNodHsLgAzmEgZu/dLi1CL9xJTczDwAfXVmD8AAAAA=[0mhme
Running as SYSTEM
Building in workspace /var/jenkins_home/workspace/petclinic-checkstyle
No credentials specified
Cloning the remote Git repository
Cloning repository https://github.com/plb-formation/spring-framework-petclinic.git
 > git init /var/jenkins_home/workspace/petclinic-checkstyle # timeout=10
Fetching upstream changes from https://github.com/plb-formation/spring-framework-petclinic.git
 > git --version # timeout=10
 > git fetch --tags --progress -- https://github.com/plb-formation/spring-framework-petclinic.git +refs/heads/*:refs/remotes/origin/* # timeout=10
 > git config remote.origin.url https://github.com/plb-formation/spring-framework-petclinic.git # timeout=10
 > git config --add remote.origin.fetch +refs/heads/*:refs/remotes/origin/* # timeout=10
 > git config remote.origin.url https://github.com/plb-formation/spring-framework-petclinic.git # timeout=10
Fetching upstream changes from https://github.com/plb-formation/spring-framework-petclinic.git
 > git fetch --tags --progress -- https://github.com/plb-formation/spring-framework-petclinic.git +refs/heads/*:refs/remotes/origin/* # timeout=10
 > git rev-parse refs/remotes/origin/master^{commit} # timeout=10
 > git rev-parse refs/remotes/origin/origin/master^{commit} # timeout=10
Checking out Revision 33d700ef8b639880a0d74d2c084751d72a0717d9 (refs/remotes/origin/master)
 > git config core.sparsecheckout # timeout=10
 > git checkout -f 33d700ef8b639880a0d74d2c084751d72a0717d9 # timeout=10
Commit message: "Update messages.properties"
 > git rev-list --no-walk 33d700ef8b639880a0d74d2c084751d72a0717d9 # timeout=10
[petclinic-checkstyle] $ /var/jenkins_home/tools/hudson.tasks.Maven_MavenInstallation/Maven_3.6.3/bin/mvn clean package checkstyle:checkstyle
[INFO] Scanning for projects...
[INFO] 
[INFO] -------< org.springframework.samples:spring-framework-petclinic >-------
[INFO] Building petclinic 5.1.5
[INFO] --------------------------------[ war ]---------------------------------
[INFO] 
[8mha:////4HT8YC5i/1cX2t+5WWhd4iqO+s7pzjULqQvoz1ptiER4AAAAYB+LCAAAAAAAAP9b85aBtbiIQSmjNKU4P0+vJLE4u1gvPjexLDVPzxdEGvvmZ+X75ZekLlOVfvTjc8FPJgaGiiIGKaiG5Py84vycVD1nCA1SyAABjCCFBQCV27OjYAAAAA==[0m[INFO] --- maven-clean-plugin:2.5:clean (default-clean) @ spring-framework-petclinic ---
[INFO] 
[8mha:////4HT8YC5i/1cX2t+5WWhd4iqO+s7pzjULqQvoz1ptiER4AAAAYB+LCAAAAAAAAP9b85aBtbiIQSmjNKU4P0+vJLE4u1gvPjexLDVPzxdEGvvmZ+X75ZekLlOVfvTjc8FPJgaGiiIGKaiG5Py84vycVD1nCA1SyAABjCCFBQCV27OjYAAAAA==[0m[INFO] --- jacoco-maven-plugin:0.8.1:prepare-agent (default) @ spring-framework-petclinic ---
[INFO] argLine set to -javaagent:/root/.m2/repository/org/jacoco/org.jacoco.agent/0.8.1/org.jacoco.agent-0.8.1-runtime.jar=destfile=/var/jenkins_home/workspace/petclinic-checkstyle/target/jacoco.exec
[INFO] 
[8mha:////4HT8YC5i/1cX2t+5WWhd4iqO+s7pzjULqQvoz1ptiER4AAAAYB+LCAAAAAAAAP9b85aBtbiIQSmjNKU4P0+vJLE4u1gvPjexLDVPzxdEGvvmZ+X75ZekLlOVfvTjc8FPJgaGiiIGKaiG5Py84vycVD1nCA1SyAABjCCFBQCV27OjYAAAAA==[0m[INFO] --- wro4j-maven-plugin:1.8.0:run (default) @ spring-framework-petclinic ---
[INFO] /var/jenkins_home/workspace/petclinic-checkstyle/src/main/webapp/resources/less
[INFO] Executing the mojo: 
[INFO] Wro4j Model path: /var/jenkins_home/workspace/petclinic-checkstyle/src/main/wro/wro.xml
[INFO] targetGroups: null
[INFO] minimize: true
[INFO] ignoreMissingResources: null
[INFO] parallelProcessing: false
[INFO] buildDirectory: /var/jenkins_home/workspace/petclinic-checkstyle/target
[INFO] destinationFolder: /var/jenkins_home/workspace/petclinic-checkstyle/target
[INFO] cssDestinationFolder: /var/jenkins_home/workspace/petclinic-checkstyle/target/petclinic/resources/css
[INFO] The following groups will be processed: [petclinic]
[INFO] folder: /var/jenkins_home/workspace/petclinic-checkstyle/target/petclinic/resources/css
[INFO] processing group: petclinic.css
[8mha:////4GhfM+iUxL5S37anQK05/Ztf7xIJE8I/SVwtP98sMY3uAAAAYx+LCAAAAAAAAP9b85aBtbiIQSWjNKU4P0+vJLE4u1gvPjexLDVPzxdEhicW5WXmpfvll6S2fNly5fzGzauYGBgqihikoFqS8/OK83NS9ZwhNEghAwQwghQWAACwxA+XYgAAAA==[0m[WARNING] Less warnings are:
[8mha:////4GhfM+iUxL5S37anQK05/Ztf7xIJE8I/SVwtP98sMY3uAAAAYx+LCAAAAAAAAP9b85aBtbiIQSWjNKU4P0+vJLE4u1gvPjexLDVPzxdEhicW5WXmpfvll6S2fNly5fzGzauYGBgqihikoFqS8/OK83NS9ZwhNEghAwQwghQWAACwxA+XYgAAAA==[0m[WARNING] 10:1 Cannot link source map. Css result location is not know and could not be deduced from input less source..
[INFO] file size: petclinic.css -> 152435 bytes
[INFO] /var/jenkins_home/workspace/petclinic-checkstyle/target/petclinic/resources/css/petclinic.css (152435 bytes)
[INFO] folder: /var/jenkins_home/workspace/petclinic-checkstyle/target
[INFO] processing group: petclinic.js
[INFO] 
[8mha:////4HT8YC5i/1cX2t+5WWhd4iqO+s7pzjULqQvoz1ptiER4AAAAYB+LCAAAAAAAAP9b85aBtbiIQSmjNKU4P0+vJLE4u1gvPjexLDVPzxdEGvvmZ+X75ZekLlOVfvTjc8FPJgaGiiIGKaiG5Py84vycVD1nCA1SyAABjCCFBQCV27OjYAAAAA==[0m[INFO] --- maven-resources-plugin:2.4:resources (default-resources) @ spring-framework-petclinic ---
[INFO] Using 'UTF-8' encoding to copy filtered resources.
[INFO] Copying 20 resources
[INFO] 
[8mha:////4HT8YC5i/1cX2t+5WWhd4iqO+s7pzjULqQvoz1ptiER4AAAAYB+LCAAAAAAAAP9b85aBtbiIQSmjNKU4P0+vJLE4u1gvPjexLDVPzxdEGvvmZ+X75ZekLlOVfvTjc8FPJgaGiiIGKaiG5Py84vycVD1nCA1SyAABjCCFBQCV27OjYAAAAA==[0m[INFO] --- maven-compiler-plugin:3.0:compile (default-compile) @ spring-framework-petclinic ---
[INFO] Changes detected - recompiling the module!
[INFO] Compiling 46 source files to /var/jenkins_home/workspace/petclinic-checkstyle/target/classes
[parsing started RegularFileObject[/var/jenkins_home/workspace/petclinic-checkstyle/src/main/java/org/springframework/samples/petclinic/model/Visit.java]]
[parsing completed 29ms]
[parsing started RegularFileObject[/var/jenkins_home/workspace/petclinic-checkstyle/src/main/java/org/springframework/samples/petclinic/repository/VisitRepository.java]]
[parsing completed 1ms]
[parsing started RegularFileObject[/var/jenkins_home/workspace/petclinic-checkstyle/src/main/java/org/springframework/samples/petclinic/model/BaseEntity.java]]
[parsing completed 2ms]
[parsing started RegularFileObject[/var/jenkins_home/workspace/petclinic-checkstyle/src/main/java/org/springframework/samples/petclinic/repository/springdatajpa/SpringDataPetRepository.java]]
[parsing completed 1ms]
[parsing started RegularFileObject[/var/jenkins_home/workspace/petclinic-checkstyle/src/main/java/org/springframework/samples/petclinic/service/ClinicServiceImpl.java]]
[parsing completed 3ms]
[parsing started RegularFileObject[/var/jenkins_home/workspace/petclinic-checkstyle/src/main/java/org/springframework/samples/petclinic/repository/jdbc/JdbcPetVisitExtractor.java]]
[parsing completed 2ms]
[parsing started RegularFileObject[/var/jenkins_home/workspace/petclinic-checkstyle/src/main/java/org/springframework/samples/petclinic/util/EntityUtils.java]]
[parsing completed 4ms]
[parsing started RegularFileObject[/var/jenkins_home/workspace/petclinic-checkstyle/src/main/java/org/springframework/samples/petclinic/repository/jdbc/JdbcVetRepositoryImpl.java]]
[parsing completed 3ms]
[parsing started RegularFileObject[/var/jenkins_home/workspace/petclinic-checkstyle/src/main/java/org/springframework/samples/petclinic/repository/jdbc/JdbcVisitRepositoryImpl.java]]
[parsing completed 2ms]
[parsing started RegularFileObject[/var/jenkins_home/workspace/petclinic-checkstyle/src/main/java/org/springframework/samples/petclinic/repository/jpa/JpaOwnerRepositoryImpl.java]]
[parsing completed 2ms]
[parsing started RegularFileObject[/var/jenkins_home/workspace/petclinic-checkstyle/src/main/java/org/springframework/samples/petclinic/repository/jpa/JpaVisitRepositoryImpl.java]]
[parsing completed 2ms]
[parsing started RegularFileObject[/var/jenkins_home/workspace/petclinic-checkstyle/src/main/java/org/springframework/samples/petclinic/model/PetType.java]]
[parsing completed 1ms]
[parsing started RegularFileObject[/var/jenkins_home/workspace/petclinic-checkstyle/src/main/java/org/springframework/samples/petclinic/repository/VetRepository.java]]
[parsing completed 1ms]
[parsing started RegularFileObject[/var/jenkins_home/workspace/petclinic-checkstyle/src/main/java/org/springframework/samples/petclinic/web/OwnerController.java]]
[parsing completed 14ms]
[parsing started RegularFileObject[/var/jenkins_home/workspace/petclinic-checkstyle/src/main/java/org/springframework/samples/petclinic/model/Pet.java]]
[parsing completed 3ms]
[parsing started RegularFileObject[/var/jenkins_home/workspace/petclinic-checkstyle/src/main/java/org/springframework/samples/petclinic/repository/jdbc/JdbcPetRepositoryImpl.java]]
[parsing completed 4ms]
[parsing started RegularFileObject[/var/jenkins_home/workspace/petclinic-checkstyle/src/main/java/org/springframework/samples/petclinic/repository/springdatajpa/SpringDataVetRepository.java]]
[parsing completed 1ms]
[parsing started RegularFileObject[/var/jenkins_home/workspace/petclinic-checkstyle/src/main/java/org/springframework/samples/petclinic/repository/jdbc/JdbcPet.java]]
[parsing completed 0ms]
[parsing started RegularFileObject[/var/jenkins_home/workspace/petclinic-checkstyle/src/main/java/org/springframework/samples/petclinic/web/PetController.java]]
[parsing completed 3ms]
[parsing started RegularFileObject[/var/jenkins_home/workspace/petclinic-checkstyle/src/main/java/org/springframework/samples/petclinic/repository/springdatajpa/SpringDataOwnerRepository.java]]
[parsing completed 1ms]
[parsing started RegularFileObject[/var/jenkins_home/workspace/petclinic-checkstyle/src/main/java/org/springframework/samples/petclinic/service/ClinicService.java]]
[parsing completed 1ms]
[parsing started RegularFileObject[/var/jenkins_home/workspace/petclinic-checkstyle/src/main/java/org/springframework/samples/petclinic/model/NamedEntity.java]]
[parsing completed 0ms]
[parsing started RegularFileObject[/var/jenkins_home/workspace/petclinic-checkstyle/src/main/java/org/springframework/samples/petclinic/web/PetTypeFormatter.java]]
[parsing completed 1ms]
[parsing started RegularFileObject[/var/jenkins_home/workspace/petclinic-checkstyle/src/main/java/org/springframework/samples/petclinic/model/Owner.java]]
[parsing completed 3ms]
[parsing started RegularFileObject[/var/jenkins_home/workspace/petclinic-checkstyle/src/main/java/org/springframework/samples/petclinic/web/CrashController.java]]
[parsing completed 1ms]
[parsing started RegularFileObject[/var/jenkins_home/workspace/petclinic-checkstyle/src/main/java/org/springframework/samples/petclinic/repository/jdbc/JdbcVisitRowMapper.java]]
[parsing completed 0ms]
[parsing started RegularFileObject[/var/jenkins_home/workspace/petclinic-checkstyle/src/main/java/org/springframework/samples/petclinic/model/Vet.java]]
[parsing completed 1ms]
[parsing started RegularFileObject[/var/jenkins_home/workspace/petclinic-checkstyle/src/main/java/org/springframework/samples/petclinic/repository/jpa/JpaVetRepositoryImpl.java]]
[parsing completed 0ms]
[parsing started RegularFileObject[/var/jenkins_home/workspace/petclinic-checkstyle/src/main/java/org/springframework/samples/petclinic/web/PetValidator.java]]
[parsing completed 1ms]
[parsing started RegularFileObject[/var/jenkins_home/workspace/petclinic-checkstyle/src/main/java/org/springframework/samples/petclinic/model/Vets.java]]
[parsing completed 0ms]
[parsing started RegularFileObject[/var/jenkins_home/workspace/petclinic-checkstyle/src/main/java/org/springframework/samples/petclinic/util/CallMonitoringAspect.java]]
[parsing completed 1ms]
[parsing started RegularFileObject[/var/jenkins_home/workspace/petclinic-checkstyle/src/main/java/org/springframework/samples/petclinic/web/package-info.java]]
[parsing completed 0ms]
[parsing started RegularFileObject[/var/jenkins_home/workspace/petclinic-checkstyle/src/main/java/org/springframework/samples/petclinic/PetclinicInitializer.java]]
[parsing completed 2ms]
[parsing started RegularFileObject[/var/jenkins_home/workspace/petclinic-checkstyle/src/main/java/org/springframework/samples/petclinic/repository/jdbc/JdbcOwnerRepositoryImpl.java]]
[parsing completed 3ms]
[parsing started RegularFileObject[/var/jenkins_home/workspace/petclinic-checkstyle/src/main/java/org/springframework/samples/petclinic/repository/springdatajpa/SpringDataVisitRepository.java]]
[parsing completed 0ms]
[parsing started RegularFileObject[/var/jenkins_home/workspace/petclinic-checkstyle/src/main/java/org/springframework/samples/petclinic/web/VetController.java]]
[parsing completed 1ms]
[parsing started RegularFileObject[/var/jenkins_home/workspace/petclinic-checkstyle/src/main/java/org/springframework/samples/petclinic/repository/jdbc/JdbcPetRowMapper.java]]
[parsing completed 1ms]
[parsing started RegularFileObject[/var/jenkins_home/workspace/petclinic-checkstyle/src/main/java/org/springframework/samples/petclinic/repository/PetRepository.java]]
[parsing completed 1ms]
[parsing started RegularFileObject[/var/jenkins_home/workspace/petclinic-checkstyle/src/main/java/org/springframework/samples/petclinic/repository/jpa/JpaPetRepositoryImpl.java]]
[parsing completed 1ms]
[parsing started RegularFileObject[/var/jenkins_home/workspace/petclinic-checkstyle/src/main/java/org/springframework/samples/petclinic/model/Person.java]]
[parsing completed 0ms]
[parsing started RegularFileObject[/var/jenkins_home/workspace/petclinic-checkstyle/src/main/java/org/springframework/samples/petclinic/web/VisitController.java]]
[parsing completed 1ms]
[parsing started RegularFileObject[/var/jenkins_home/workspace/petclinic-checkstyle/src/main/java/org/springframework/samples/petclinic/model/package-info.java]]
[parsing completed 0ms]
[parsing started RegularFileObject[/var/jenkins_home/workspace/petclinic-checkstyle/src/main/java/org/springframework/samples/petclinic/repository/OwnerRepository.java]]
[parsing completed 1ms]
[parsing started RegularFileObject[/var/jenkins_home/workspace/petclinic-checkstyle/src/main/java/org/springframework/samples/petclinic/repository/jpa/package-info.java]]
[parsing completed 1ms]
[parsing started RegularFileObject[/var/jenkins_home/workspace/petclinic-checkstyle/src/main/java/org/springframework/samples/petclinic/model/Specialty.java]]
[parsing completed 0ms]
[parsing started RegularFileObject[/var/jenkins_home/workspace/petclinic-checkstyle/src/main/java/org/springframework/samples/petclinic/repository/jdbc/package-info.java]]
[parsing completed 0ms]
[search path for source files: /var/jenkins_home/workspace/petclinic-checkstyle/src/main/java]
[search path for class files: /usr/local/openjdk-8/jre/lib/resources.jar,/usr/local/openjdk-8/jre/lib/rt.jar,/usr/local/openjdk-8/jre/lib/sunrsasign.jar,/usr/local/openjdk-8/jre/lib/jsse.jar,/usr/local/openjdk-8/jre/lib/jce.jar,/usr/local/openjdk-8/jre/lib/charsets.jar,/usr/local/openjdk-8/jre/lib/jfr.jar,/usr/local/openjdk-8/jre/classes,/usr/local/openjdk-8/jre/lib/ext/cldrdata.jar,/usr/local/openjdk-8/jre/lib/ext/dnsns.jar,/usr/local/openjdk-8/jre/lib/ext/jaccess.jar,/usr/local/openjdk-8/jre/lib/ext/localedata.jar,/usr/local/openjdk-8/jre/lib/ext/nashorn.jar,/usr/local/openjdk-8/jre/lib/ext/sunec.jar,/usr/local/openjdk-8/jre/lib/ext/sunjce_provider.jar,/usr/local/openjdk-8/jre/lib/ext/sunpkcs11.jar,/usr/local/openjdk-8/jre/lib/ext/zipfs.jar,/var/jenkins_home/workspace/petclinic-checkstyle/target/classes,/root/.m2/repository/org/apache/tomcat/tomcat-servlet-api/9.0.12/tomcat-servlet-api-9.0.12.jar,/root/.m2/repository/org/apache/tomcat/tomcat-jasper-el/9.0.12/tomcat-jasper-el-9.0.12.jar,/root/.m2/repository/org/apache/tomcat/tomcat-el-api/9.0.12/tomcat-el-api-9.0.12.jar,/root/.m2/repository/javax/servlet/jsp/jstl/javax.servlet.jsp.jstl-api/1.2.2/javax.servlet.jsp.jstl-api-1.2.2.jar,/root/.m2/repository/org/apache/taglibs/taglibs-standard-jstlel/1.2.5/taglibs-standard-jstlel-1.2.5.jar,/root/.m2/repository/org/apache/taglibs/taglibs-standard-spec/1.2.5/taglibs-standard-spec-1.2.5.jar,/root/.m2/repository/org/apache/taglibs/taglibs-standard-impl/1.2.5/taglibs-standard-impl-1.2.5.jar,/root/.m2/repository/com/fasterxml/jackson/core/jackson-core/2.9.7/jackson-core-2.9.7.jar,/root/.m2/repository/com/fasterxml/jackson/core/jackson-databind/2.9.7/jackson-databind-2.9.7.jar,/root/.m2/repository/com/fasterxml/jackson/core/jackson-annotations/2.9.0/jackson-annotations-2.9.0.jar,/root/.m2/repository/org/springframework/data/spring-data-jpa/2.1.5.RELEASE/spring-data-jpa-2.1.5.RELEASE.jar,/root/.m2/repository/org/springframework/data/spring-data-commons/2.1.5.RELEASE/spring-data-commons-2.1.5.RELEASE.jar,/root/.m2/repository/org/springframework/spring-orm/5.1.5.RELEASE/spring-orm-5.1.5.RELEASE.jar,/root/.m2/repository/org/springframework/spring-context/5.1.5.RELEASE/spring-context-5.1.5.RELEASE.jar,/root/.m2/repository/org/springframework/spring-aop/5.1.5.RELEASE/spring-aop-5.1.5.RELEASE.jar,/root/.m2/repository/org/springframework/spring-tx/5.1.5.RELEASE/spring-tx-5.1.5.RELEASE.jar,/root/.m2/repository/org/springframework/spring-beans/5.1.5.RELEASE/spring-beans-5.1.5.RELEASE.jar,/root/.m2/repository/org/springframework/spring-core/5.1.5.RELEASE/spring-core-5.1.5.RELEASE.jar,/root/.m2/repository/org/springframework/spring-jcl/5.1.5.RELEASE/spring-jcl-5.1.5.RELEASE.jar,/root/.m2/repository/org/springframework/data/spring-data-jdbc-core/2.0.0.M1/spring-data-jdbc-core-2.0.0.M1.jar,/root/.m2/repository/org/springframework/retry/spring-retry/1.1.2.RELEASE/spring-retry-1.1.2.RELEASE.jar,/root/.m2/repository/org/springframework/spring-jdbc/5.1.5.RELEASE/spring-jdbc-5.1.5.RELEASE.jar,/root/.m2/repository/org/springframework/spring-webmvc/5.1.5.RELEASE/spring-webmvc-5.1.5.RELEASE.jar,/root/.m2/repository/org/springframework/spring-expression/5.1.5.RELEASE/spring-expression-5.1.5.RELEASE.jar,/root/.m2/repository/org/springframework/spring-web/5.1.5.RELEASE/spring-web-5.1.5.RELEASE.jar,/root/.m2/repository/org/springframework/spring-context-support/5.1.5.RELEASE/spring-context-support-5.1.5.RELEASE.jar,/root/.m2/repository/org/springframework/spring-oxm/5.1.5.RELEASE/spring-oxm-5.1.5.RELEASE.jar,/root/.m2/repository/org/aspectj/aspectjrt/1.9.1/aspectjrt-1.9.1.jar,/root/.m2/repository/org/slf4j/slf4j-api/1.7.25/slf4j-api-1.7.25.jar,/root/.m2/repository/org/hibernate/hibernate-entitymanager/5.3.7.Final/hibernate-entitymanager-5.3.7.Final.jar,/root/.m2/repository/org/jboss/logging/jboss-logging/3.3.2.Final/jboss-logging-3.3.2.Final.jar,/root/.m2/repository/org/hibernate/hibernate-core/5.3.7.Final/hibernate-core-5.3.7.Final.jar,/root/.m2/repository/org/javassist/javassist/3.23.1-GA/javassist-3.23.1-GA.jar,/root/.m2/repository/antlr/antlr/2.7.7/antlr-2.7.7.jar,/root/.m2/repository/org/jboss/jandex/2.0.5.Final/jandex-2.0.5.Final.jar,/root/.m2/repository/javax/activation/javax.activation-api/1.2.0/javax.activation-api-1.2.0.jar,/root/.m2/repository/org/dom4j/dom4j/2.1.1/dom4j-2.1.1.jar,/root/.m2/repository/org/hibernate/common/hibernate-commons-annotations/5.0.4.Final/hibernate-commons-annotations-5.0.4.Final.jar,/root/.m2/repository/javax/persistence/javax.persistence-api/2.2/javax.persistence-api-2.2.jar,/root/.m2/repository/net/bytebuddy/byte-buddy/1.8.17/byte-buddy-1.8.17.jar,/root/.m2/repository/org/jboss/spec/javax/transaction/jboss-transaction-api_1.2_spec/1.1.1.Final/jboss-transaction-api_1.2_spec-1.1.1.Final.jar,/root/.m2/repository/org/hibernate/validator/hibernate-validator/6.0.14.Final/hibernate-validator-6.0.14.Final.jar,/root/.m2/repository/javax/validation/validation-api/2.0.1.Final/validation-api-2.0.1.Final.jar,/root/.m2/repository/com/fasterxml/classmate/1.3.4/classmate-1.3.4.jar,/root/.m2/repository/org/hibernate/hibernate-ehcache/5.3.7.Final/hibernate-ehcache-5.3.7.Final.jar,/root/.m2/repository/net/sf/ehcache/ehcache/2.10.3/ehcache-2.10.3.jar,/root/.m2/repository/org/webjars/jquery/2.2.4/jquery-2.2.4.jar,/root/.m2/repository/org/webjars/jquery-ui/1.11.4/jquery-ui-1.11.4.jar,/root/.m2/repository/org/webjars/bootstrap/3.3.6/bootstrap-3.3.6.jar,/root/.m2/repository/org/junit/jupiter/junit-jupiter-engine/5.3.2/junit-jupiter-engine-5.3.2.jar,/root/.m2/repository/org/apiguardian/apiguardian-api/1.0.0/apiguardian-api-1.0.0.jar,/root/.m2/repository/org/junit/platform/junit-platform-engine/1.3.2/junit-platform-engine-1.3.2.jar,/root/.m2/repository/org/junit/platform/junit-platform-commons/1.3.2/junit-platform-commons-1.3.2.jar,/root/.m2/repository/org/opentest4j/opentest4j/1.1.1/opentest4j-1.1.1.jar,/root/.m2/repository/org/junit/jupiter/junit-jupiter-api/5.3.2/junit-jupiter-api-5.3.2.jar,/root/.m2/repository/org/mockito/mockito-junit-jupiter/2.23.4/mockito-junit-jupiter-2.23.4.jar,.]
[loading ZipFileIndexFileObject[/root/.m2/repository/org/springframework/spring-context/5.1.5.RELEASE/spring-context-5.1.5.RELEASE.jar(org/springframework/format/annotation/DateTimeFormat.class)]]
[loading ZipFileIndexFileObject[/root/.m2/repository/javax/persistence/javax.persistence-api/2.2/javax.persistence-api-2.2.jar(javax/persistence/Column.class)]]
[loading ZipFileIndexFileObject[/root/.m2/repository/javax/persistence/javax.persistence-api/2.2/javax.persistence-api-2.2.jar(javax/persistence/Entity.class)]]
[loading ZipFileIndexFileObject[/root/.m2/repository/javax/persistence/javax.persistence-api/2.2/javax.persistence-api-2.2.jar(javax/persistence/JoinColumn.class)]]
[loading ZipFileIndexFileObject[/root/.m2/repository/javax/persistence/javax.persistence-api/2.2/javax.persistence-api-2.2.jar(javax/persistence/ManyToOne.class)]]
[loading ZipFileIndexFileObject[/root/.m2/repository/javax/persistence/javax.persistence-api/2.2/javax.persistence-api-2.2.jar(javax/persistence/Table.class)]]
[loading ZipFileIndexFileObject[/root/.m2/repository/javax/validation/validation-api/2.0.1.Final/validation-api-2.0.1.Final.jar(javax/validation/constraints/NotEmpty.class)]]
[loading ZipFileIndexFileObject[/usr/local/openjdk-8/lib/ct.sym(META-INF/sym/rt.jar/java/time/LocalDate.class)]]
[loading ZipFileIndexFileObject[/root/.m2/repository/javax/persistence/javax.persistence-api/2.2/javax.persistence-api-2.2.jar(javax/persistence/GeneratedValue.class)]]
[loading ZipFileIndexFileObject[/root/.m2/repository/javax/persistence/javax.persistence-api/2.2/javax.persistence-api-2.2.jar(javax/persistence/GenerationType.class)]]
[loading ZipFileIndexFileObject[/root/.m2/repository/javax/persistence/javax.persistence-api/2.2/javax.persistence-api-2.2.jar(javax/persistence/Id.class)]]
[loading ZipFileIndexFileObject[/root/.m2/repository/javax/persistence/javax.persistence-api/2.2/javax.persistence-api-2.2.jar(javax/persistence/MappedSuperclass.class)]]
[loading ZipFileIndexFileObject[/usr/local/openjdk-8/lib/ct.sym(META-INF/sym/rt.jar/java/lang/Object.class)]]
[loading ZipFileIndexFileObject[/usr/local/openjdk-8/lib/ct.sym(META-INF/sym/rt.jar/java/lang/String.class)]]
[loading ZipFileIndexFileObject[/root/.m2/repository/org/springframework/spring-beans/5.1.5.RELEASE/spring-beans-5.1.5.RELEASE.jar(org/springframework/beans/support/MutableSortDefinition.class)]]
[loading ZipFileIndexFileObject[/root/.m2/repository/org/springframework/spring-beans/5.1.5.RELEASE/spring-beans-5.1.5.RELEASE.jar(org/springframework/beans/support/PropertyComparator.class)]]
[loading ZipFileIndexFileObject[/root/.m2/repository/javax/persistence/javax.persistence-api/2.2/javax.persistence-api-2.2.jar(javax/persistence/CascadeType.class)]]
[loading ZipFileIndexFileObject[/root/.m2/repository/javax/persistence/javax.persistence-api/2.2/javax.persistence-api-2.2.jar(javax/persistence/FetchType.class)]]
[loading ZipFileIndexFileObject[/root/.m2/repository/javax/persistence/javax.persistence-api/2.2/javax.persistence-api-2.2.jar(javax/persistence/OneToMany.class)]]
[loading ZipFileIndexFileObject[/usr/local/openjdk-8/lib/ct.sym(META-INF/sym/rt.jar/java/util/ArrayList.class)]]
[loading ZipFileIndexFileObject[/usr/local/openjdk-8/lib/ct.sym(META-INF/sym/rt.jar/java/util/Collections.class)]]
[loading ZipFileIndexFileObject[/usr/local/openjdk-8/lib/ct.sym(META-INF/sym/rt.jar/java/util/HashSet.class)]]
[loading ZipFileIndexFileObject[/usr/local/openjdk-8/lib/ct.sym(META-INF/sym/rt.jar/java/util/List.class)]]
[loading ZipFileIndexFileObject[/usr/local/openjdk-8/lib/ct.sym(META-INF/sym/rt.jar/java/util/Set.class)]]
[loading ZipFileIndexFileObject[/usr/local/openjdk-8/lib/ct.sym(META-INF/sym/rt.jar/java/lang/Integer.class)]]
[loading ZipFileIndexFileObject[/root/.m2/repository/javax/validation/validation-api/2.0.1.Final/validation-api-2.0.1.Final.jar(javax/validation/constraints/Digits.class)]]
[loading ZipFileIndexFileObject[/root/.m2/repository/org/springframework/spring-core/5.1.5.RELEASE/spring-core-5.1.5.RELEASE.jar(org/springframework/core/style/ToStringCreator.class)]]
[loading ZipFileIndexFileObject[/root/.m2/repository/org/springframework/spring-tx/5.1.5.RELEASE/spring-tx-5.1.5.RELEASE.jar(org/springframework/dao/DataAccessException.class)]]
[loading ZipFileIndexFileObject[/root/.m2/repository/org/springframework/data/spring-data-jpa/2.1.5.RELEASE/spring-data-jpa-2.1.5.RELEASE.jar(org/springframework/data/jpa/repository/Query.class)]]
[loading ZipFileIndexFileObject[/root/.m2/repository/org/springframework/data/spring-data-commons/2.1.5.RELEASE/spring-data-commons-2.1.5.RELEASE.jar(org/springframework/data/repository/Repository.class)]]
[loading ZipFileIndexFileObject[/usr/local/openjdk-8/lib/ct.sym(META-INF/sym/rt.jar/java/util/Collection.class)]]
[loading ZipFileIndexFileObject[/root/.m2/repository/org/springframework/spring-beans/5.1.5.RELEASE/spring-beans-5.1.5.RELEASE.jar(org/springframework/beans/factory/annotation/Autowired.class)]]
[loading ZipFileIndexFileObject[/root/.m2/repository/org/springframework/spring-context/5.1.5.RELEASE/spring-context-5.1.5.RELEASE.jar(org/springframework/cache/annotation/Cacheable.class)]]
[loading ZipFileIndexFileObject[/root/.m2/repository/org/springframework/spring-context/5.1.5.RELEASE/spring-context-5.1.5.RELEASE.jar(org/springframework/stereotype/Service.class)]]
[loading ZipFileIndexFileObject[/root/.m2/repository/org/springframework/spring-tx/5.1.5.RELEASE/spring-tx-5.1.5.RELEASE.jar(org/springframework/transaction/annotation/Transactional.class)]]
[loading ZipFileIndexFileObject[/root/.m2/repository/javax/persistence/javax.persistence-api/2.2/javax.persistence-api-2.2.jar(javax/persistence/JoinTable.class)]]
[loading ZipFileIndexFileObject[/root/.m2/repository/javax/persistence/javax.persistence-api/2.2/javax.persistence-api-2.2.jar(javax/persistence/ManyToMany.class)]]
[loading ZipFileIndexFileObject[/usr/local/openjdk-8/lib/ct.sym(META-INF/sym/rt.jar/javax/xml/bind/annotation/XmlElement.class)]]
[loading ZipFileIndexFileObject[/root/.m2/repository/org/springframework/data/spring-data-jdbc-core/2.0.0.M1/spring-data-jdbc-core-2.0.0.M1.jar(org/springframework/data/jdbc/core/OneToManyResultSetExtractor.class)]]
[loading ZipFileIndexFileObject[/root/.m2/repository/org/springframework/spring-jdbc/5.1.5.RELEASE/spring-jdbc-5.1.5.RELEASE.jar(org/springframework/jdbc/core/ResultSetExtractor.class)]]
[loading ZipFileIndexFileObject[/usr/local/openjdk-8/lib/ct.sym(META-INF/sym/rt.jar/java/sql/ResultSet.class)]]
[loading ZipFileIndexFileObject[/usr/local/openjdk-8/lib/ct.sym(META-INF/sym/rt.jar/java/sql/SQLException.class)]]
[loading ZipFileIndexFileObject[/root/.m2/repository/org/springframework/spring-orm/5.1.5.RELEASE/spring-orm-5.1.5.RELEASE.jar(org/springframework/orm/ObjectRetrievalFailureException.class)]]
[loading ZipFileIndexFileObject[/usr/local/openjdk-8/lib/ct.sym(META-INF/sym/rt.jar/java/lang/Class.class)]]
[loading ZipFileIndexFileObject[/root/.m2/repository/org/springframework/spring-jdbc/5.1.5.RELEASE/spring-jdbc-5.1.5.RELEASE.jar(org/springframework/jdbc/core/BeanPropertyRowMapper.class)]]
[loading ZipFileIndexFileObject[/root/.m2/repository/org/springframework/spring-jdbc/5.1.5.RELEASE/spring-jdbc-5.1.5.RELEASE.jar(org/springframework/jdbc/core/JdbcTemplate.class)]]
[loading ZipFileIndexFileObject[/root/.m2/repository/org/springframework/spring-context/5.1.5.RELEASE/spring-context-5.1.5.RELEASE.jar(org/springframework/stereotype/Repository.class)]]
[loading ZipFileIndexFileObject[/root/.m2/repository/org/springframework/spring-jdbc/5.1.5.RELEASE/spring-jdbc-5.1.5.RELEASE.jar(org/springframework/jdbc/core/namedparam/MapSqlParameterSource.class)]]
[loading ZipFileIndexFileObject[/root/.m2/repository/org/springframework/spring-jdbc/5.1.5.RELEASE/spring-jdbc-5.1.5.RELEASE.jar(org/springframework/jdbc/core/namedparam/NamedParameterJdbcTemplate.class)]]
[loading ZipFileIndexFileObject[/root/.m2/repository/org/springframework/spring-jdbc/5.1.5.RELEASE/spring-jdbc-5.1.5.RELEASE.jar(org/springframework/jdbc/core/simple/SimpleJdbcInsert.class)]]
[loading ZipFileIndexFileObject[/usr/local/openjdk-8/lib/ct.sym(META-INF/sym/rt.jar/javax/sql/DataSource.class)]]
[loading ZipFileIndexFileObject[/usr/local/openjdk-8/lib/ct.sym(META-INF/sym/rt.jar/java/util/HashMap.class)]]
[loading ZipFileIndexFileObject[/usr/local/openjdk-8/lib/ct.sym(META-INF/sym/rt.jar/java/util/Map.class)]]
[loading ZipFileIndexFileObject[/root/.m2/repository/javax/persistence/javax.persistence-api/2.2/javax.persistence-api-2.2.jar(javax/persistence/EntityManager.class)]]
[loading ZipFileIndexFileObject[/root/.m2/repository/javax/persistence/javax.persistence-api/2.2/javax.persistence-api-2.2.jar(javax/persistence/PersistenceContext.class)]]
[loading ZipFileIndexFileObject[/root/.m2/repository/javax/persistence/javax.persistence-api/2.2/javax.persistence-api-2.2.jar(javax/persistence/Query.class)]]
[loading ZipFileIndexFileObject[/root/.m2/repository/org/springframework/spring-orm/5.1.5.RELEASE/spring-orm-5.1.5.RELEASE.jar(org/springframework/orm/hibernate5/support/OpenSessionInViewFilter.class)]]
[loading ZipFileIndexFileObject[/root/.m2/repository/javax/validation/validation-api/2.0.1.Final/validation-api-2.0.1.Final.jar(javax/validation/Valid.class)]]
[loading ZipFileIndexFileObject[/root/.m2/repository/org/springframework/spring-context/5.1.5.RELEASE/spring-context-5.1.5.RELEASE.jar(org/springframework/stereotype/Controller.class)]]
[loading ZipFileIndexFileObject[/root/.m2/repository/org/springframework/spring-context/5.1.5.RELEASE/spring-context-5.1.5.RELEASE.jar(org/springframework/ui/Model.class)]]
[loading ZipFileIndexFileObject[/root/.m2/repository/org/springframework/spring-context/5.1.5.RELEASE/spring-context-5.1.5.RELEASE.jar(org/springframework/validation/BindingResult.class)]]
[loading ZipFileIndexFileObject[/root/.m2/repository/org/springframework/spring-web/5.1.5.RELEASE/spring-web-5.1.5.RELEASE.jar(org/springframework/web/bind/WebDataBinder.class)]]
[loading ZipFileIndexFileObject[/root/.m2/repository/org/springframework/spring-web/5.1.5.RELEASE/spring-web-5.1.5.RELEASE.jar(org/springframework/web/bind/annotation/InitBinder.class)]]
[loading ZipFileIndexFileObject[/root/.m2/repository/org/springframework/spring-web/5.1.5.RELEASE/spring-web-5.1.5.RELEASE.jar(org/springframework/web/bind/annotation/PathVariable.class)]]
[loading ZipFileIndexFileObject[/root/.m2/repository/org/springframework/spring-web/5.1.5.RELEASE/spring-web-5.1.5.RELEASE.jar(org/springframework/web/bind/annotation/RequestMapping.class)]]
[loading ZipFileIndexFileObject[/root/.m2/repository/org/springframework/spring-web/5.1.5.RELEASE/spring-web-5.1.5.RELEASE.jar(org/springframework/web/bind/annotation/RequestMethod.class)]]
[loading ZipFileIndexFileObject[/root/.m2/repository/org/springframework/spring-webmvc/5.1.5.RELEASE/spring-webmvc-5.1.5.RELEASE.jar(org/springframework/web/servlet/ModelAndView.class)]]
[loading ZipFileIndexFileObject[/root/.m2/repository/org/springframework/spring-tx/5.1.5.RELEASE/spring-tx-5.1.5.RELEASE.jar(org/springframework/dao/EmptyResultDataAccessException.class)]]
[loading ZipFileIndexFileObject[/root/.m2/repository/org/springframework/spring-context/5.1.5.RELEASE/spring-context-5.1.5.RELEASE.jar(org/springframework/ui/ModelMap.class)]]
[loading ZipFileIndexFileObject[/root/.m2/repository/org/springframework/spring-core/5.1.5.RELEASE/spring-core-5.1.5.RELEASE.jar(org/springframework/util/StringUtils.class)]]
[loading ZipFileIndexFileObject[/root/.m2/repository/org/springframework/data/spring-data-commons/2.1.5.RELEASE/spring-data-commons-2.1.5.RELEASE.jar(org/springframework/data/repository/query/Param.class)]]
[loading ZipFileIndexFileObject[/usr/local/openjdk-8/lib/ct.sym(META-INF/sym/rt.jar/java/text/ParseException.class)]]
[loading ZipFileIndexFileObject[/usr/local/openjdk-8/lib/ct.sym(META-INF/sym/rt.jar/java/util/Locale.class)]]
[loading ZipFileIndexFileObject[/root/.m2/repository/org/springframework/spring-context/5.1.5.RELEASE/spring-context-5.1.5.RELEASE.jar(org/springframework/format/Formatter.class)]]
[loading ZipFileIndexFileObject[/root/.m2/repository/org/springframework/spring-context/5.1.5.RELEASE/spring-context-5.1.5.RELEASE.jar(org/springframework/format/Printer.class)]]
[loading ZipFileIndexFileObject[/root/.m2/repository/org/springframework/spring-context/5.1.5.RELEASE/spring-context-5.1.5.RELEASE.jar(org/springframework/format/Parser.class)]]
[loading ZipFileIndexFileObject[/root/.m2/repository/org/springframework/spring-jdbc/5.1.5.RELEASE/spring-jdbc-5.1.5.RELEASE.jar(org/springframework/jdbc/core/RowMapper.class)]]
[loading ZipFileIndexFileObject[/usr/local/openjdk-8/lib/ct.sym(META-INF/sym/rt.jar/java/util/Date.class)]]
[loading ZipFileIndexFileObject[/root/.m2/repository/org/springframework/spring-context/5.1.5.RELEASE/spring-context-5.1.5.RELEASE.jar(org/springframework/validation/Errors.class)]]
[loading ZipFileIndexFileObject[/root/.m2/repository/org/springframework/spring-context/5.1.5.RELEASE/spring-context-5.1.5.RELEASE.jar(org/springframework/validation/Validator.class)]]
[loading ZipFileIndexFileObject[/usr/local/openjdk-8/lib/ct.sym(META-INF/sym/rt.jar/javax/xml/bind/annotation/XmlRootElement.class)]]
[loading ZipFileIndexFileObject[/root/.m2/repository/org/aspectj/aspectjrt/1.9.1/aspectjrt-1.9.1.jar(org/aspectj/lang/ProceedingJoinPoint.class)]]
[loading ZipFileIndexFileObject[/root/.m2/repository/org/aspectj/aspectjrt/1.9.1/aspectjrt-1.9.1.jar(org/aspectj/lang/annotation/Around.class)]]
[loading ZipFileIndexFileObject[/root/.m2/repository/org/aspectj/aspectjrt/1.9.1/aspectjrt-1.9.1.jar(org/aspectj/lang/annotation/Aspect.class)]]
[loading ZipFileIndexFileObject[/root/.m2/repository/org/springframework/spring-context/5.1.5.RELEASE/spring-context-5.1.5.RELEASE.jar(org/springframework/jmx/export/annotation/ManagedAttribute.class)]]
[loading ZipFileIndexFileObject[/root/.m2/repository/org/springframework/spring-context/5.1.5.RELEASE/spring-context-5.1.5.RELEASE.jar(org/springframework/jmx/export/annotation/ManagedOperation.class)]]
[loading ZipFileIndexFileObject[/root/.m2/repository/org/springframework/spring-context/5.1.5.RELEASE/spring-context-5.1.5.RELEASE.jar(org/springframework/jmx/export/annotation/ManagedResource.class)]]
[loading ZipFileIndexFileObject[/root/.m2/repository/org/springframework/spring-core/5.1.5.RELEASE/spring-core-5.1.5.RELEASE.jar(org/springframework/util/StopWatch.class)]]
[loading ZipFileIndexFileObject[/usr/local/openjdk-8/lib/ct.sym(META-INF/sym/rt.jar/java/lang/Throwable.class)]]
[loading ZipFileIndexFileObject[/root/.m2/repository/org/springframework/spring-web/5.1.5.RELEASE/spring-web-5.1.5.RELEASE.jar(org/springframework/web/context/WebApplicationContext.class)]]
[loading ZipFileIndexFileObject[/root/.m2/repository/org/springframework/spring-web/5.1.5.RELEASE/spring-web-5.1.5.RELEASE.jar(org/springframework/web/context/support/XmlWebApplicationContext.class)]]
[loading ZipFileIndexFileObject[/root/.m2/repository/org/springframework/spring-web/5.1.5.RELEASE/spring-web-5.1.5.RELEASE.jar(org/springframework/web/filter/CharacterEncodingFilter.class)]]
[loading ZipFileIndexFileObject[/root/.m2/repository/org/springframework/spring-webmvc/5.1.5.RELEASE/spring-webmvc-5.1.5.RELEASE.jar(org/springframework/web/servlet/DispatcherServlet.class)]]
[loading ZipFileIndexFileObject[/root/.m2/repository/org/springframework/spring-webmvc/5.1.5.RELEASE/spring-webmvc-5.1.5.RELEASE.jar(org/springframework/web/servlet/support/AbstractDispatcherServletInitializer.class)]]
[loading ZipFileIndexFileObject[/root/.m2/repository/org/apache/tomcat/tomcat-servlet-api/9.0.12/tomcat-servlet-api-9.0.12.jar(javax/servlet/Filter.class)]]
[loading ZipFileIndexFileObject[/root/.m2/repository/org/apache/tomcat/tomcat-servlet-api/9.0.12/tomcat-servlet-api-9.0.12.jar(javax/servlet/ServletContext.class)]]
[loading ZipFileIndexFileObject[/root/.m2/repository/org/springframework/spring-web/5.1.5.RELEASE/spring-web-5.1.5.RELEASE.jar(org/springframework/web/context/AbstractContextLoaderInitializer.class)]]
[loading ZipFileIndexFileObject[/root/.m2/repository/org/springframework/spring-web/5.1.5.RELEASE/spring-web-5.1.5.RELEASE.jar(org/springframework/web/WebApplicationInitializer.class)]]
[loading ZipFileIndexFileObject[/root/.m2/repository/org/springframework/spring-jdbc/5.1.5.RELEASE/spring-jdbc-5.1.5.RELEASE.jar(org/springframework/jdbc/core/namedparam/BeanPropertySqlParameterSource.class)]]
[loading ZipFileIndexFileObject[/root/.m2/repository/org/springframework/spring-web/5.1.5.RELEASE/spring-web-5.1.5.RELEASE.jar(org/springframework/web/bind/annotation/ResponseBody.class)]]
[loading ZipFileIndexFileObject[/root/.m2/repository/org/springframework/spring-web/5.1.5.RELEASE/spring-web-5.1.5.RELEASE.jar(org/springframework/web/bind/annotation/ModelAttribute.class)]]
[loading ZipFileIndexFileObject[/usr/local/openjdk-8/lib/ct.sym(META-INF/sym/rt.jar/java/lang/annotation/Retention.class)]]
[loading ZipFileIndexFileObject[/usr/local/openjdk-8/lib/ct.sym(META-INF/sym/rt.jar/java/lang/annotation/RetentionPolicy.class)]]
[loading ZipFileIndexFileObject[/usr/local/openjdk-8/lib/ct.sym(META-INF/sym/rt.jar/java/lang/annotation/Target.class)]]
[loading ZipFileIndexFileObject[/usr/local/openjdk-8/lib/ct.sym(META-INF/sym/rt.jar/java/lang/annotation/ElementType.class)]]
[loading ZipFileIndexFileObject[/root/.m2/repository/org/springframework/spring-context/5.1.5.RELEASE/spring-context-5.1.5.RELEASE.jar(org/springframework/format/annotation/DateTimeFormat$ISO.class)]]
[loading ZipFileIndexFileObject[/usr/local/openjdk-8/lib/ct.sym(META-INF/sym/rt.jar/java/lang/annotation/Repeatable.class)]]
[loading ZipFileIndexFileObject[/root/.m2/repository/javax/persistence/javax.persistence-api/2.2/javax.persistence-api-2.2.jar(javax/persistence/ForeignKey.class)]]
[loading ZipFileIndexFileObject[/root/.m2/repository/javax/persistence/javax.persistence-api/2.2/javax.persistence-api-2.2.jar(javax/persistence/ConstraintMode.class)]]
[loading ZipFileIndexFileObject[/root/.m2/repository/javax/validation/validation-api/2.0.1.Final/validation-api-2.0.1.Final.jar(javax/validation/Constraint.class)]]
[loading ZipFileIndexFileObject[/usr/local/openjdk-8/lib/ct.sym(META-INF/sym/rt.jar/java/lang/annotation/Annotation.class)]]
[loading ZipFileIndexFileObject[/usr/local/openjdk-8/lib/ct.sym(META-INF/sym/rt.jar/java/lang/Override.class)]]
[loading ZipFileIndexFileObject[/root/.m2/repository/org/springframework/spring-core/5.1.5.RELEASE/spring-core-5.1.5.RELEASE.jar(org/springframework/core/annotation/AliasFor.class)]]
[loading ZipFileIndexFileObject[/root/.m2/repository/org/springframework/spring-tx/5.1.5.RELEASE/spring-tx-5.1.5.RELEASE.jar(org/springframework/transaction/annotation/Propagation.class)]]
[loading ZipFileIndexFileObject[/root/.m2/repository/org/springframework/spring-tx/5.1.5.RELEASE/spring-tx-5.1.5.RELEASE.jar(org/springframework/transaction/annotation/Isolation.class)]]
[loading ZipFileIndexFileObject[/root/.m2/repository/javax/persistence/javax.persistence-api/2.2/javax.persistence-api-2.2.jar(javax/persistence/PersistenceContextType.class)]]
[loading ZipFileIndexFileObject[/root/.m2/repository/javax/persistence/javax.persistence-api/2.2/javax.persistence-api-2.2.jar(javax/persistence/SynchronizationType.class)]]
[loading ZipFileIndexFileObject[/usr/local/openjdk-8/lib/ct.sym(META-INF/sym/rt.jar/java/lang/SuppressWarnings.class)]]
[checking org.springframework.samples.petclinic.model.Visit]
[loading ZipFileIndexFileObject[/usr/local/openjdk-8/lib/ct.sym(META-INF/sym/rt.jar/java/io/Serializable.class)]]
[loading ZipFileIndexFileObject[/usr/local/openjdk-8/lib/ct.sym(META-INF/sym/rt.jar/java/lang/AutoCloseable.class)]]
[loading ZipFileIndexFileObject[/usr/local/openjdk-8/lib/ct.sym(META-INF/sym/rt.jar/java/lang/Number.class)]]
[loading ZipFileIndexFileObject[/usr/local/openjdk-8/lib/ct.sym(META-INF/sym/rt.jar/java/time/temporal/Temporal.class)]]
[loading ZipFileIndexFileObject[/usr/local/openjdk-8/lib/ct.sym(META-INF/sym/rt.jar/java/time/temporal/TemporalAccessor.class)]]
[loading ZipFileIndexFileObject[/usr/local/openjdk-8/lib/ct.sym(META-INF/sym/rt.jar/java/time/temporal/TemporalAdjuster.class)]]
[loading ZipFileIndexFileObject[/usr/local/openjdk-8/lib/ct.sym(META-INF/sym/rt.jar/java/time/chrono/ChronoLocalDate.class)]]
[loading ZipFileIndexFileObject[/usr/local/openjdk-8/lib/ct.sym(META-INF/sym/rt.jar/java/lang/Comparable.class)]]
[checking org.springframework.samples.petclinic.model.BaseEntity]
[wrote RegularFileObject[/var/jenkins_home/workspace/petclinic-checkstyle/target/classes/org/springframework/samples/petclinic/model/Visit.class]]
[wrote RegularFileObject[/var/jenkins_home/workspace/petclinic-checkstyle/target/classes/org/springframework/samples/petclinic/model/BaseEntity.class]]
[checking org.springframework.samples.petclinic.model.Pet]
[loading ZipFileIndexFileObject[/usr/local/openjdk-8/lib/ct.sym(META-INF/sym/rt.jar/java/util/AbstractSet.class)]]
[loading ZipFileIndexFileObject[/usr/local/openjdk-8/lib/ct.sym(META-INF/sym/rt.jar/java/util/AbstractCollection.class)]]
[loading ZipFileIndexFileObject[/usr/local/openjdk-8/lib/ct.sym(META-INF/sym/rt.jar/java/lang/Iterable.class)]]
[loading ZipFileIndexFileObject[/usr/local/openjdk-8/lib/ct.sym(META-INF/sym/rt.jar/java/lang/Byte.class)]]
[loading ZipFileIndexFileObject[/usr/local/openjdk-8/lib/ct.sym(META-INF/sym/rt.jar/java/lang/Character.class)]]
[loading ZipFileIndexFileObject[/usr/local/openjdk-8/lib/ct.sym(META-INF/sym/rt.jar/java/lang/Short.class)]]
[loading ZipFileIndexFileObject[/usr/local/openjdk-8/lib/ct.sym(META-INF/sym/rt.jar/java/lang/Long.class)]]
[loading ZipFileIndexFileObject[/usr/local/openjdk-8/lib/ct.sym(META-INF/sym/rt.jar/java/lang/Float.class)]]
[loading ZipFileIndexFileObject[/usr/local/openjdk-8/lib/ct.sym(META-INF/sym/rt.jar/java/lang/Double.class)]]
[loading ZipFileIndexFileObject[/usr/local/openjdk-8/lib/ct.sym(META-INF/sym/rt.jar/java/lang/Boolean.class)]]
[loading ZipFileIndexFileObject[/usr/local/openjdk-8/lib/ct.sym(META-INF/sym/rt.jar/java/lang/Void.class)]]
[loading ZipFileIndexFileObject[/usr/local/openjdk-8/lib/ct.sym(META-INF/sym/rt.jar/java/util/AbstractList.class)]]
[loading ZipFileIndexFileObject[/root/.m2/repository/org/springframework/spring-beans/5.1.5.RELEASE/spring-beans-5.1.5.RELEASE.jar(org/springframework/beans/support/SortDefinition.class)]]
[loading ZipFileIndexFileObject[/usr/local/openjdk-8/lib/ct.sym(META-INF/sym/rt.jar/java/util/Comparator.class)]]
[loading ZipFileIndexFileObject[/usr/local/openjdk-8/lib/ct.sym(META-INF/sym/rt.jar/java/lang/Error.class)]]
[loading ZipFileIndexFileObject[/root/.m2/repository/org/springframework/spring-beans/5.1.5.RELEASE/spring-beans-5.1.5.RELEASE.jar(org/springframework/beans/BeansException.class)]]
[loading ZipFileIndexFileObject[/root/.m2/repository/org/springframework/spring-core/5.1.5.RELEASE/spring-core-5.1.5.RELEASE.jar(org/springframework/core/NestedRuntimeException.class)]]
[loading ZipFileIndexFileObject[/usr/local/openjdk-8/lib/ct.sym(META-INF/sym/rt.jar/java/lang/RuntimeException.class)]]
[loading ZipFileIndexFileObject[/usr/local/openjdk-8/lib/ct.sym(META-INF/sym/rt.jar/java/lang/Exception.class)]]
[checking org.springframework.samples.petclinic.model.NamedEntity]
[wrote RegularFileObject[/var/jenkins_home/workspace/petclinic-checkstyle/target/classes/org/springframework/samples/petclinic/model/Pet.class]]
[wrote RegularFileObject[/var/jenkins_home/workspace/petclinic-checkstyle/target/classes/org/springframework/samples/petclinic/model/NamedEntity.class]]
[checking org.springframework.samples.petclinic.model.PetType]
[wrote RegularFileObject[/var/jenkins_home/workspace/petclinic-checkstyle/target/classes/org/springframework/samples/petclinic/model/PetType.class]]
[checking org.springframework.samples.petclinic.model.Owner]
[loading ZipFileIndexFileObject[/usr/local/openjdk-8/lib/ct.sym(META-INF/sym/rt.jar/java/lang/CharSequence.class)]]
[checking org.springframework.samples.petclinic.model.Person]
[loading ZipFileIndexFileObject[/usr/local/openjdk-8/lib/ct.sym(META-INF/sym/rt.jar/java/util/Iterator.class)]]
[wrote RegularFileObject[/var/jenkins_home/workspace/petclinic-checkstyle/target/classes/org/springframework/samples/petclinic/model/Owner.class]]
[wrote RegularFileObject[/var/jenkins_home/workspace/petclinic-checkstyle/target/classes/org/springframework/samples/petclinic/model/Person.class]]
[checking org.springframework.samples.petclinic.repository.VisitRepository]
[wrote RegularFileObject[/var/jenkins_home/workspace/petclinic-checkstyle/target/classes/org/springframework/samples/petclinic/repository/VisitRepository.class]]
[checking org.springframework.samples.petclinic.repository.springdatajpa.SpringDataPetRepository]
[wrote RegularFileObject[/var/jenkins_home/workspace/petclinic-checkstyle/target/classes/org/springframework/samples/petclinic/repository/springdatajpa/SpringDataPetRepository.class]]
[checking org.springframework.samples.petclinic.repository.PetRepository]
[wrote RegularFileObject[/var/jenkins_home/workspace/petclinic-checkstyle/target/classes/org/springframework/samples/petclinic/repository/PetRepository.class]]
[checking org.springframework.samples.petclinic.service.ClinicServiceImpl]
[wrote RegularFileObject[/var/jenkins_home/workspace/petclinic-checkstyle/target/classes/org/springframework/samples/petclinic/service/ClinicServiceImpl.class]]
[checking org.springframework.samples.petclinic.service.ClinicService]
[wrote RegularFileObject[/var/jenkins_home/workspace/petclinic-checkstyle/target/classes/org/springframework/samples/petclinic/service/ClinicService.class]]
[checking org.springframework.samples.petclinic.repository.VetRepository]
[wrote RegularFileObject[/var/jenkins_home/workspace/petclinic-checkstyle/target/classes/org/springframework/samples/petclinic/repository/VetRepository.class]]
[checking org.springframework.samples.petclinic.repository.OwnerRepository]
[wrote RegularFileObject[/var/jenkins_home/workspace/petclinic-checkstyle/target/classes/org/springframework/samples/petclinic/repository/OwnerRepository.class]]
[checking org.springframework.samples.petclinic.model.Vet]
[wrote RegularFileObject[/var/jenkins_home/workspace/petclinic-checkstyle/target/classes/org/springframework/samples/petclinic/model/Vet.class]]
[checking org.springframework.samples.petclinic.model.Specialty]
[wrote RegularFileObject[/var/jenkins_home/workspace/petclinic-checkstyle/target/classes/org/springframework/samples/petclinic/model/Specialty.class]]
[checking org.springframework.samples.petclinic.repository.jdbc.JdbcPetVisitExtractor]
[loading ZipFileIndexFileObject[/usr/local/openjdk-8/lib/ct.sym(META-INF/sym/rt.jar/java/sql/Wrapper.class)]]
[wrote RegularFileObject[/var/jenkins_home/workspace/petclinic-checkstyle/target/classes/org/springframework/samples/petclinic/repository/jdbc/JdbcPetVisitExtractor.class]]
[checking org.springframework.samples.petclinic.repository.jdbc.JdbcPet]
[wrote RegularFileObject[/var/jenkins_home/workspace/petclinic-checkstyle/target/classes/org/springframework/samples/petclinic/repository/jdbc/JdbcPet.class]]
[checking org.springframework.samples.petclinic.util.EntityUtils]
[loading ZipFileIndexFileObject[/root/.m2/repository/org/springframework/spring-tx/5.1.5.RELEASE/spring-tx-5.1.5.RELEASE.jar(org/springframework/dao/DataRetrievalFailureException.class)]]
[loading ZipFileIndexFileObject[/root/.m2/repository/org/springframework/spring-tx/5.1.5.RELEASE/spring-tx-5.1.5.RELEASE.jar(org/springframework/dao/NonTransientDataAccessException.class)]]
[loading ZipFileIndexFileObject[/usr/local/openjdk-8/lib/ct.sym(META-INF/sym/rt.jar/java/lang/reflect/GenericDeclaration.class)]]
[loading ZipFileIndexFileObject[/usr/local/openjdk-8/lib/ct.sym(META-INF/sym/rt.jar/java/lang/reflect/AnnotatedElement.class)]]
[loading ZipFileIndexFileObject[/usr/local/openjdk-8/lib/ct.sym(META-INF/sym/rt.jar/java/lang/reflect/Type.class)]]
[wrote RegularFileObject[/var/jenkins_home/workspace/petclinic-checkstyle/target/classes/org/springframework/samples/petclinic/util/EntityUtils.class]]
[checking org.springframework.samples.petclinic.repository.jdbc.JdbcVetRepositoryImpl]
[loading ZipFileIndexFileObject[/root/.m2/repository/org/springframework/spring-jdbc/5.1.5.RELEASE/spring-jdbc-5.1.5.RELEASE.jar(org/springframework/jdbc/core/JdbcOperations.class)]]
[loading ZipFileIndexFileObject[/root/.m2/repository/org/springframework/spring-jdbc/5.1.5.RELEASE/spring-jdbc-5.1.5.RELEASE.jar(org/springframework/jdbc/support/JdbcAccessor.class)]]
[loading ZipFileIndexFileObject[/root/.m2/repository/org/springframework/spring-beans/5.1.5.RELEASE/spring-beans-5.1.5.RELEASE.jar(org/springframework/beans/factory/InitializingBean.class)]]
[loading ZipFileIndexFileObject[/root/.m2/repository/org/springframework/spring-jdbc/5.1.5.RELEASE/spring-jdbc-5.1.5.RELEASE.jar(org/springframework/jdbc/core/PreparedStatementCreator.class)]]
[loading ZipFileIndexFileObject[/root/.m2/repository/org/springframework/spring-jdbc/5.1.5.RELEASE/spring-jdbc-5.1.5.RELEASE.jar(org/springframework/jdbc/core/RowCallbackHandler.class)]]
[loading ZipFileIndexFileObject[/root/.m2/repository/org/springframework/spring-jdbc/5.1.5.RELEASE/spring-jdbc-5.1.5.RELEASE.jar(org/springframework/jdbc/core/PreparedStatementSetter.class)]]
[wrote RegularFileObject[/var/jenkins_home/workspace/petclinic-checkstyle/target/classes/org/springframework/samples/petclinic/repository/jdbc/JdbcVetRepositoryImpl$1.class]]
[wrote RegularFileObject[/var/jenkins_home/workspace/petclinic-checkstyle/target/classes/org/springframework/samples/petclinic/repository/jdbc/JdbcVetRepositoryImpl.class]]
[checking org.springframework.samples.petclinic.repository.jdbc.JdbcVisitRepositoryImpl]
[loading ZipFileIndexFileObject[/usr/local/openjdk-8/lib/ct.sym(META-INF/sym/rt.jar/javax/sql/CommonDataSource.class)]]
[loading ZipFileIndexFileObject[/root/.m2/repository/org/springframework/spring-jdbc/5.1.5.RELEASE/spring-jdbc-5.1.5.RELEASE.jar(org/springframework/jdbc/core/simple/SimpleJdbcInsertOperations.class)]]
[loading ZipFileIndexFileObject[/root/.m2/repository/org/springframework/spring-jdbc/5.1.5.RELEASE/spring-jdbc-5.1.5.RELEASE.jar(org/springframework/jdbc/core/simple/AbstractJdbcInsert.class)]]
[loading ZipFileIndexFileObject[/root/.m2/repository/org/springframework/spring-jdbc/5.1.5.RELEASE/spring-jdbc-5.1.5.RELEASE.jar(org/springframework/jdbc/core/namedparam/AbstractSqlParameterSource.class)]]
[loading ZipFileIndexFileObject[/root/.m2/repository/org/springframework/spring-jdbc/5.1.5.RELEASE/spring-jdbc-5.1.5.RELEASE.jar(org/springframework/jdbc/core/namedparam/SqlParameterSource.class)]]
[loading ZipFileIndexFileObject[/usr/local/openjdk-8/lib/ct.sym(META-INF/sym/rt.jar/java/lang/UnsupportedOperationException.class)]]
[loading ZipFileIndexFileObject[/usr/local/openjdk-8/lib/ct.sym(META-INF/sym/rt.jar/java/util/AbstractMap.class)]]
[loading ZipFileIndexFileObject[/root/.m2/repository/org/springframework/spring-jdbc/5.1.5.RELEASE/spring-jdbc-5.1.5.RELEASE.jar(org/springframework/jdbc/core/namedparam/NamedParameterJdbcOperations.class)]]
[wrote RegularFileObject[/var/jenkins_home/workspace/petclinic-checkstyle/target/classes/org/springframework/samples/petclinic/repository/jdbc/JdbcVisitRepositoryImpl.class]]
[checking org.springframework.samples.petclinic.repository.jpa.JpaOwnerRepositoryImpl]
[loading ZipFileIndexFileObject[/root/.m2/repository/javax/persistence/javax.persistence-api/2.2/javax.persistence-api-2.2.jar(javax/persistence/TypedQuery.class)]]
[loading ZipFileIndexFileObject[/root/.m2/repository/javax/persistence/javax.persistence-api/2.2/javax.persistence-api-2.2.jar(javax/persistence/criteria/CriteriaDelete.class)]]
[loading ZipFileIndexFileObject[/root/.m2/repository/javax/persistence/javax.persistence-api/2.2/javax.persistence-api-2.2.jar(javax/persistence/criteria/CriteriaUpdate.class)]]
[loading ZipFileIndexFileObject[/root/.m2/repository/javax/persistence/javax.persistence-api/2.2/javax.persistence-api-2.2.jar(javax/persistence/criteria/CriteriaQuery.class)]]
[loading ZipFileIndexFileObject[/root/.m2/repository/javax/persistence/javax.persistence-api/2.2/javax.persistence-api-2.2.jar(javax/persistence/Parameter.class)]]
[loading ZipFileIndexFileObject[/usr/local/openjdk-8/lib/ct.sym(META-INF/sym/rt.jar/java/lang/StringBuilder.class)]]
[loading ZipFileIndexFileObject[/usr/local/openjdk-8/lib/ct.sym(META-INF/sym/rt.jar/java/lang/AbstractStringBuilder.class)]]
[loading ZipFileIndexFileObject[/usr/local/openjdk-8/lib/ct.sym(META-INF/sym/rt.jar/java/lang/Appendable.class)]]
[loading ZipFileIndexFileObject[/usr/local/openjdk-8/lib/ct.sym(META-INF/sym/rt.jar/java/lang/StringBuffer.class)]]
[wrote RegularFileObject[/var/jenkins_home/workspace/petclinic-checkstyle/target/classes/org/springframework/samples/petclinic/repository/jpa/JpaOwnerRepositoryImpl.class]]
[checking org.springframework.samples.petclinic.repository.jpa.JpaVisitRepositoryImpl]
[wrote RegularFileObject[/var/jenkins_home/workspace/petclinic-checkstyle/target/classes/org/springframework/samples/petclinic/repository/jpa/JpaVisitRepositoryImpl.class]]
[checking org.springframework.samples.petclinic.web.OwnerController]
[loading ZipFileIndexFileObject[/root/.m2/repository/org/springframework/spring-context/5.1.5.RELEASE/spring-context-5.1.5.RELEASE.jar(org/springframework/validation/DataBinder.class)]]
[loading ZipFileIndexFileObject[/root/.m2/repository/org/springframework/spring-beans/5.1.5.RELEASE/spring-beans-5.1.5.RELEASE.jar(org/springframework/beans/PropertyEditorRegistry.class)]]
[loading ZipFileIndexFileObject[/root/.m2/repository/org/springframework/spring-beans/5.1.5.RELEASE/spring-beans-5.1.5.RELEASE.jar(org/springframework/beans/TypeConverter.class)]]
[loading ZipFileIndexFileObject[/root/.m2/repository/org/springframework/spring-webmvc/5.1.5.RELEASE/spring-webmvc-5.1.5.RELEASE.jar(org/springframework/web/servlet/View.class)]]
[wrote RegularFileObject[/var/jenkins_home/workspace/petclinic-checkstyle/target/classes/org/springframework/samples/petclinic/web/OwnerController.class]]
[checking org.springframework.samples.petclinic.repository.jdbc.JdbcPetRepositoryImpl]
[loading ZipFileIndexFileObject[/root/.m2/repository/org/springframework/spring-tx/5.1.5.RELEASE/spring-tx-5.1.5.RELEASE.jar(org/springframework/dao/IncorrectResultSizeDataAccessException.class)]]
[wrote RegularFileObject[/var/jenkins_home/workspace/petclinic-checkstyle/target/classes/org/springframework/samples/petclinic/repository/jdbc/JdbcPetRepositoryImpl.class]]
[checking org.springframework.samples.petclinic.repository.springdatajpa.SpringDataVetRepository]
[wrote RegularFileObject[/var/jenkins_home/workspace/petclinic-checkstyle/target/classes/org/springframework/samples/petclinic/repository/springdatajpa/SpringDataVetRepository.class]]
[checking org.springframework.samples.petclinic.web.PetController]
[loading ZipFileIndexFileObject[/usr/local/openjdk-8/lib/ct.sym(META-INF/sym/rt.jar/java/util/LinkedHashMap.class)]]
[loading ZipFileIndexFileObject[/usr/local/openjdk-8/lib/ct.sym(META-INF/sym/rt.jar/java/lang/Cloneable.class)]]
[wrote RegularFileObject[/var/jenkins_home/workspace/petclinic-checkstyle/target/classes/org/springframework/samples/petclinic/web/PetController.class]]
[checking org.springframework.samples.petclinic.repository.springdatajpa.SpringDataOwnerRepository]
[wrote RegularFileObject[/var/jenkins_home/workspace/petclinic-checkstyle/target/classes/org/springframework/samples/petclinic/repository/springdatajpa/SpringDataOwnerRepository.class]]
[checking org.springframework.samples.petclinic.web.PetTypeFormatter]
[wrote RegularFileObject[/var/jenkins_home/workspace/petclinic-checkstyle/target/classes/org/springframework/samples/petclinic/web/PetTypeFormatter.class]]
[checking org.springframework.samples.petclinic.web.CrashController]
[wrote RegularFileObject[/var/jenkins_home/workspace/petclinic-checkstyle/target/classes/org/springframework/samples/petclinic/web/CrashController.class]]
[checking org.springframework.samples.petclinic.repository.jdbc.JdbcVisitRowMapper]
[wrote RegularFileObject[/var/jenkins_home/workspace/petclinic-checkstyle/target/classes/org/springframework/samples/petclinic/repository/jdbc/JdbcVisitRowMapper.class]]
[checking org.springframework.samples.petclinic.repository.jpa.JpaVetRepositoryImpl]
[wrote RegularFileObject[/var/jenkins_home/workspace/petclinic-checkstyle/target/classes/org/springframework/samples/petclinic/repository/jpa/JpaVetRepositoryImpl.class]]
[checking org.springframework.samples.petclinic.web.PetValidator]
[wrote RegularFileObject[/var/jenkins_home/workspace/petclinic-checkstyle/target/classes/org/springframework/samples/petclinic/web/PetValidator.class]]
[checking org.springframework.samples.petclinic.model.Vets]
[wrote RegularFileObject[/var/jenkins_home/workspace/petclinic-checkstyle/target/classes/org/springframework/samples/petclinic/model/Vets.class]]
[checking org.springframework.samples.petclinic.util.CallMonitoringAspect]
[loading ZipFileIndexFileObject[/root/.m2/repository/org/aspectj/aspectjrt/1.9.1/aspectjrt-1.9.1.jar(org/aspectj/lang/JoinPoint.class)]]
[loading ZipFileIndexFileObject[/usr/local/openjdk-8/lib/ct.sym(META-INF/sym/rt.jar/java/lang/IllegalStateException.class)]]
[wrote RegularFileObject[/var/jenkins_home/workspace/petclinic-checkstyle/target/classes/org/springframework/samples/petclinic/util/CallMonitoringAspect.class]]
[checking org.springframework.samples.petclinic.PetclinicInitializer]
[loading ZipFileIndexFileObject[/root/.m2/repository/org/apache/tomcat/tomcat-servlet-api/9.0.12/tomcat-servlet-api-9.0.12.jar(javax/servlet/ServletException.class)]]
[loading ZipFileIndexFileObject[/root/.m2/repository/org/springframework/spring-web/5.1.5.RELEASE/spring-web-5.1.5.RELEASE.jar(org/springframework/web/context/support/AbstractRefreshableWebApplicationContext.class)]]
[loading ZipFileIndexFileObject[/root/.m2/repository/org/springframework/spring-web/5.1.5.RELEASE/spring-web-5.1.5.RELEASE.jar(org/springframework/web/context/ConfigurableWebApplicationContext.class)]]
[loading ZipFileIndexFileObject[/root/.m2/repository/org/springframework/spring-context/5.1.5.RELEASE/spring-context-5.1.5.RELEASE.jar(org/springframework/context/ApplicationContext.class)]]
[loading ZipFileIndexFileObject[/root/.m2/repository/org/springframework/spring-core/5.1.5.RELEASE/spring-core-5.1.5.RELEASE.jar(org/springframework/core/env/EnvironmentCapable.class)]]
[loading ZipFileIndexFileObject[/root/.m2/repository/org/springframework/spring-beans/5.1.5.RELEASE/spring-beans-5.1.5.RELEASE.jar(org/springframework/beans/factory/ListableBeanFactory.class)]]
[loading ZipFileIndexFileObject[/root/.m2/repository/org/springframework/spring-beans/5.1.5.RELEASE/spring-beans-5.1.5.RELEASE.jar(org/springframework/beans/factory/BeanFactory.class)]]
[loading ZipFileIndexFileObject[/root/.m2/repository/org/springframework/spring-beans/5.1.5.RELEASE/spring-beans-5.1.5.RELEASE.jar(org/springframework/beans/factory/HierarchicalBeanFactory.class)]]
[loading ZipFileIndexFileObject[/root/.m2/repository/org/springframework/spring-context/5.1.5.RELEASE/spring-context-5.1.5.RELEASE.jar(org/springframework/context/MessageSource.class)]]
[loading ZipFileIndexFileObject[/root/.m2/repository/org/springframework/spring-context/5.1.5.RELEASE/spring-context-5.1.5.RELEASE.jar(org/springframework/context/ApplicationEventPublisher.class)]]
[loading ZipFileIndexFileObject[/root/.m2/repository/org/springframework/spring-core/5.1.5.RELEASE/spring-core-5.1.5.RELEASE.jar(org/springframework/core/io/support/ResourcePatternResolver.class)]]
[loading ZipFileIndexFileObject[/root/.m2/repository/org/springframework/spring-core/5.1.5.RELEASE/spring-core-5.1.5.RELEASE.jar(org/springframework/core/io/ResourceLoader.class)]]
[loading ZipFileIndexFileObject[/root/.m2/repository/org/springframework/spring-context/5.1.5.RELEASE/spring-context-5.1.5.RELEASE.jar(org/springframework/context/ConfigurableApplicationContext.class)]]
[loading ZipFileIndexFileObject[/root/.m2/repository/org/springframework/spring-context/5.1.5.RELEASE/spring-context-5.1.5.RELEASE.jar(org/springframework/context/Lifecycle.class)]]
[loading ZipFileIndexFileObject[/usr/local/openjdk-8/lib/ct.sym(META-INF/sym/rt.jar/java/io/Closeable.class)]]
[loading ZipFileIndexFileObject[/root/.m2/repository/org/springframework/spring-context/5.1.5.RELEASE/spring-context-5.1.5.RELEASE.jar(org/springframework/ui/context/ThemeSource.class)]]
[loading ZipFileIndexFileObject[/root/.m2/repository/org/springframework/spring-context/5.1.5.RELEASE/spring-context-5.1.5.RELEASE.jar(org/springframework/context/support/AbstractRefreshableConfigApplicationContext.class)]]
[loading ZipFileIndexFileObject[/root/.m2/repository/org/springframework/spring-beans/5.1.5.RELEASE/spring-beans-5.1.5.RELEASE.jar(org/springframework/beans/factory/BeanNameAware.class)]]
[loading ZipFileIndexFileObject[/root/.m2/repository/org/springframework/spring-beans/5.1.5.RELEASE/spring-beans-5.1.5.RELEASE.jar(org/springframework/beans/factory/Aware.class)]]
[loading ZipFileIndexFileObject[/root/.m2/repository/org/springframework/spring-context/5.1.5.RELEASE/spring-context-5.1.5.RELEASE.jar(org/springframework/context/support/AbstractRefreshableApplicationContext.class)]]
[loading ZipFileIndexFileObject[/root/.m2/repository/org/springframework/spring-context/5.1.5.RELEASE/spring-context-5.1.5.RELEASE.jar(org/springframework/context/support/AbstractApplicationContext.class)]]
[loading ZipFileIndexFileObject[/root/.m2/repository/org/springframework/spring-core/5.1.5.RELEASE/spring-core-5.1.5.RELEASE.jar(org/springframework/core/io/DefaultResourceLoader.class)]]
[loading ZipFileIndexFileObject[/root/.m2/repository/org/springframework/spring-core/5.1.5.RELEASE/spring-core-5.1.5.RELEASE.jar(org/springframework/core/env/ConfigurableEnvironment.class)]]
[loading ZipFileIndexFileObject[/root/.m2/repository/org/springframework/spring-core/5.1.5.RELEASE/spring-core-5.1.5.RELEASE.jar(org/springframework/core/env/Environment.class)]]
[loading ZipFileIndexFileObject[/root/.m2/repository/org/springframework/spring-core/5.1.5.RELEASE/spring-core-5.1.5.RELEASE.jar(org/springframework/core/env/PropertyResolver.class)]]
[loading ZipFileIndexFileObject[/root/.m2/repository/org/springframework/spring-core/5.1.5.RELEASE/spring-core-5.1.5.RELEASE.jar(org/springframework/core/env/ConfigurablePropertyResolver.class)]]
[loading ZipFileIndexFileObject[/root/.m2/repository/org/springframework/spring-web/5.1.5.RELEASE/spring-web-5.1.5.RELEASE.jar(org/springframework/web/filter/OncePerRequestFilter.class)]]
[loading ZipFileIndexFileObject[/root/.m2/repository/org/springframework/spring-web/5.1.5.RELEASE/spring-web-5.1.5.RELEASE.jar(org/springframework/web/filter/GenericFilterBean.class)]]
[wrote RegularFileObject[/var/jenkins_home/workspace/petclinic-checkstyle/target/classes/org/springframework/samples/petclinic/PetclinicInitializer.class]]
[checking org.springframework.samples.petclinic.repository.jdbc.JdbcOwnerRepositoryImpl]
[wrote RegularFileObject[/var/jenkins_home/workspace/petclinic-checkstyle/target/classes/org/springframework/samples/petclinic/repository/jdbc/JdbcOwnerRepositoryImpl.class]]
[checking org.springframework.samples.petclinic.repository.springdatajpa.SpringDataVisitRepository]
[wrote RegularFileObject[/var/jenkins_home/workspace/petclinic-checkstyle/target/classes/org/springframework/samples/petclinic/repository/springdatajpa/SpringDataVisitRepository.class]]
[checking org.springframework.samples.petclinic.web.VetController]
[wrote RegularFileObject[/var/jenkins_home/workspace/petclinic-checkstyle/target/classes/org/springframework/samples/petclinic/web/VetController.class]]
[checking org.springframework.samples.petclinic.repository.jdbc.JdbcPetRowMapper]
[wrote RegularFileObject[/var/jenkins_home/workspace/petclinic-checkstyle/target/classes/org/springframework/samples/petclinic/repository/jdbc/JdbcPetRowMapper.class]]
[checking org.springframework.samples.petclinic.repository.jpa.JpaPetRepositoryImpl]
[wrote RegularFileObject[/var/jenkins_home/workspace/petclinic-checkstyle/target/classes/org/springframework/samples/petclinic/repository/jpa/JpaPetRepositoryImpl.class]]
[checking org.springframework.samples.petclinic.web.VisitController]
[wrote RegularFileObject[/var/jenkins_home/workspace/petclinic-checkstyle/target/classes/org/springframework/samples/petclinic/web/VisitController.class]]
[total 1048ms]
[INFO] 
[8mha:////4HT8YC5i/1cX2t+5WWhd4iqO+s7pzjULqQvoz1ptiER4AAAAYB+LCAAAAAAAAP9b85aBtbiIQSmjNKU4P0+vJLE4u1gvPjexLDVPzxdEGvvmZ+X75ZekLlOVfvTjc8FPJgaGiiIGKaiG5Py84vycVD1nCA1SyAABjCCFBQCV27OjYAAAAA==[0m[INFO] --- maven-resources-plugin:2.4:testResources (default-testResources) @ spring-framework-petclinic ---
[INFO] Using 'UTF-8' encoding to copy filtered resources.
[INFO] Copying 11 resources
[INFO] Copying 1 resource
[INFO] 
[8mha:////4HT8YC5i/1cX2t+5WWhd4iqO+s7pzjULqQvoz1ptiER4AAAAYB+LCAAAAAAAAP9b85aBtbiIQSmjNKU4P0+vJLE4u1gvPjexLDVPzxdEGvvmZ+X75ZekLlOVfvTjc8FPJgaGiiIGKaiG5Py84vycVD1nCA1SyAABjCCFBQCV27OjYAAAAA==[0m[INFO] --- maven-compiler-plugin:3.0:testCompile (default-testCompile) @ spring-framework-petclinic ---
[INFO] Changes detected - recompiling the module!
[INFO] Compiling 11 source files to /var/jenkins_home/workspace/petclinic-checkstyle/target/test-classes
[parsing started RegularFileObject[/var/jenkins_home/workspace/petclinic-checkstyle/src/test/java/org/springframework/samples/petclinic/web/VetControllerTests.java]]
[parsing completed 3ms]
[parsing started RegularFileObject[/var/jenkins_home/workspace/petclinic-checkstyle/src/test/java/org/springframework/samples/petclinic/model/ValidatorTests.java]]
[parsing completed 1ms]
[parsing started RegularFileObject[/var/jenkins_home/workspace/petclinic-checkstyle/src/test/java/org/springframework/samples/petclinic/service/AbstractClinicServiceTests.java]]
[parsing completed 13ms]
[parsing started RegularFileObject[/var/jenkins_home/workspace/petclinic-checkstyle/src/test/java/org/springframework/samples/petclinic/web/PetTypeFormatterTests.java]]
[parsing completed 1ms]
[parsing started RegularFileObject[/var/jenkins_home/workspace/petclinic-checkstyle/src/test/java/org/springframework/samples/petclinic/service/ClinicServiceSpringDataJpaTests.java]]
[parsing completed 0ms]
[parsing started RegularFileObject[/var/jenkins_home/workspace/petclinic-checkstyle/src/test/java/org/springframework/samples/petclinic/web/PetControllerTests.java]]
[parsing completed 1ms]
[parsing started RegularFileObject[/var/jenkins_home/workspace/petclinic-checkstyle/src/test/java/org/springframework/samples/petclinic/service/ClinicServiceJpaTests.java]]
[parsing completed 0ms]
[parsing started RegularFileObject[/var/jenkins_home/workspace/petclinic-checkstyle/src/test/java/org/springframework/samples/petclinic/web/OwnerControllerTests.java]]
[parsing completed 1ms]
[parsing started RegularFileObject[/var/jenkins_home/workspace/petclinic-checkstyle/src/test/java/org/springframework/samples/petclinic/web/VisitControllerTests.java]]
[parsing completed 1ms]
[parsing started RegularFileObject[/var/jenkins_home/workspace/petclinic-checkstyle/src/test/java/org/springframework/samples/petclinic/service/ClinicServiceJdbcTests.java]]
[parsing completed 1ms]
[parsing started RegularFileObject[/var/jenkins_home/workspace/petclinic-checkstyle/src/test/java/org/springframework/samples/petclinic/web/CrashControllerTests.java]]
[parsing completed 0ms]
[search path for source files: /var/jenkins_home/workspace/petclinic-checkstyle/src/test/java]
[search path for class files: /usr/local/openjdk-8/jre/lib/resources.jar,/usr/local/openjdk-8/jre/lib/rt.jar,/usr/local/openjdk-8/jre/lib/sunrsasign.jar,/usr/local/openjdk-8/jre/lib/jsse.jar,/usr/local/openjdk-8/jre/lib/jce.jar,/usr/local/openjdk-8/jre/lib/charsets.jar,/usr/local/openjdk-8/jre/lib/jfr.jar,/usr/local/openjdk-8/jre/classes,/usr/local/openjdk-8/jre/lib/ext/cldrdata.jar,/usr/local/openjdk-8/jre/lib/ext/dnsns.jar,/usr/local/openjdk-8/jre/lib/ext/jaccess.jar,/usr/local/openjdk-8/jre/lib/ext/localedata.jar,/usr/local/openjdk-8/jre/lib/ext/nashorn.jar,/usr/local/openjdk-8/jre/lib/ext/sunec.jar,/usr/local/openjdk-8/jre/lib/ext/sunjce_provider.jar,/usr/local/openjdk-8/jre/lib/ext/sunpkcs11.jar,/usr/local/openjdk-8/jre/lib/ext/zipfs.jar,/var/jenkins_home/workspace/petclinic-checkstyle/target/test-classes,/var/jenkins_home/workspace/petclinic-checkstyle/target/classes,/root/.m2/repository/org/apache/tomcat/tomcat-servlet-api/9.0.12/tomcat-servlet-api-9.0.12.jar,/root/.m2/repository/org/apache/tomcat/tomcat-jasper-el/9.0.12/tomcat-jasper-el-9.0.12.jar,/root/.m2/repository/org/apache/tomcat/tomcat-el-api/9.0.12/tomcat-el-api-9.0.12.jar,/root/.m2/repository/javax/servlet/jsp/jstl/javax.servlet.jsp.jstl-api/1.2.2/javax.servlet.jsp.jstl-api-1.2.2.jar,/root/.m2/repository/org/apache/taglibs/taglibs-standard-jstlel/1.2.5/taglibs-standard-jstlel-1.2.5.jar,/root/.m2/repository/org/apache/taglibs/taglibs-standard-spec/1.2.5/taglibs-standard-spec-1.2.5.jar,/root/.m2/repository/org/apache/taglibs/taglibs-standard-impl/1.2.5/taglibs-standard-impl-1.2.5.jar,/root/.m2/repository/com/fasterxml/jackson/core/jackson-core/2.9.7/jackson-core-2.9.7.jar,/root/.m2/repository/com/fasterxml/jackson/core/jackson-databind/2.9.7/jackson-databind-2.9.7.jar,/root/.m2/repository/com/fasterxml/jackson/core/jackson-annotations/2.9.0/jackson-annotations-2.9.0.jar,/root/.m2/repository/com/jayway/jsonpath/json-path/2.4.0/json-path-2.4.0.jar,/root/.m2/repository/net/minidev/json-smart/2.3/json-smart-2.3.jar,/root/.m2/repository/net/minidev/accessors-smart/1.2/accessors-smart-1.2.jar,/root/.m2/repository/org/ow2/asm/asm/5.0.4/asm-5.0.4.jar,/root/.m2/repository/org/springframework/data/spring-data-jpa/2.1.5.RELEASE/spring-data-jpa-2.1.5.RELEASE.jar,/root/.m2/repository/org/springframework/data/spring-data-commons/2.1.5.RELEASE/spring-data-commons-2.1.5.RELEASE.jar,/root/.m2/repository/org/springframework/spring-orm/5.1.5.RELEASE/spring-orm-5.1.5.RELEASE.jar,/root/.m2/repository/org/springframework/spring-context/5.1.5.RELEASE/spring-context-5.1.5.RELEASE.jar,/root/.m2/repository/org/springframework/spring-aop/5.1.5.RELEASE/spring-aop-5.1.5.RELEASE.jar,/root/.m2/repository/org/springframework/spring-tx/5.1.5.RELEASE/spring-tx-5.1.5.RELEASE.jar,/root/.m2/repository/org/springframework/spring-beans/5.1.5.RELEASE/spring-beans-5.1.5.RELEASE.jar,/root/.m2/repository/org/springframework/spring-core/5.1.5.RELEASE/spring-core-5.1.5.RELEASE.jar,/root/.m2/repository/org/springframework/spring-jcl/5.1.5.RELEASE/spring-jcl-5.1.5.RELEASE.jar,/root/.m2/repository/org/springframework/data/spring-data-jdbc-core/2.0.0.M1/spring-data-jdbc-core-2.0.0.M1.jar,/root/.m2/repository/org/springframework/retry/spring-retry/1.1.2.RELEASE/spring-retry-1.1.2.RELEASE.jar,/root/.m2/repository/org/springframework/spring-jdbc/5.1.5.RELEASE/spring-jdbc-5.1.5.RELEASE.jar,/root/.m2/repository/org/springframework/spring-webmvc/5.1.5.RELEASE/spring-webmvc-5.1.5.RELEASE.jar,/root/.m2/repository/org/springframework/spring-expression/5.1.5.RELEASE/spring-expression-5.1.5.RELEASE.jar,/root/.m2/repository/org/springframework/spring-web/5.1.5.RELEASE/spring-web-5.1.5.RELEASE.jar,/root/.m2/repository/org/springframework/spring-context-support/5.1.5.RELEASE/spring-context-support-5.1.5.RELEASE.jar,/root/.m2/repository/org/springframework/spring-oxm/5.1.5.RELEASE/spring-oxm-5.1.5.RELEASE.jar,/root/.m2/repository/org/aspectj/aspectjrt/1.9.1/aspectjrt-1.9.1.jar,/root/.m2/repository/org/aspectj/aspectjweaver/1.9.1/aspectjweaver-1.9.1.jar,/root/.m2/repository/org/apache/tomcat/tomcat-jdbc/9.0.12/tomcat-jdbc-9.0.12.jar,/root/.m2/repository/org/apache/tomcat/tomcat-juli/9.0.12/tomcat-juli-9.0.12.jar,/root/.m2/repository/org/slf4j/slf4j-api/1.7.25/slf4j-api-1.7.25.jar,/root/.m2/repository/ch/qos/logback/logback-classic/1.2.3/logback-classic-1.2.3.jar,/root/.m2/repository/ch/qos/logback/logback-core/1.2.3/logback-core-1.2.3.jar,/root/.m2/repository/org/hibernate/hibernate-entitymanager/5.3.7.Final/hibernate-entitymanager-5.3.7.Final.jar,/root/.m2/repository/org/jboss/logging/jboss-logging/3.3.2.Final/jboss-logging-3.3.2.Final.jar,/root/.m2/repository/org/hibernate/hibernate-core/5.3.7.Final/hibernate-core-5.3.7.Final.jar,/root/.m2/repository/org/javassist/javassist/3.23.1-GA/javassist-3.23.1-GA.jar,/root/.m2/repository/antlr/antlr/2.7.7/antlr-2.7.7.jar,/root/.m2/repository/org/jboss/jandex/2.0.5.Final/jandex-2.0.5.Final.jar,/root/.m2/repository/javax/activation/javax.activation-api/1.2.0/javax.activation-api-1.2.0.jar,/root/.m2/repository/org/dom4j/dom4j/2.1.1/dom4j-2.1.1.jar,/root/.m2/repository/org/hibernate/common/hibernate-commons-annotations/5.0.4.Final/hibernate-commons-annotations-5.0.4.Final.jar,/root/.m2/repository/javax/persistence/javax.persistence-api/2.2/javax.persistence-api-2.2.jar,/root/.m2/repository/net/bytebuddy/byte-buddy/1.8.17/byte-buddy-1.8.17.jar,/root/.m2/repository/org/jboss/spec/javax/transaction/jboss-transaction-api_1.2_spec/1.1.1.Final/jboss-transaction-api_1.2_spec-1.1.1.Final.jar,/root/.m2/repository/org/hibernate/validator/hibernate-validator/6.0.14.Final/hibernate-validator-6.0.14.Final.jar,/root/.m2/repository/javax/validation/validation-api/2.0.1.Final/validation-api-2.0.1.Final.jar,/root/.m2/repository/com/fasterxml/classmate/1.3.4/classmate-1.3.4.jar,/root/.m2/repository/org/hibernate/hibernate-ehcache/5.3.7.Final/hibernate-ehcache-5.3.7.Final.jar,/root/.m2/repository/net/sf/ehcache/ehcache/2.10.3/ehcache-2.10.3.jar,/root/.m2/repository/org/webjars/jquery/2.2.4/jquery-2.2.4.jar,/root/.m2/repository/org/webjars/jquery-ui/1.11.4/jquery-ui-1.11.4.jar,/root/.m2/repository/org/webjars/bootstrap/3.3.6/bootstrap-3.3.6.jar,/root/.m2/repository/org/springframework/spring-test/5.1.5.RELEASE/spring-test-5.1.5.RELEASE.jar,/root/.m2/repository/org/junit/jupiter/junit-jupiter-engine/5.3.2/junit-jupiter-engine-5.3.2.jar,/root/.m2/repository/org/apiguardian/apiguardian-api/1.0.0/apiguardian-api-1.0.0.jar,/root/.m2/repository/org/junit/platform/junit-platform-engine/1.3.2/junit-platform-engine-1.3.2.jar,/root/.m2/repository/org/junit/platform/junit-platform-commons/1.3.2/junit-platform-commons-1.3.2.jar,/root/.m2/repository/org/opentest4j/opentest4j/1.1.1/opentest4j-1.1.1.jar,/root/.m2/repository/org/junit/jupiter/junit-jupiter-api/5.3.2/junit-jupiter-api-5.3.2.jar,/root/.m2/repository/org/assertj/assertj-core/3.11.1/assertj-core-3.11.1.jar,/root/.m2/repository/org/mockito/mockito-core/2.23.4/mockito-core-2.23.4.jar,/root/.m2/repository/net/bytebuddy/byte-buddy-agent/1.9.3/byte-buddy-agent-1.9.3.jar,/root/.m2/repository/org/objenesis/objenesis/2.6/objenesis-2.6.jar,/root/.m2/repository/org/mockito/mockito-junit-jupiter/2.23.4/mockito-junit-jupiter-2.23.4.jar,/root/.m2/repository/org/hamcrest/hamcrest-all/1.3/hamcrest-all-1.3.jar,/root/.m2/repository/org/hsqldb/hsqldb/2.4.1/hsqldb-2.4.1.jar,.]
[loading ZipFileIndexFileObject[/root/.m2/repository/org/assertj/assertj-core/3.11.1/assertj-core-3.11.1.jar(org/assertj/core/util/Lists.class)]]
[loading ZipFileIndexFileObject[/root/.m2/repository/org/junit/jupiter/junit-jupiter-api/5.3.2/junit-jupiter-api-5.3.2.jar(org/junit/jupiter/api/BeforeEach.class)]]
[loading ZipFileIndexFileObject[/root/.m2/repository/org/junit/jupiter/junit-jupiter-api/5.3.2/junit-jupiter-api-5.3.2.jar(org/junit/jupiter/api/Test.class)]]
[loading ZipFileIndexFileObject[/root/.m2/repository/org/springframework/spring-beans/5.1.5.RELEASE/spring-beans-5.1.5.RELEASE.jar(org/springframework/beans/factory/annotation/Autowired.class)]]
[loading ZipFileIndexFileObject[/root/.m2/repository/org/springframework/spring-web/5.1.5.RELEASE/spring-web-5.1.5.RELEASE.jar(org/springframework/http/MediaType.class)]]
[loading RegularFileObject[/var/jenkins_home/workspace/petclinic-checkstyle/target/classes/org/springframework/samples/petclinic/model/Specialty.class]]
[loading RegularFileObject[/var/jenkins_home/workspace/petclinic-checkstyle/target/classes/org/springframework/samples/petclinic/model/Vet.class]]
[loading RegularFileObject[/var/jenkins_home/workspace/petclinic-checkstyle/target/classes/org/springframework/samples/petclinic/service/ClinicService.class]]
[loading ZipFileIndexFileObject[/root/.m2/repository/org/springframework/spring-test/5.1.5.RELEASE/spring-test-5.1.5.RELEASE.jar(org/springframework/test/context/junit/jupiter/web/SpringJUnitWebConfig.class)]]
[loading ZipFileIndexFileObject[/root/.m2/repository/org/springframework/spring-test/5.1.5.RELEASE/spring-test-5.1.5.RELEASE.jar(org/springframework/test/web/servlet/MockMvc.class)]]
[loading ZipFileIndexFileObject[/root/.m2/repository/org/springframework/spring-test/5.1.5.RELEASE/spring-test-5.1.5.RELEASE.jar(org/springframework/test/web/servlet/ResultActions.class)]]
[loading ZipFileIndexFileObject[/root/.m2/repository/org/springframework/spring-test/5.1.5.RELEASE/spring-test-5.1.5.RELEASE.jar(org/springframework/test/web/servlet/setup/MockMvcBuilders.class)]]
[loading ZipFileIndexFileObject[/root/.m2/repository/org/hamcrest/hamcrest-all/1.3/hamcrest-all-1.3.jar(org/hamcrest/xml/HasXPath.class)]]
[loading ZipFileIndexFileObject[/root/.m2/repository/org/hamcrest/hamcrest-all/1.3/hamcrest-all-1.3.jar(org/hamcrest/TypeSafeDiagnosingMatcher.class)]]
[loading ZipFileIndexFileObject[/root/.m2/repository/org/hamcrest/hamcrest-all/1.3/hamcrest-all-1.3.jar(org/hamcrest/BaseMatcher.class)]]
[loading ZipFileIndexFileObject[/usr/local/openjdk-8/lib/ct.sym(META-INF/sym/rt.jar/java/lang/Object.class)]]
[loading ZipFileIndexFileObject[/root/.m2/repository/org/hamcrest/hamcrest-all/1.3/hamcrest-all-1.3.jar(org/hamcrest/Matcher.class)]]
[loading ZipFileIndexFileObject[/root/.m2/repository/org/hamcrest/hamcrest-all/1.3/hamcrest-all-1.3.jar(org/hamcrest/SelfDescribing.class)]]
[loading ZipFileIndexFileObject[/root/.m2/repository/org/mockito/mockito-core/2.23.4/mockito-core-2.23.4.jar(org/mockito/BDDMockito.class)]]
[loading ZipFileIndexFileObject[/root/.m2/repository/org/mockito/mockito-core/2.23.4/mockito-core-2.23.4.jar(org/mockito/Mockito.class)]]
[loading ZipFileIndexFileObject[/root/.m2/repository/org/mockito/mockito-core/2.23.4/mockito-core-2.23.4.jar(org/mockito/ArgumentMatchers.class)]]
[loading ZipFileIndexFileObject[/root/.m2/repository/org/springframework/spring-test/5.1.5.RELEASE/spring-test-5.1.5.RELEASE.jar(org/springframework/test/web/servlet/request/MockMvcRequestBuilders.class)]]
[loading ZipFileIndexFileObject[/root/.m2/repository/org/springframework/spring-test/5.1.5.RELEASE/spring-test-5.1.5.RELEASE.jar(org/springframework/test/web/servlet/result/MockMvcResultMatchers.class)]]
[loading RegularFileObject[/var/jenkins_home/workspace/petclinic-checkstyle/target/classes/org/springframework/samples/petclinic/web/VetController.class]]
[loading ZipFileIndexFileObject[/usr/local/openjdk-8/lib/ct.sym(META-INF/sym/rt.jar/java/lang/Exception.class)]]
[loading ZipFileIndexFileObject[/root/.m2/repository/org/assertj/assertj-core/3.11.1/assertj-core-3.11.1.jar(org/assertj/core/api/Assertions.class)]]
[loading ZipFileIndexFileObject[/usr/local/openjdk-8/lib/ct.sym(META-INF/sym/rt.jar/java/util/Locale.class)]]
[loading ZipFileIndexFileObject[/usr/local/openjdk-8/lib/ct.sym(META-INF/sym/rt.jar/java/util/Set.class)]]
[loading ZipFileIndexFileObject[/root/.m2/repository/javax/validation/validation-api/2.0.1.Final/validation-api-2.0.1.Final.jar(javax/validation/ConstraintViolation.class)]]
[loading ZipFileIndexFileObject[/root/.m2/repository/javax/validation/validation-api/2.0.1.Final/validation-api-2.0.1.Final.jar(javax/validation/Validator.class)]]
[loading ZipFileIndexFileObject[/root/.m2/repository/org/springframework/spring-context/5.1.5.RELEASE/spring-context-5.1.5.RELEASE.jar(org/springframework/context/i18n/LocaleContextHolder.class)]]
[loading ZipFileIndexFileObject[/root/.m2/repository/org/springframework/spring-context/5.1.5.RELEASE/spring-context-5.1.5.RELEASE.jar(org/springframework/validation/beanvalidation/LocalValidatorFactoryBean.class)]]
[loading ZipFileIndexFileObject[/usr/local/openjdk-8/lib/ct.sym(META-INF/sym/rt.jar/java/time/LocalDate.class)]]
[loading ZipFileIndexFileObject[/usr/local/openjdk-8/lib/ct.sym(META-INF/sym/rt.jar/java/util/Collection.class)]]
[loading RegularFileObject[/var/jenkins_home/workspace/petclinic-checkstyle/target/classes/org/springframework/samples/petclinic/model/Owner.class]]
[loading RegularFileObject[/var/jenkins_home/workspace/petclinic-checkstyle/target/classes/org/springframework/samples/petclinic/model/Pet.class]]
[loading RegularFileObject[/var/jenkins_home/workspace/petclinic-checkstyle/target/classes/org/springframework/samples/petclinic/model/PetType.class]]
[loading RegularFileObject[/var/jenkins_home/workspace/petclinic-checkstyle/target/classes/org/springframework/samples/petclinic/model/Visit.class]]
[loading RegularFileObject[/var/jenkins_home/workspace/petclinic-checkstyle/target/classes/org/springframework/samples/petclinic/util/EntityUtils.class]]
[loading ZipFileIndexFileObject[/root/.m2/repository/org/springframework/spring-test/5.1.5.RELEASE/spring-test-5.1.5.RELEASE.jar(org/springframework/test/context/ContextConfiguration.class)]]
[loading ZipFileIndexFileObject[/root/.m2/repository/org/springframework/spring-tx/5.1.5.RELEASE/spring-tx-5.1.5.RELEASE.jar(org/springframework/transaction/annotation/Transactional.class)]]
[loading ZipFileIndexFileObject[/root/.m2/repository/org/junit/jupiter/junit-jupiter-api/5.3.2/junit-jupiter-api-5.3.2.jar(org/junit/jupiter/api/Assertions.class)]]
[loading ZipFileIndexFileObject[/root/.m2/repository/org/junit/jupiter/junit-jupiter-api/5.3.2/junit-jupiter-api-5.3.2.jar(org/junit/jupiter/api/extension/ExtendWith.class)]]
[loading ZipFileIndexFileObject[/root/.m2/repository/org/mockito/mockito-core/2.23.4/mockito-core-2.23.4.jar(org/mockito/Mock.class)]]
[loading ZipFileIndexFileObject[/root/.m2/repository/org/mockito/mockito-junit-jupiter/2.23.4/mockito-junit-jupiter-2.23.4.jar(org/mockito/junit/jupiter/MockitoExtension.class)]]
[loading ZipFileIndexFileObject[/usr/local/openjdk-8/lib/ct.sym(META-INF/sym/rt.jar/java/text/ParseException.class)]]
[loading ZipFileIndexFileObject[/usr/local/openjdk-8/lib/ct.sym(META-INF/sym/rt.jar/java/util/ArrayList.class)]]
[loading RegularFileObject[/var/jenkins_home/workspace/petclinic-checkstyle/target/classes/org/springframework/samples/petclinic/web/PetTypeFormatter.class]]
[loading ZipFileIndexFileObject[/root/.m2/repository/org/springframework/spring-test/5.1.5.RELEASE/spring-test-5.1.5.RELEASE.jar(org/springframework/test/context/ActiveProfiles.class)]]
[loading ZipFileIndexFileObject[/root/.m2/repository/org/springframework/spring-test/5.1.5.RELEASE/spring-test-5.1.5.RELEASE.jar(org/springframework/test/context/junit/jupiter/SpringJUnitConfig.class)]]
[loading ZipFileIndexFileObject[/root/.m2/repository/org/springframework/spring-context/5.1.5.RELEASE/spring-context-5.1.5.RELEASE.jar(org/springframework/format/support/FormattingConversionServiceFactoryBean.class)]]
[loading RegularFileObject[/var/jenkins_home/workspace/petclinic-checkstyle/target/classes/org/springframework/samples/petclinic/web/PetController.class]]
[loading ZipFileIndexFileObject[/root/.m2/repository/org/hamcrest/hamcrest-all/1.3/hamcrest-all-1.3.jar(org/hamcrest/Matchers.class)]]
[loading RegularFileObject[/var/jenkins_home/workspace/petclinic-checkstyle/target/classes/org/springframework/samples/petclinic/web/OwnerController.class]]
[loading RegularFileObject[/var/jenkins_home/workspace/petclinic-checkstyle/target/classes/org/springframework/samples/petclinic/web/VisitController.class]]
[loading ZipFileIndexFileObject[/root/.m2/repository/org/springframework/spring-test/5.1.5.RELEASE/spring-test-5.1.5.RELEASE.jar(org/springframework/test/context/junit4/SpringJUnit4ClassRunner.class)]]
[loading ZipFileIndexFileObject[/root/.m2/repository/org/springframework/spring-webmvc/5.1.5.RELEASE/spring-webmvc-5.1.5.RELEASE.jar(org/springframework/web/servlet/handler/SimpleMappingExceptionResolver.class)]]
[loading RegularFileObject[/var/jenkins_home/workspace/petclinic-checkstyle/target/classes/org/springframework/samples/petclinic/web/CrashController.class]]
[loading ZipFileIndexFileObject[/usr/local/openjdk-8/lib/ct.sym(META-INF/sym/rt.jar/java/lang/annotation/Target.class)]]
[loading ZipFileIndexFileObject[/usr/local/openjdk-8/lib/ct.sym(META-INF/sym/rt.jar/java/lang/annotation/ElementType.class)]]
[loading ZipFileIndexFileObject[/usr/local/openjdk-8/lib/ct.sym(META-INF/sym/rt.jar/java/lang/annotation/Retention.class)]]
[loading ZipFileIndexFileObject[/usr/local/openjdk-8/lib/ct.sym(META-INF/sym/rt.jar/java/lang/annotation/RetentionPolicy.class)]]
[loading ZipFileIndexFileObject[/root/.m2/repository/org/apiguardian/apiguardian-api/1.0.0/apiguardian-api-1.0.0.jar(org/apiguardian/api/API.class)]]
[loading ZipFileIndexFileObject[/root/.m2/repository/org/apiguardian/apiguardian-api/1.0.0/apiguardian-api-1.0.0.jar(org/apiguardian/api/API$Status.class)]]
[loading ZipFileIndexFileObject[/root/.m2/repository/javax/persistence/javax.persistence-api/2.2/javax.persistence-api-2.2.jar(javax/persistence/Table.class)]]
[loading ZipFileIndexFileObject[/root/.m2/repository/javax/persistence/javax.persistence-api/2.2/javax.persistence-api-2.2.jar(javax/persistence/ManyToMany.class)]]
[loading ZipFileIndexFileObject[/root/.m2/repository/javax/persistence/javax.persistence-api/2.2/javax.persistence-api-2.2.jar(javax/persistence/FetchType.class)]]
[loading ZipFileIndexFileObject[/root/.m2/repository/javax/persistence/javax.persistence-api/2.2/javax.persistence-api-2.2.jar(javax/persistence/JoinTable.class)]]
[loading ZipFileIndexFileObject[/root/.m2/repository/javax/persistence/javax.persistence-api/2.2/javax.persistence-api-2.2.jar(javax/persistence/JoinColumn.class)]]
[loading ZipFileIndexFileObject[/root/.m2/repository/org/springframework/spring-core/5.1.5.RELEASE/spring-core-5.1.5.RELEASE.jar(org/springframework/core/annotation/AliasFor.class)]]
[loading ZipFileIndexFileObject[/usr/local/openjdk-8/lib/ct.sym(META-INF/sym/rt.jar/java/lang/annotation/Annotation.class)]]
[loading ZipFileIndexFileObject[/usr/local/openjdk-8/lib/ct.sym(META-INF/sym/rt.jar/java/lang/String.class)]]
[loading ZipFileIndexFileObject[/root/.m2/repository/org/springframework/spring-web/5.1.5.RELEASE/spring-web-5.1.5.RELEASE.jar(org/springframework/web/bind/annotation/RequestMapping.class)]]
[loading ZipFileIndexFileObject[/root/.m2/repository/javax/persistence/javax.persistence-api/2.2/javax.persistence-api-2.2.jar(javax/persistence/Column.class)]]
[loading ZipFileIndexFileObject[/root/.m2/repository/javax/validation/validation-api/2.0.1.Final/validation-api-2.0.1.Final.jar(javax/validation/constraints/Digits.class)]]
[loading ZipFileIndexFileObject[/root/.m2/repository/javax/persistence/javax.persistence-api/2.2/javax.persistence-api-2.2.jar(javax/persistence/OneToMany.class)]]
[loading ZipFileIndexFileObject[/root/.m2/repository/javax/persistence/javax.persistence-api/2.2/javax.persistence-api-2.2.jar(javax/persistence/CascadeType.class)]]
[loading ZipFileIndexFileObject[/root/.m2/repository/org/springframework/spring-context/5.1.5.RELEASE/spring-context-5.1.5.RELEASE.jar(org/springframework/format/annotation/DateTimeFormat.class)]]
[loading ZipFileIndexFileObject[/root/.m2/repository/org/springframework/spring-tx/5.1.5.RELEASE/spring-tx-5.1.5.RELEASE.jar(org/springframework/transaction/annotation/Propagation.class)]]
[loading ZipFileIndexFileObject[/root/.m2/repository/org/springframework/spring-tx/5.1.5.RELEASE/spring-tx-5.1.5.RELEASE.jar(org/springframework/transaction/annotation/Isolation.class)]]
[loading ZipFileIndexFileObject[/usr/local/openjdk-8/lib/ct.sym(META-INF/sym/rt.jar/java/lang/annotation/Repeatable.class)]]
[loading ZipFileIndexFileObject[/root/.m2/repository/org/mockito/mockito-core/2.23.4/mockito-core-2.23.4.jar(org/mockito/Answers.class)]]
[loading ZipFileIndexFileObject[/usr/local/openjdk-8/lib/ct.sym(META-INF/sym/rt.jar/java/lang/Class.class)]]
[loading ZipFileIndexFileObject[/root/.m2/repository/org/junit/jupiter/junit-jupiter-api/5.3.2/junit-jupiter-api-5.3.2.jar(org/junit/jupiter/api/extension/Extension.class)]]
[loading ZipFileIndexFileObject[/root/.m2/repository/org/junit/jupiter/junit-jupiter-api/5.3.2/junit-jupiter-api-5.3.2.jar(org/junit/jupiter/api/extension/TestInstancePostProcessor.class)]]
[loading ZipFileIndexFileObject[/root/.m2/repository/org/springframework/spring-web/5.1.5.RELEASE/spring-web-5.1.5.RELEASE.jar(org/springframework/web/bind/annotation/ModelAttribute.class)]]
[loading ZipFileIndexFileObject[/root/.m2/repository/org/springframework/spring-web/5.1.5.RELEASE/spring-web-5.1.5.RELEASE.jar(org/springframework/web/bind/annotation/PathVariable.class)]]
[loading ZipFileIndexFileObject[/root/.m2/repository/org/springframework/spring-web/5.1.5.RELEASE/spring-web-5.1.5.RELEASE.jar(org/springframework/web/bind/annotation/InitBinder.class)]]
[loading ZipFileIndexFileObject[/root/.m2/repository/org/springframework/spring-web/5.1.5.RELEASE/spring-web-5.1.5.RELEASE.jar(org/springframework/web/bind/annotation/RequestMethod.class)]]
[loading ZipFileIndexFileObject[/root/.m2/repository/javax/persistence/javax.persistence-api/2.2/javax.persistence-api-2.2.jar(javax/persistence/ForeignKey.class)]]
[loading ZipFileIndexFileObject[/root/.m2/repository/javax/persistence/javax.persistence-api/2.2/javax.persistence-api-2.2.jar(javax/persistence/ConstraintMode.class)]]
[loading ZipFileIndexFileObject[/root/.m2/repository/javax/validation/validation-api/2.0.1.Final/validation-api-2.0.1.Final.jar(javax/validation/Constraint.class)]]
[loading ZipFileIndexFileObject[/root/.m2/repository/org/springframework/spring-context/5.1.5.RELEASE/spring-context-5.1.5.RELEASE.jar(org/springframework/format/annotation/DateTimeFormat$ISO.class)]]
[checking org.springframework.samples.petclinic.web.VetControllerTests]
[loading ZipFileIndexFileObject[/usr/local/openjdk-8/lib/ct.sym(META-INF/sym/rt.jar/java/io/Serializable.class)]]
[loading ZipFileIndexFileObject[/usr/local/openjdk-8/lib/ct.sym(META-INF/sym/rt.jar/java/lang/AutoCloseable.class)]]
[loading ZipFileIndexFileObject[/root/.m2/repository/org/springframework/spring-test/5.1.5.RELEASE/spring-test-5.1.5.RELEASE.jar(org/springframework/test/web/servlet/setup/StandaloneMockMvcBuilder.class)]]
[loading ZipFileIndexFileObject[/root/.m2/repository/org/springframework/spring-test/5.1.5.RELEASE/spring-test-5.1.5.RELEASE.jar(org/springframework/test/web/servlet/setup/AbstractMockMvcBuilder.class)]]
[loading ZipFileIndexFileObject[/root/.m2/repository/org/springframework/spring-test/5.1.5.RELEASE/spring-test-5.1.5.RELEASE.jar(org/springframework/test/web/servlet/setup/ConfigurableMockMvcBuilder.class)]]
[loading ZipFileIndexFileObject[/root/.m2/repository/org/springframework/spring-test/5.1.5.RELEASE/spring-test-5.1.5.RELEASE.jar(org/springframework/test/web/servlet/MockMvcBuilder.class)]]
[loading ZipFileIndexFileObject[/root/.m2/repository/org/springframework/spring-test/5.1.5.RELEASE/spring-test-5.1.5.RELEASE.jar(org/springframework/test/web/servlet/MockMvcBuilderSupport.class)]]
[loading ZipFileIndexFileObject[/usr/local/openjdk-8/lib/ct.sym(META-INF/sym/rt.jar/java/lang/Byte.class)]]
[loading ZipFileIndexFileObject[/usr/local/openjdk-8/lib/ct.sym(META-INF/sym/rt.jar/java/lang/Character.class)]]
[loading ZipFileIndexFileObject[/usr/local/openjdk-8/lib/ct.sym(META-INF/sym/rt.jar/java/lang/Short.class)]]
[loading ZipFileIndexFileObject[/usr/local/openjdk-8/lib/ct.sym(META-INF/sym/rt.jar/java/lang/Long.class)]]
[loading ZipFileIndexFileObject[/usr/local/openjdk-8/lib/ct.sym(META-INF/sym/rt.jar/java/lang/Float.class)]]
[loading ZipFileIndexFileObject[/usr/local/openjdk-8/lib/ct.sym(META-INF/sym/rt.jar/java/lang/Integer.class)]]
[loading ZipFileIndexFileObject[/usr/local/openjdk-8/lib/ct.sym(META-INF/sym/rt.jar/java/lang/Double.class)]]
[loading ZipFileIndexFileObject[/usr/local/openjdk-8/lib/ct.sym(META-INF/sym/rt.jar/java/lang/Boolean.class)]]
[loading ZipFileIndexFileObject[/usr/local/openjdk-8/lib/ct.sym(META-INF/sym/rt.jar/java/lang/Void.class)]]
[loading RegularFileObject[/var/jenkins_home/workspace/petclinic-checkstyle/target/classes/org/springframework/samples/petclinic/model/Person.class]]
[loading RegularFileObject[/var/jenkins_home/workspace/petclinic-checkstyle/target/classes/org/springframework/samples/petclinic/model/BaseEntity.class]]
[loading ZipFileIndexFileObject[/root/.m2/repository/javax/persistence/javax.persistence-api/2.2/javax.persistence-api-2.2.jar(javax/persistence/GeneratedValue.class)]]
[loading ZipFileIndexFileObject[/root/.m2/repository/javax/persistence/javax.persistence-api/2.2/javax.persistence-api-2.2.jar(javax/persistence/GenerationType.class)]]
[loading RegularFileObject[/var/jenkins_home/workspace/petclinic-checkstyle/target/classes/org/springframework/samples/petclinic/model/NamedEntity.class]]
[loading ZipFileIndexFileObject[/usr/local/openjdk-8/lib/ct.sym(META-INF/sym/rt.jar/java/util/Iterator.class)]]
[loading ZipFileIndexFileObject[/usr/local/openjdk-8/lib/ct.sym(META-INF/sym/rt.jar/java/lang/Iterable.class)]]
[loading ZipFileIndexFileObject[/root/.m2/repository/org/mockito/mockito-core/2.23.4/mockito-core-2.23.4.jar(org/mockito/BDDMockito$BDDMyOngoingStubbing.class)]]
[loading ZipFileIndexFileObject[/usr/local/openjdk-8/lib/ct.sym(META-INF/sym/rt.jar/java/util/AbstractList.class)]]
[loading ZipFileIndexFileObject[/usr/local/openjdk-8/lib/ct.sym(META-INF/sym/rt.jar/java/util/AbstractCollection.class)]]
[loading ZipFileIndexFileObject[/usr/local/openjdk-8/lib/ct.sym(META-INF/sym/rt.jar/java/lang/Throwable.class)]]
[loading ZipFileIndexFileObject[/root/.m2/repository/org/springframework/spring-test/5.1.5.RELEASE/spring-test-5.1.5.RELEASE.jar(org/springframework/test/web/servlet/result/ViewResultMatchers.class)]]
[loading ZipFileIndexFileObject[/root/.m2/repository/org/springframework/spring-test/5.1.5.RELEASE/spring-test-5.1.5.RELEASE.jar(org/springframework/test/web/servlet/ResultMatcher.class)]]
[loading ZipFileIndexFileObject[/usr/local/openjdk-8/lib/ct.sym(META-INF/sym/rt.jar/java/lang/Comparable.class)]]
[loading ZipFileIndexFileObject[/usr/local/openjdk-8/lib/ct.sym(META-INF/sym/rt.jar/java/lang/CharSequence.class)]]
[loading ZipFileIndexFileObject[/root/.m2/repository/org/springframework/spring-test/5.1.5.RELEASE/spring-test-5.1.5.RELEASE.jar(org/springframework/test/web/servlet/result/ModelResultMatchers.class)]]
[loading ZipFileIndexFileObject[/root/.m2/repository/org/springframework/spring-test/5.1.5.RELEASE/spring-test-5.1.5.RELEASE.jar(org/springframework/test/web/servlet/result/StatusResultMatchers.class)]]
[loading ZipFileIndexFileObject[/root/.m2/repository/org/springframework/spring-test/5.1.5.RELEASE/spring-test-5.1.5.RELEASE.jar(org/springframework/test/web/servlet/request/MockHttpServletRequestBuilder.class)]]
[loading ZipFileIndexFileObject[/usr/local/openjdk-8/lib/ct.sym(META-INF/sym/rt.jar/java/net/URI.class)]]
[loading ZipFileIndexFileObject[/root/.m2/repository/org/springframework/spring-test/5.1.5.RELEASE/spring-test-5.1.5.RELEASE.jar(org/springframework/test/web/servlet/RequestBuilder.class)]]
[loading ZipFileIndexFileObject[/root/.m2/repository/org/springframework/spring-test/5.1.5.RELEASE/spring-test-5.1.5.RELEASE.jar(org/springframework/test/web/servlet/request/ConfigurableSmartRequestBuilder.class)]]
[loading ZipFileIndexFileObject[/root/.m2/repository/org/springframework/spring-test/5.1.5.RELEASE/spring-test-5.1.5.RELEASE.jar(org/springframework/test/web/servlet/SmartRequestBuilder.class)]]
[loading ZipFileIndexFileObject[/root/.m2/repository/org/springframework/spring-beans/5.1.5.RELEASE/spring-beans-5.1.5.RELEASE.jar(org/springframework/beans/Mergeable.class)]]
[loading ZipFileIndexFileObject[/root/.m2/repository/org/springframework/spring-core/5.1.5.RELEASE/spring-core-5.1.5.RELEASE.jar(org/springframework/util/MimeType.class)]]
[loading ZipFileIndexFileObject[/root/.m2/repository/org/springframework/spring-test/5.1.5.RELEASE/spring-test-5.1.5.RELEASE.jar(org/springframework/test/web/servlet/result/JsonPathResultMatchers.class)]]
[loading ZipFileIndexFileObject[/usr/local/openjdk-8/lib/ct.sym(META-INF/sym/rt.jar/java/lang/Number.class)]]
[loading ZipFileIndexFileObject[/root/.m2/repository/org/springframework/spring-test/5.1.5.RELEASE/spring-test-5.1.5.RELEASE.jar(org/springframework/test/web/servlet/result/ContentResultMatchers.class)]]
[loading ZipFileIndexFileObject[/usr/local/openjdk-8/lib/ct.sym(META-INF/sym/rt.jar/org/w3c/dom/Node.class)]]
[loading ZipFileIndexFileObject[/usr/local/openjdk-8/lib/ct.sym(META-INF/sym/rt.jar/java/lang/Error.class)]]
[loading ZipFileIndexFileObject[/root/.m2/repository/org/springframework/spring-tx/5.1.5.RELEASE/spring-tx-5.1.5.RELEASE.jar(org/springframework/dao/DataAccessException.class)]]
[loading ZipFileIndexFileObject[/root/.m2/repository/org/springframework/spring-core/5.1.5.RELEASE/spring-core-5.1.5.RELEASE.jar(org/springframework/core/NestedRuntimeException.class)]]
[loading ZipFileIndexFileObject[/usr/local/openjdk-8/lib/ct.sym(META-INF/sym/rt.jar/java/lang/RuntimeException.class)]]
[wrote RegularFileObject[/var/jenkins_home/workspace/petclinic-checkstyle/target/test-classes/org/springframework/samples/petclinic/web/VetControllerTests.class]]
[checking org.springframework.samples.petclinic.model.ValidatorTests]
[loading ZipFileIndexFileObject[/root/.m2/repository/javax/validation/validation-api/2.0.1.Final/validation-api-2.0.1.Final.jar(javax/validation/ValidatorFactory.class)]]
[loading ZipFileIndexFileObject[/root/.m2/repository/org/springframework/spring-context/5.1.5.RELEASE/spring-context-5.1.5.RELEASE.jar(org/springframework/context/ApplicationContextAware.class)]]
[loading ZipFileIndexFileObject[/root/.m2/repository/org/springframework/spring-beans/5.1.5.RELEASE/spring-beans-5.1.5.RELEASE.jar(org/springframework/beans/factory/Aware.class)]]
[loading ZipFileIndexFileObject[/root/.m2/repository/org/springframework/spring-beans/5.1.5.RELEASE/spring-beans-5.1.5.RELEASE.jar(org/springframework/beans/factory/InitializingBean.class)]]
[loading ZipFileIndexFileObject[/root/.m2/repository/org/springframework/spring-beans/5.1.5.RELEASE/spring-beans-5.1.5.RELEASE.jar(org/springframework/beans/factory/DisposableBean.class)]]
[loading ZipFileIndexFileObject[/root/.m2/repository/org/springframework/spring-context/5.1.5.RELEASE/spring-context-5.1.5.RELEASE.jar(org/springframework/validation/beanvalidation/SpringValidatorAdapter.class)]]
[loading ZipFileIndexFileObject[/root/.m2/repository/org/springframework/spring-context/5.1.5.RELEASE/spring-context-5.1.5.RELEASE.jar(org/springframework/validation/SmartValidator.class)]]
[loading ZipFileIndexFileObject[/root/.m2/repository/org/springframework/spring-context/5.1.5.RELEASE/spring-context-5.1.5.RELEASE.jar(org/springframework/validation/Validator.class)]]
[loading ZipFileIndexFileObject[/usr/local/openjdk-8/lib/ct.sym(META-INF/sym/rt.jar/java/util/function/Predicate.class)]]
[loading ZipFileIndexFileObject[/root/.m2/repository/org/assertj/assertj-core/3.11.1/assertj-core-3.11.1.jar(org/assertj/core/api/PredicateAssert.class)]]
[loading ZipFileIndexFileObject[/usr/local/openjdk-8/lib/ct.sym(META-INF/sym/rt.jar/java/util/function/IntPredicate.class)]]
[loading ZipFileIndexFileObject[/usr/local/openjdk-8/lib/ct.sym(META-INF/sym/rt.jar/java/util/function/LongPredicate.class)]]
[loading ZipFileIndexFileObject[/usr/local/openjdk-8/lib/ct.sym(META-INF/sym/rt.jar/java/util/function/DoublePredicate.class)]]
[loading ZipFileIndexFileObject[/usr/local/openjdk-8/lib/ct.sym(META-INF/sym/rt.jar/java/util/concurrent/CompletableFuture.class)]]
[loading ZipFileIndexFileObject[/root/.m2/repository/org/assertj/assertj-core/3.11.1/assertj-core-3.11.1.jar(org/assertj/core/api/CompletableFutureAssert.class)]]
[loading ZipFileIndexFileObject[/usr/local/openjdk-8/lib/ct.sym(META-INF/sym/rt.jar/java/util/concurrent/CompletionStage.class)]]
[loading ZipFileIndexFileObject[/usr/local/openjdk-8/lib/ct.sym(META-INF/sym/rt.jar/java/util/Optional.class)]]
[loading ZipFileIndexFileObject[/root/.m2/repository/org/assertj/assertj-core/3.11.1/assertj-core-3.11.1.jar(org/assertj/core/api/OptionalAssert.class)]]
[loading ZipFileIndexFileObject[/usr/local/openjdk-8/lib/ct.sym(META-INF/sym/rt.jar/java/util/OptionalDouble.class)]]
[loading ZipFileIndexFileObject[/usr/local/openjdk-8/lib/ct.sym(META-INF/sym/rt.jar/java/util/OptionalInt.class)]]
[loading ZipFileIndexFileObject[/usr/local/openjdk-8/lib/ct.sym(META-INF/sym/rt.jar/java/util/OptionalLong.class)]]
[loading ZipFileIndexFileObject[/usr/local/openjdk-8/lib/ct.sym(META-INF/sym/rt.jar/java/math/BigDecimal.class)]]
[loading ZipFileIndexFileObject[/usr/local/openjdk-8/lib/ct.sym(META-INF/sym/rt.jar/java/math/BigInteger.class)]]
[loading ZipFileIndexFileObject[/usr/local/openjdk-8/lib/ct.sym(META-INF/sym/rt.jar/java/net/URL.class)]]
[loading ZipFileIndexFileObject[/usr/local/openjdk-8/lib/ct.sym(META-INF/sym/rt.jar/java/io/File.class)]]
[loading ZipFileIndexFileObject[/usr/local/openjdk-8/lib/ct.sym(META-INF/sym/rt.jar/java/util/concurrent/Future.class)]]
[loading ZipFileIndexFileObject[/root/.m2/repository/org/assertj/assertj-core/3.11.1/assertj-core-3.11.1.jar(org/assertj/core/api/FutureAssert.class)]]
[loading ZipFileIndexFileObject[/usr/local/openjdk-8/lib/ct.sym(META-INF/sym/rt.jar/java/io/InputStream.class)]]
[loading ZipFileIndexFileObject[/root/.m2/repository/org/assertj/assertj-core/3.11.1/assertj-core-3.11.1.jar(org/assertj/core/api/AbstractAssert.class)]]
[loading ZipFileIndexFileObject[/root/.m2/repository/org/assertj/assertj-core/3.11.1/assertj-core-3.11.1.jar(org/assertj/core/api/AssertFactory.class)]]
[loading ZipFileIndexFileObject[/root/.m2/repository/org/assertj/assertj-core/3.11.1/assertj-core-3.11.1.jar(org/assertj/core/api/FactoryBasedNavigableIterableAssert.class)]]
[loading ZipFileIndexFileObject[/root/.m2/repository/org/assertj/assertj-core/3.11.1/assertj-core-3.11.1.jar(org/assertj/core/api/ClassBasedNavigableIterableAssert.class)]]
[loading ZipFileIndexFileObject[/usr/local/openjdk-8/lib/ct.sym(META-INF/sym/rt.jar/java/util/List.class)]]
[loading ZipFileIndexFileObject[/root/.m2/repository/org/assertj/assertj-core/3.11.1/assertj-core-3.11.1.jar(org/assertj/core/api/FactoryBasedNavigableListAssert.class)]]
[loading ZipFileIndexFileObject[/root/.m2/repository/org/assertj/assertj-core/3.11.1/assertj-core-3.11.1.jar(org/assertj/core/api/ClassBasedNavigableListAssert.class)]]
[loading ZipFileIndexFileObject[/root/.m2/repository/org/assertj/assertj-core/3.11.1/assertj-core-3.11.1.jar(org/assertj/core/api/ObjectAssert.class)]]
[loading ZipFileIndexFileObject[/root/.m2/repository/org/assertj/assertj-core/3.11.1/assertj-core-3.11.1.jar(org/assertj/core/api/ObjectArrayAssert.class)]]
[loading ZipFileIndexFileObject[/usr/local/openjdk-8/lib/ct.sym(META-INF/sym/rt.jar/java/util/Date.class)]]
[loading ZipFileIndexFileObject[/usr/local/openjdk-8/lib/ct.sym(META-INF/sym/rt.jar/java/time/ZonedDateTime.class)]]
[loading ZipFileIndexFileObject[/usr/local/openjdk-8/lib/ct.sym(META-INF/sym/rt.jar/java/time/LocalDateTime.class)]]
[loading ZipFileIndexFileObject[/usr/local/openjdk-8/lib/ct.sym(META-INF/sym/rt.jar/java/time/OffsetDateTime.class)]]
[loading ZipFileIndexFileObject[/usr/local/openjdk-8/lib/ct.sym(META-INF/sym/rt.jar/java/time/OffsetTime.class)]]
[loading ZipFileIndexFileObject[/usr/local/openjdk-8/lib/ct.sym(META-INF/sym/rt.jar/java/time/LocalTime.class)]]
[loading ZipFileIndexFileObject[/usr/local/openjdk-8/lib/ct.sym(META-INF/sym/rt.jar/java/time/Instant.class)]]
[loading ZipFileIndexFileObject[/usr/local/openjdk-8/lib/ct.sym(META-INF/sym/rt.jar/java/util/concurrent/atomic/AtomicBoolean.class)]]
[loading ZipFileIndexFileObject[/usr/local/openjdk-8/lib/ct.sym(META-INF/sym/rt.jar/java/util/concurrent/atomic/AtomicInteger.class)]]
[loading ZipFileIndexFileObject[/usr/local/openjdk-8/lib/ct.sym(META-INF/sym/rt.jar/java/util/concurrent/atomic/AtomicIntegerArray.class)]]
[loading ZipFileIndexFileObject[/usr/local/openjdk-8/lib/ct.sym(META-INF/sym/rt.jar/java/util/concurrent/atomic/AtomicIntegerFieldUpdater.class)]]
[loading ZipFileIndexFileObject[/root/.m2/repository/org/assertj/assertj-core/3.11.1/assertj-core-3.11.1.jar(org/assertj/core/api/AtomicIntegerFieldUpdaterAssert.class)]]
[loading ZipFileIndexFileObject[/usr/local/openjdk-8/lib/ct.sym(META-INF/sym/rt.jar/java/util/concurrent/atomic/AtomicLong.class)]]
[loading ZipFileIndexFileObject[/usr/local/openjdk-8/lib/ct.sym(META-INF/sym/rt.jar/java/util/concurrent/atomic/AtomicLongArray.class)]]
[loading ZipFileIndexFileObject[/usr/local/openjdk-8/lib/ct.sym(META-INF/sym/rt.jar/java/util/concurrent/atomic/AtomicLongFieldUpdater.class)]]
[loading ZipFileIndexFileObject[/root/.m2/repository/org/assertj/assertj-core/3.11.1/assertj-core-3.11.1.jar(org/assertj/core/api/AtomicLongFieldUpdaterAssert.class)]]
[loading ZipFileIndexFileObject[/usr/local/openjdk-8/lib/ct.sym(META-INF/sym/rt.jar/java/util/concurrent/atomic/AtomicReference.class)]]
[loading ZipFileIndexFileObject[/root/.m2/repository/org/assertj/assertj-core/3.11.1/assertj-core-3.11.1.jar(org/assertj/core/api/AtomicReferenceAssert.class)]]
[loading ZipFileIndexFileObject[/usr/local/openjdk-8/lib/ct.sym(META-INF/sym/rt.jar/java/util/concurrent/atomic/AtomicReferenceArray.class)]]
[loading ZipFileIndexFileObject[/root/.m2/repository/org/assertj/assertj-core/3.11.1/assertj-core-3.11.1.jar(org/assertj/core/api/AtomicReferenceArrayAssert.class)]]
[loading ZipFileIndexFileObject[/usr/local/openjdk-8/lib/ct.sym(META-INF/sym/rt.jar/java/util/concurrent/atomic/AtomicReferenceFieldUpdater.class)]]
[loading ZipFileIndexFileObject[/root/.m2/repository/org/assertj/assertj-core/3.11.1/assertj-core-3.11.1.jar(org/assertj/core/api/AtomicReferenceFieldUpdaterAssert.class)]]
[loading ZipFileIndexFileObject[/usr/local/openjdk-8/lib/ct.sym(META-INF/sym/rt.jar/java/util/concurrent/atomic/AtomicMarkableReference.class)]]
[loading ZipFileIndexFileObject[/root/.m2/repository/org/assertj/assertj-core/3.11.1/assertj-core-3.11.1.jar(org/assertj/core/api/AtomicMarkableReferenceAssert.class)]]
[loading ZipFileIndexFileObject[/usr/local/openjdk-8/lib/ct.sym(META-INF/sym/rt.jar/java/util/concurrent/atomic/AtomicStampedReference.class)]]
[loading ZipFileIndexFileObject[/root/.m2/repository/org/assertj/assertj-core/3.11.1/assertj-core-3.11.1.jar(org/assertj/core/api/AtomicStampedReferenceAssert.class)]]
[loading ZipFileIndexFileObject[/root/.m2/repository/org/assertj/assertj-core/3.11.1/assertj-core-3.11.1.jar(org/assertj/core/api/AssertProvider.class)]]
[loading ZipFileIndexFileObject[/usr/local/openjdk-8/lib/ct.sym(META-INF/sym/rt.jar/java/lang/StringBuilder.class)]]
[loading ZipFileIndexFileObject[/usr/local/openjdk-8/lib/ct.sym(META-INF/sym/rt.jar/java/lang/StringBuffer.class)]]
[loading ZipFileIndexFileObject[/root/.m2/repository/org/assertj/assertj-core/3.11.1/assertj-core-3.11.1.jar(org/assertj/core/api/IterableAssert.class)]]
[loading ZipFileIndexFileObject[/root/.m2/repository/org/assertj/assertj-core/3.11.1/assertj-core-3.11.1.jar(org/assertj/core/api/ListAssert.class)]]
[loading ZipFileIndexFileObject[/usr/local/openjdk-8/lib/ct.sym(META-INF/sym/rt.jar/java/util/stream/Stream.class)]]
[loading ZipFileIndexFileObject[/usr/local/openjdk-8/lib/ct.sym(META-INF/sym/rt.jar/java/util/stream/DoubleStream.class)]]
[loading ZipFileIndexFileObject[/usr/local/openjdk-8/lib/ct.sym(META-INF/sym/rt.jar/java/util/stream/LongStream.class)]]
[loading ZipFileIndexFileObject[/usr/local/openjdk-8/lib/ct.sym(META-INF/sym/rt.jar/java/util/stream/IntStream.class)]]
[loading ZipFileIndexFileObject[/usr/local/openjdk-8/lib/ct.sym(META-INF/sym/rt.jar/java/nio/file/Path.class)]]
[loading ZipFileIndexFileObject[/usr/local/openjdk-8/lib/ct.sym(META-INF/sym/rt.jar/java/util/Map.class)]]
[loading ZipFileIndexFileObject[/root/.m2/repository/org/assertj/assertj-core/3.11.1/assertj-core-3.11.1.jar(org/assertj/core/api/MapAssert.class)]]
[loading ZipFileIndexFileObject[/root/.m2/repository/org/assertj/assertj-core/3.11.1/assertj-core-3.11.1.jar(org/assertj/core/api/AbstractComparableAssert.class)]]
[loading ZipFileIndexFileObject[/root/.m2/repository/org/assertj/assertj-core/3.11.1/assertj-core-3.11.1.jar(org/assertj/core/api/AssertDelegateTarget.class)]]
[loading ZipFileIndexFileObject[/root/.m2/repository/org/assertj/assertj-core/3.11.1/assertj-core-3.11.1.jar(org/assertj/core/api/AbstractIntegerAssert.class)]]
[loading ZipFileIndexFileObject[/root/.m2/repository/org/assertj/assertj-core/3.11.1/assertj-core-3.11.1.jar(org/assertj/core/api/NumberAssert.class)]]
[loading ZipFileIndexFileObject[/root/.m2/repository/org/assertj/assertj-core/3.11.1/assertj-core-3.11.1.jar(org/assertj/core/api/ComparableAssert.class)]]
[loading ZipFileIndexFileObject[/root/.m2/repository/org/assertj/assertj-core/3.11.1/assertj-core-3.11.1.jar(org/assertj/core/api/AbstractObjectAssert.class)]]
[loading ZipFileIndexFileObject[/root/.m2/repository/org/assertj/assertj-core/3.11.1/assertj-core-3.11.1.jar(org/assertj/core/api/Assert.class)]]
[loading ZipFileIndexFileObject[/root/.m2/repository/org/assertj/assertj-core/3.11.1/assertj-core-3.11.1.jar(org/assertj/core/api/Descriptable.class)]]
[loading ZipFileIndexFileObject[/root/.m2/repository/org/assertj/assertj-core/3.11.1/assertj-core-3.11.1.jar(org/assertj/core/api/ExtensionPoints.class)]]
[loading ZipFileIndexFileObject[/root/.m2/repository/javax/validation/validation-api/2.0.1.Final/validation-api-2.0.1.Final.jar(javax/validation/Path.class)]]
[loading ZipFileIndexFileObject[/root/.m2/repository/org/assertj/assertj-core/3.11.1/assertj-core-3.11.1.jar(org/assertj/core/api/AbstractStringAssert.class)]]
[loading ZipFileIndexFileObject[/root/.m2/repository/org/assertj/assertj-core/3.11.1/assertj-core-3.11.1.jar(org/assertj/core/api/AbstractCharSequenceAssert.class)]]
[loading ZipFileIndexFileObject[/root/.m2/repository/org/assertj/assertj-core/3.11.1/assertj-core-3.11.1.jar(org/assertj/core/api/EnumerableAssert.class)]]
[wrote RegularFileObject[/var/jenkins_home/workspace/petclinic-checkstyle/target/test-classes/org/springframework/samples/petclinic/model/ValidatorTests.class]]
[checking org.springframework.samples.petclinic.service.AbstractClinicServiceTests]
[loading ZipFileIndexFileObject[/root/.m2/repository/org/assertj/assertj-core/3.11.1/assertj-core-3.11.1.jar(org/assertj/core/api/AbstractBooleanAssert.class)]]
[loading ZipFileIndexFileObject[/root/.m2/repository/org/assertj/assertj-core/3.11.1/assertj-core-3.11.1.jar(org/assertj/core/api/AbstractLongAssert.class)]]
[loading ZipFileIndexFileObject[/root/.m2/repository/org/springframework/spring-orm/5.1.5.RELEASE/spring-orm-5.1.5.RELEASE.jar(org/springframework/orm/ObjectRetrievalFailureException.class)]]
[loading ZipFileIndexFileObject[/usr/local/openjdk-8/lib/ct.sym(META-INF/sym/rt.jar/java/time/temporal/Temporal.class)]]
[loading ZipFileIndexFileObject[/usr/local/openjdk-8/lib/ct.sym(META-INF/sym/rt.jar/java/time/temporal/TemporalAccessor.class)]]
[loading ZipFileIndexFileObject[/usr/local/openjdk-8/lib/ct.sym(META-INF/sym/rt.jar/java/time/temporal/TemporalAdjuster.class)]]
[loading ZipFileIndexFileObject[/usr/local/openjdk-8/lib/ct.sym(META-INF/sym/rt.jar/java/time/chrono/ChronoLocalDate.class)]]
[loading ZipFileIndexFileObject[/root/.m2/repository/org/assertj/assertj-core/3.11.1/assertj-core-3.11.1.jar(org/assertj/core/api/AbstractLocalDateAssert.class)]]
[loading ZipFileIndexFileObject[/root/.m2/repository/org/assertj/assertj-core/3.11.1/assertj-core-3.11.1.jar(org/assertj/core/api/AbstractTemporalAssert.class)]]
[loading ZipFileIndexFileObject[/root/.m2/repository/org/springframework/spring-tx/5.1.5.RELEASE/spring-tx-5.1.5.RELEASE.jar(org/springframework/dao/DataRetrievalFailureException.class)]]
[loading ZipFileIndexFileObject[/root/.m2/repository/org/springframework/spring-tx/5.1.5.RELEASE/spring-tx-5.1.5.RELEASE.jar(org/springframework/dao/NonTransientDataAccessException.class)]]
[loading ZipFileIndexFileObject[/usr/local/openjdk-8/lib/ct.sym(META-INF/sym/rt.jar/java/lang/AbstractStringBuilder.class)]]
[loading ZipFileIndexFileObject[/usr/local/openjdk-8/lib/ct.sym(META-INF/sym/rt.jar/java/lang/Appendable.class)]]
[wrote RegularFileObject[/var/jenkins_home/workspace/petclinic-checkstyle/target/test-classes/org/springframework/samples/petclinic/service/AbstractClinicServiceTests.class]]
[checking org.springframework.samples.petclinic.web.PetTypeFormatterTests]
[loading ZipFileIndexFileObject[/root/.m2/repository/org/springframework/spring-context/5.1.5.RELEASE/spring-context-5.1.5.RELEASE.jar(org/springframework/format/Formatter.class)]]
[loading ZipFileIndexFileObject[/root/.m2/repository/org/springframework/spring-context/5.1.5.RELEASE/spring-context-5.1.5.RELEASE.jar(org/springframework/format/Printer.class)]]
[loading ZipFileIndexFileObject[/root/.m2/repository/org/springframework/spring-context/5.1.5.RELEASE/spring-context-5.1.5.RELEASE.jar(org/springframework/format/Parser.class)]]
[loading ZipFileIndexFileObject[/root/.m2/repository/org/mockito/mockito-core/2.23.4/mockito-core-2.23.4.jar(org/mockito/stubbing/OngoingStubbing.class)]]
[loading ZipFileIndexFileObject[/usr/local/openjdk-8/lib/ct.sym(META-INF/sym/rt.jar/java/util/function/Supplier.class)]]
[loading ZipFileIndexFileObject[/root/.m2/repository/org/junit/jupiter/junit-jupiter-api/5.3.2/junit-jupiter-api-5.3.2.jar(org/junit/jupiter/api/function/Executable.class)]]
[loading ZipFileIndexFileObject[/usr/local/openjdk-8/lib/ct.sym(META-INF/sym/rt.jar/java/lang/invoke/LambdaMetafactory.class)]]
[loading ZipFileIndexFileObject[/usr/local/openjdk-8/lib/ct.sym(META-INF/sym/rt.jar/java/lang/invoke/MethodHandles.class)]]
[loading ZipFileIndexFileObject[/usr/local/openjdk-8/lib/ct.sym(META-INF/sym/rt.jar/java/lang/invoke/MethodHandles$Lookup.class)]]
[loading ZipFileIndexFileObject[/usr/local/openjdk-8/lib/ct.sym(META-INF/sym/rt.jar/java/lang/invoke/MethodType.class)]]
[loading ZipFileIndexFileObject[/usr/local/openjdk-8/lib/ct.sym(META-INF/sym/rt.jar/java/lang/invoke/MethodHandle.class)]]
[wrote RegularFileObject[/var/jenkins_home/workspace/petclinic-checkstyle/target/test-classes/org/springframework/samples/petclinic/web/PetTypeFormatterTests$1.class]]
[wrote RegularFileObject[/var/jenkins_home/workspace/petclinic-checkstyle/target/test-classes/org/springframework/samples/petclinic/web/PetTypeFormatterTests$2.class]]
[loading ZipFileIndexFileObject[/usr/local/openjdk-8/lib/ct.sym(META-INF/sym/rt.jar/java/lang/invoke/CallSite.class)]]
[wrote RegularFileObject[/var/jenkins_home/workspace/petclinic-checkstyle/target/test-classes/org/springframework/samples/petclinic/web/PetTypeFormatterTests.class]]
[checking org.springframework.samples.petclinic.service.ClinicServiceSpringDataJpaTests]
[wrote RegularFileObject[/var/jenkins_home/workspace/petclinic-checkstyle/target/test-classes/org/springframework/samples/petclinic/service/ClinicServiceSpringDataJpaTests.class]]
[checking org.springframework.samples.petclinic.web.PetControllerTests]
[loading ZipFileIndexFileObject[/root/.m2/repository/org/springframework/spring-beans/5.1.5.RELEASE/spring-beans-5.1.5.RELEASE.jar(org/springframework/beans/factory/FactoryBean.class)]]
[loading ZipFileIndexFileObject[/root/.m2/repository/org/springframework/spring-context/5.1.5.RELEASE/spring-context-5.1.5.RELEASE.jar(org/springframework/context/EmbeddedValueResolverAware.class)]]
[loading ZipFileIndexFileObject[/root/.m2/repository/org/springframework/spring-context/5.1.5.RELEASE/spring-context-5.1.5.RELEASE.jar(org/springframework/format/support/FormattingConversionService.class)]]
[loading ZipFileIndexFileObject[/root/.m2/repository/org/springframework/spring-core/5.1.5.RELEASE/spring-core-5.1.5.RELEASE.jar(org/springframework/core/convert/support/GenericConversionService.class)]]
[wrote RegularFileObject[/var/jenkins_home/workspace/petclinic-checkstyle/target/test-classes/org/springframework/samples/petclinic/web/PetControllerTests.class]]
[checking org.springframework.samples.petclinic.service.ClinicServiceJpaTests]
[wrote RegularFileObject[/var/jenkins_home/workspace/petclinic-checkstyle/target/test-classes/org/springframework/samples/petclinic/service/ClinicServiceJpaTests.class]]
[checking org.springframework.samples.petclinic.web.OwnerControllerTests]
[wrote RegularFileObject[/var/jenkins_home/workspace/petclinic-checkstyle/target/test-classes/org/springframework/samples/petclinic/web/OwnerControllerTests.class]]
[checking org.springframework.samples.petclinic.web.VisitControllerTests]
[wrote RegularFileObject[/var/jenkins_home/workspace/petclinic-checkstyle/target/test-classes/org/springframework/samples/petclinic/web/VisitControllerTests.class]]
[checking org.springframework.samples.petclinic.service.ClinicServiceJdbcTests]
[wrote RegularFileObject[/var/jenkins_home/workspace/petclinic-checkstyle/target/test-classes/org/springframework/samples/petclinic/service/ClinicServiceJdbcTests.class]]
[checking org.springframework.samples.petclinic.web.CrashControllerTests]
[loading ZipFileIndexFileObject[/root/.m2/repository/org/springframework/spring-webmvc/5.1.5.RELEASE/spring-webmvc-5.1.5.RELEASE.jar(org/springframework/web/servlet/handler/AbstractHandlerExceptionResolver.class)]]
[loading ZipFileIndexFileObject[/root/.m2/repository/org/springframework/spring-webmvc/5.1.5.RELEASE/spring-webmvc-5.1.5.RELEASE.jar(org/springframework/web/servlet/HandlerExceptionResolver.class)]]
[loading ZipFileIndexFileObject[/root/.m2/repository/org/springframework/spring-core/5.1.5.RELEASE/spring-core-5.1.5.RELEASE.jar(org/springframework/core/Ordered.class)]]
[wrote RegularFileObject[/var/jenkins_home/workspace/petclinic-checkstyle/target/test-classes/org/springframework/samples/petclinic/web/CrashControllerTests.class]]
[total 704ms]
[INFO] 
[8mha:////4HT8YC5i/1cX2t+5WWhd4iqO+s7pzjULqQvoz1ptiER4AAAAYB+LCAAAAAAAAP9b85aBtbiIQSmjNKU4P0+vJLE4u1gvPjexLDVPzxdEGvvmZ+X75ZekLlOVfvTjc8FPJgaGiiIGKaiG5Py84vycVD1nCA1SyAABjCCFBQCV27OjYAAAAA==[0m[INFO] --- maven-surefire-plugin:2.22.0:test (default-test) @ spring-framework-petclinic ---
[INFO] 
[INFO] -------------------------------------------------------
[INFO]  T E S T S
[INFO] -------------------------------------------------------
[INFO] Running org.springframework.samples.petclinic.model.ValidatorTests
INFO  Version - HV000001: Hibernate Validator 6.0.14.Final
[INFO] Tests run: 1, Failures: 0, Errors: 0, Skipped: 0, Time elapsed: 1.338 s - in org.springframework.samples.petclinic.model.ValidatorTests
[INFO] Running org.springframework.samples.petclinic.service.ClinicServiceSpringDataJpaTests
INFO  DefaultTestContextBootstrapper - Loaded default TestExecutionListener class names from location [META-INF/spring.factories]: [org.springframework.test.context.web.ServletTestExecutionListener, org.springframework.test.context.support.DirtiesContextBeforeModesTestExecutionListener, org.springframework.test.context.support.DependencyInjectionTestExecutionListener, org.springframework.test.context.support.DirtiesContextTestExecutionListener, org.springframework.test.context.transaction.TransactionalTestExecutionListener, org.springframework.test.context.jdbc.SqlScriptsTestExecutionListener]
INFO  DefaultTestContextBootstrapper - Using TestExecutionListeners: [org.springframework.test.context.web.ServletTestExecutionListener@59b3f162, org.springframework.test.context.support.DirtiesContextBeforeModesTestExecutionListener@7ade62a6, org.springframework.test.context.support.DependencyInjectionTestExecutionListener@53d15034, org.springframework.test.context.support.DirtiesContextTestExecutionListener@9976b27, org.springframework.test.context.transaction.TransactionalTestExecutionListener@4fe9a396, org.springframework.test.context.jdbc.SqlScriptsTestExecutionListener@462b239f]
INFO  RepositoryConfigurationDelegate - Bootstrapping Spring Data repositories in DEFAULT mode.
INFO  RepositoryConfigurationDelegate - Finished Spring Data repository scanning in 150ms. Found 4 repository interfaces.
INFO  LogHelper - HHH000204: Processing PersistenceUnitInfo [
	name: petclinic
	...]
INFO  Version - HHH000412: Hibernate Core {5.3.7.Final}
INFO  Environment - HHH000206: hibernate.properties not found
INFO  Version - HCANN000001: Hibernate Commons Annotations {5.0.4.Final}
INFO  Dialect - HHH000400: Using dialect: org.hibernate.dialect.HSQLDialect
INFO  LocalContainerEntityManagerFactoryBean - Initialized JPA EntityManagerFactory for persistence unit 'petclinic'
INFO  QueryTranslatorFactoryInitiator - HHH000397: Using ASTQueryTranslatorFactory
Hibernate: select vet0_.id as id1_5_, vet0_.first_name as first_na2_5_, vet0_.last_name as last_nam3_5_ from vets vet0_
Hibernate: select specialtie0_.vet_id as vet_id1_4_0_, specialtie0_.specialty_id as specialt2_4_0_, specialty1_.id as id1_2_1_, specialty1_.name as name2_2_1_ from vet_specialties specialtie0_ inner join specialties specialty1_ on specialtie0_.specialty_id=specialty1_.id where specialtie0_.vet_id=?
Hibernate: select specialtie0_.vet_id as vet_id1_4_0_, specialtie0_.specialty_id as specialt2_4_0_, specialty1_.id as id1_2_1_, specialty1_.name as name2_2_1_ from vet_specialties specialtie0_ inner join specialties specialty1_ on specialtie0_.specialty_id=specialty1_.id where specialtie0_.vet_id=?
Hibernate: select specialtie0_.vet_id as vet_id1_4_0_, specialtie0_.specialty_id as specialt2_4_0_, specialty1_.id as id1_2_1_, specialty1_.name as name2_2_1_ from vet_specialties specialtie0_ inner join specialties specialty1_ on specialtie0_.specialty_id=specialty1_.id where specialtie0_.vet_id=?
Hibernate: select specialtie0_.vet_id as vet_id1_4_0_, specialtie0_.specialty_id as specialt2_4_0_, specialty1_.id as id1_2_1_, specialty1_.name as name2_2_1_ from vet_specialties specialtie0_ inner join specialties specialty1_ on specialtie0_.specialty_id=specialty1_.id where specialtie0_.vet_id=?
Hibernate: select specialtie0_.vet_id as vet_id1_4_0_, specialtie0_.specialty_id as specialt2_4_0_, specialty1_.id as id1_2_1_, specialty1_.name as name2_2_1_ from vet_specialties specialtie0_ inner join specialties specialty1_ on specialtie0_.specialty_id=specialty1_.id where specialtie0_.vet_id=?
Hibernate: select specialtie0_.vet_id as vet_id1_4_0_, specialtie0_.specialty_id as specialt2_4_0_, specialty1_.id as id1_2_1_, specialty1_.name as name2_2_1_ from vet_specialties specialtie0_ inner join specialties specialty1_ on specialtie0_.specialty_id=specialty1_.id where specialtie0_.vet_id=?
Hibernate: select distinct owner0_.id as id1_0_0_, pets1_.id as id1_1_1_, owner0_.first_name as first_na2_0_0_, owner0_.last_name as last_nam3_0_0_, owner0_.address as address4_0_0_, owner0_.city as city5_0_0_, owner0_.telephone as telephon6_0_0_, pets1_.name as name2_1_1_, pets1_.birth_date as birth_da3_1_1_, pets1_.owner_id as owner_id4_1_1_, pets1_.type_id as type_id5_1_1_, pets1_.owner_id as owner_id4_1_0__, pets1_.id as id1_1_0__ from owners owner0_ left outer join pets pets1_ on owner0_.id=pets1_.owner_id where owner0_.last_name like ?
Hibernate: select pettype0_.id as id1_3_0_, pettype0_.name as name2_3_0_ from types pettype0_ where pettype0_.id=?
Hibernate: select pettype0_.id as id1_3_0_, pettype0_.name as name2_3_0_ from types pettype0_ where pettype0_.id=?
Hibernate: select visits0_.pet_id as pet_id4_6_0_, visits0_.id as id1_6_0_, visits0_.id as id1_6_1_, visits0_.visit_date as visit_da2_6_1_, visits0_.description as descript3_6_1_, visits0_.pet_id as pet_id4_6_1_ from visits visits0_ where visits0_.pet_id=?
Hibernate: select visits0_.pet_id as pet_id4_6_0_, visits0_.id as id1_6_0_, visits0_.id as id1_6_1_, visits0_.visit_date as visit_da2_6_1_, visits0_.description as descript3_6_1_, visits0_.pet_id as pet_id4_6_1_ from visits visits0_ where visits0_.pet_id=?
Hibernate: select distinct owner0_.id as id1_0_0_, pets1_.id as id1_1_1_, owner0_.first_name as first_na2_0_0_, owner0_.last_name as last_nam3_0_0_, owner0_.address as address4_0_0_, owner0_.city as city5_0_0_, owner0_.telephone as telephon6_0_0_, pets1_.name as name2_1_1_, pets1_.birth_date as birth_da3_1_1_, pets1_.owner_id as owner_id4_1_1_, pets1_.type_id as type_id5_1_1_, pets1_.owner_id as owner_id4_1_0__, pets1_.id as id1_1_0__ from owners owner0_ left outer join pets pets1_ on owner0_.id=pets1_.owner_id where owner0_.last_name like ?
INFO  TransactionContext - Began transaction (1) for test context [DefaultTestContext@16367774 testClass = ClinicServiceSpringDataJpaTests, testInstance = org.springframework.samples.petclinic.service.ClinicServiceSpringDataJpaTests@74367715, testMethod = shouldAddNewVisitForPet@AbstractClinicServiceTests, testException = [null], mergedContextConfiguration = [MergedContextConfiguration@710ee5b1 testClass = ClinicServiceSpringDataJpaTests, locations = '{classpath:spring/business-config.xml}', classes = '{}', contextInitializerClasses = '[]', activeProfiles = '{spring-data-jpa}', propertySourceLocations = '{}', propertySourceProperties = '{}', contextCustomizers = set[[empty]], contextLoader = 'org.springframework.test.context.support.DelegatingSmartContextLoader', parent = [null]], attributes = map[[empty]]]; transaction manager [org.springframework.orm.jpa.JpaTransactionManager@33d2afd9]; rollback [true]
Hibernate: select pet0_.id as id1_1_0_, pet0_.name as name2_1_0_, pet0_.birth_date as birth_da3_1_0_, pet0_.owner_id as owner_id4_1_0_, pet0_.type_id as type_id5_1_0_, owner1_.id as id1_0_1_, owner1_.first_name as first_na2_0_1_, owner1_.last_name as last_nam3_0_1_, owner1_.address as address4_0_1_, owner1_.city as city5_0_1_, owner1_.telephone as telephon6_0_1_, pettype2_.id as id1_3_2_, pettype2_.name as name2_3_2_, visits3_.pet_id as pet_id4_6_3_, visits3_.id as id1_6_3_, visits3_.id as id1_6_4_, visits3_.visit_date as visit_da2_6_4_, visits3_.description as descript3_6_4_, visits3_.pet_id as pet_id4_6_4_ from pets pet0_ left outer join owners owner1_ on pet0_.owner_id=owner1_.id left outer join types pettype2_ on pet0_.type_id=pettype2_.id left outer join visits visits3_ on pet0_.id=visits3_.pet_id where pet0_.id=?
Hibernate: insert into visits (id, visit_date, description, pet_id) values (default, ?, ?, ?)
INFO  TransactionContext - Rolled back transaction for test: [DefaultTestContext@16367774 testClass = ClinicServiceSpringDataJpaTests, testInstance = org.springframework.samples.petclinic.service.ClinicServiceSpringDataJpaTests@74367715, testMethod = shouldAddNewVisitForPet@AbstractClinicServiceTests, testException = [null], mergedContextConfiguration = [MergedContextConfiguration@710ee5b1 testClass = ClinicServiceSpringDataJpaTests, locations = '{classpath:spring/business-config.xml}', classes = '{}', contextInitializerClasses = '[]', activeProfiles = '{spring-data-jpa}', propertySourceLocations = '{}', propertySourceProperties = '{}', contextCustomizers = set[[empty]], contextLoader = 'org.springframework.test.context.support.DelegatingSmartContextLoader', parent = [null]], attributes = map[[empty]]]
INFO  TransactionContext - Began transaction (1) for test context [DefaultTestContext@16367774 testClass = ClinicServiceSpringDataJpaTests, testInstance = org.springframework.samples.petclinic.service.ClinicServiceSpringDataJpaTests@4b501bec, testMethod = shouldUpdateOwner@AbstractClinicServiceTests, testException = [null], mergedContextConfiguration = [MergedContextConfiguration@710ee5b1 testClass = ClinicServiceSpringDataJpaTests, locations = '{classpath:spring/business-config.xml}', classes = '{}', contextInitializerClasses = '[]', activeProfiles = '{spring-data-jpa}', propertySourceLocations = '{}', propertySourceProperties = '{}', contextCustomizers = set[[empty]], contextLoader = 'org.springframework.test.context.support.DelegatingSmartContextLoader', parent = [null]], attributes = map[[empty]]]; transaction manager [org.springframework.orm.jpa.JpaTransactionManager@33d2afd9]; rollback [true]
Hibernate: select owner0_.id as id1_0_0_, pets1_.id as id1_1_1_, owner0_.first_name as first_na2_0_0_, owner0_.last_name as last_nam3_0_0_, owner0_.address as address4_0_0_, owner0_.city as city5_0_0_, owner0_.telephone as telephon6_0_0_, pets1_.name as name2_1_1_, pets1_.birth_date as birth_da3_1_1_, pets1_.owner_id as owner_id4_1_1_, pets1_.type_id as type_id5_1_1_, pets1_.owner_id as owner_id4_1_0__, pets1_.id as id1_1_0__ from owners owner0_ left outer join pets pets1_ on owner0_.id=pets1_.owner_id where owner0_.id=?
Hibernate: select pettype0_.id as id1_3_0_, pettype0_.name as name2_3_0_ from types pettype0_ where pettype0_.id=?
Hibernate: select visits0_.pet_id as pet_id4_6_0_, visits0_.id as id1_6_0_, visits0_.id as id1_6_1_, visits0_.visit_date as visit_da2_6_1_, visits0_.description as descript3_6_1_, visits0_.pet_id as pet_id4_6_1_ from visits visits0_ where visits0_.pet_id=?
Hibernate: update owners set first_name=?, last_name=?, address=?, city=?, telephone=? where id=?
Hibernate: select owner0_.id as id1_0_0_, pets1_.id as id1_1_1_, owner0_.first_name as first_na2_0_0_, owner0_.last_name as last_nam3_0_0_, owner0_.address as address4_0_0_, owner0_.city as city5_0_0_, owner0_.telephone as telephon6_0_0_, pets1_.name as name2_1_1_, pets1_.birth_date as birth_da3_1_1_, pets1_.owner_id as owner_id4_1_1_, pets1_.type_id as type_id5_1_1_, pets1_.owner_id as owner_id4_1_0__, pets1_.id as id1_1_0__ from owners owner0_ left outer join pets pets1_ on owner0_.id=pets1_.owner_id where owner0_.id=?
INFO  TransactionContext - Rolled back transaction for test: [DefaultTestContext@16367774 testClass = ClinicServiceSpringDataJpaTests, testInstance = org.springframework.samples.petclinic.service.ClinicServiceSpringDataJpaTests@4b501bec, testMethod = shouldUpdateOwner@AbstractClinicServiceTests, testException = [null], mergedContextConfiguration = [MergedContextConfiguration@710ee5b1 testClass = ClinicServiceSpringDataJpaTests, locations = '{classpath:spring/business-config.xml}', classes = '{}', contextInitializerClasses = '[]', activeProfiles = '{spring-data-jpa}', propertySourceLocations = '{}', propertySourceProperties = '{}', contextCustomizers = set[[empty]], contextLoader = 'org.springframework.test.context.support.DelegatingSmartContextLoader', parent = [null]], attributes = map[[empty]]]
Hibernate: select visit0_.id as id1_6_, visit0_.visit_date as visit_da2_6_, visit0_.description as descript3_6_, visit0_.pet_id as pet_id4_6_ from visits visit0_ left outer join pets pet1_ on visit0_.pet_id=pet1_.id where pet1_.id=?
Hibernate: select pet0_.id as id1_1_0_, pet0_.name as name2_1_0_, pet0_.birth_date as birth_da3_1_0_, pet0_.owner_id as owner_id4_1_0_, pet0_.type_id as type_id5_1_0_, owner1_.id as id1_0_1_, owner1_.first_name as first_na2_0_1_, owner1_.last_name as last_nam3_0_1_, owner1_.address as address4_0_1_, owner1_.city as city5_0_1_, owner1_.telephone as telephon6_0_1_, pettype2_.id as id1_3_2_, pettype2_.name as name2_3_2_, visits3_.pet_id as pet_id4_6_3_, visits3_.id as id1_6_3_, visits3_.id as id1_6_4_, visits3_.visit_date as visit_da2_6_4_, visits3_.description as descript3_6_4_, visits3_.pet_id as pet_id4_6_4_ from pets pet0_ left outer join owners owner1_ on pet0_.owner_id=owner1_.id left outer join types pettype2_ on pet0_.type_id=pettype2_.id left outer join visits visits3_ on pet0_.id=visits3_.pet_id where pet0_.id=?
INFO  TransactionContext - Began transaction (1) for test context [DefaultTestContext@16367774 testClass = ClinicServiceSpringDataJpaTests, testInstance = org.springframework.samples.petclinic.service.ClinicServiceSpringDataJpaTests@545b49eb, testMethod = shouldInsertPetIntoDatabaseAndGenerateId@AbstractClinicServiceTests, testException = [null], mergedContextConfiguration = [MergedContextConfiguration@710ee5b1 testClass = ClinicServiceSpringDataJpaTests, locations = '{classpath:spring/business-config.xml}', classes = '{}', contextInitializerClasses = '[]', activeProfiles = '{spring-data-jpa}', propertySourceLocations = '{}', propertySourceProperties = '{}', contextCustomizers = set[[empty]], contextLoader = 'org.springframework.test.context.support.DelegatingSmartContextLoader', parent = [null]], attributes = map[[empty]]]; transaction manager [org.springframework.orm.jpa.JpaTransactionManager@33d2afd9]; rollback [true]
Hibernate: select owner0_.id as id1_0_0_, pets1_.id as id1_1_1_, owner0_.first_name as first_na2_0_0_, owner0_.last_name as last_nam3_0_0_, owner0_.address as address4_0_0_, owner0_.city as city5_0_0_, owner0_.telephone as telephon6_0_0_, pets1_.name as name2_1_1_, pets1_.birth_date as birth_da3_1_1_, pets1_.owner_id as owner_id4_1_1_, pets1_.type_id as type_id5_1_1_, pets1_.owner_id as owner_id4_1_0__, pets1_.id as id1_1_0__ from owners owner0_ left outer join pets pets1_ on owner0_.id=pets1_.owner_id where owner0_.id=?
Hibernate: select pettype0_.id as id1_3_0_, pettype0_.name as name2_3_0_ from types pettype0_ where pettype0_.id=?
Hibernate: select visits0_.pet_id as pet_id4_6_0_, visits0_.id as id1_6_0_, visits0_.id as id1_6_1_, visits0_.visit_date as visit_da2_6_1_, visits0_.description as descript3_6_1_, visits0_.pet_id as pet_id4_6_1_ from visits visits0_ where visits0_.pet_id=?
Hibernate: select visits0_.pet_id as pet_id4_6_0_, visits0_.id as id1_6_0_, visits0_.id as id1_6_1_, visits0_.visit_date as visit_da2_6_1_, visits0_.description as descript3_6_1_, visits0_.pet_id as pet_id4_6_1_ from visits visits0_ where visits0_.pet_id=?
Hibernate: select pettype0_.id as id1_3_, pettype0_.name as name2_3_ from types pettype0_ order by pettype0_.name
Hibernate: insert into pets (id, name, birth_date, owner_id, type_id) values (default, ?, ?, ?, ?)
Hibernate: select owner0_.id as id1_0_0_, pets1_.id as id1_1_1_, owner0_.first_name as first_na2_0_0_, owner0_.last_name as last_nam3_0_0_, owner0_.address as address4_0_0_, owner0_.city as city5_0_0_, owner0_.telephone as telephon6_0_0_, pets1_.name as name2_1_1_, pets1_.birth_date as birth_da3_1_1_, pets1_.owner_id as owner_id4_1_1_, pets1_.type_id as type_id5_1_1_, pets1_.owner_id as owner_id4_1_0__, pets1_.id as id1_1_0__ from owners owner0_ left outer join pets pets1_ on owner0_.id=pets1_.owner_id where owner0_.id=?
INFO  TransactionContext - Rolled back transaction for test: [DefaultTestContext@16367774 testClass = ClinicServiceSpringDataJpaTests, testInstance = org.springframework.samples.petclinic.service.ClinicServiceSpringDataJpaTests@545b49eb, testMethod = shouldInsertPetIntoDatabaseAndGenerateId@AbstractClinicServiceTests, testException = [null], mergedContextConfiguration = [MergedContextConfiguration@710ee5b1 testClass = ClinicServiceSpringDataJpaTests, locations = '{classpath:spring/business-config.xml}', classes = '{}', contextInitializerClasses = '[]', activeProfiles = '{spring-data-jpa}', propertySourceLocations = '{}', propertySourceProperties = '{}', contextCustomizers = set[[empty]], contextLoader = 'org.springframework.test.context.support.DelegatingSmartContextLoader', parent = [null]], attributes = map[[empty]]]
INFO  TransactionContext - Began transaction (1) for test context [DefaultTestContext@16367774 testClass = ClinicServiceSpringDataJpaTests, testInstance = org.springframework.samples.petclinic.service.ClinicServiceSpringDataJpaTests@7775dca5, testMethod = shouldInsertOwner@AbstractClinicServiceTests, testException = [null], mergedContextConfiguration = [MergedContextConfiguration@710ee5b1 testClass = ClinicServiceSpringDataJpaTests, locations = '{classpath:spring/business-config.xml}', classes = '{}', contextInitializerClasses = '[]', activeProfiles = '{spring-data-jpa}', propertySourceLocations = '{}', propertySourceProperties = '{}', contextCustomizers = set[[empty]], contextLoader = 'org.springframework.test.context.support.DelegatingSmartContextLoader', parent = [null]], attributes = map[[empty]]]; transaction manager [org.springframework.orm.jpa.JpaTransactionManager@33d2afd9]; rollback [true]
Hibernate: select distinct owner0_.id as id1_0_0_, pets1_.id as id1_1_1_, owner0_.first_name as first_na2_0_0_, owner0_.last_name as last_nam3_0_0_, owner0_.address as address4_0_0_, owner0_.city as city5_0_0_, owner0_.telephone as telephon6_0_0_, pets1_.name as name2_1_1_, pets1_.birth_date as birth_da3_1_1_, pets1_.owner_id as owner_id4_1_1_, pets1_.type_id as type_id5_1_1_, pets1_.owner_id as owner_id4_1_0__, pets1_.id as id1_1_0__ from owners owner0_ left outer join pets pets1_ on owner0_.id=pets1_.owner_id where owner0_.last_name like ?
Hibernate: insert into owners (id, first_name, last_name, address, city, telephone) values (default, ?, ?, ?, ?, ?)
Hibernate: select distinct owner0_.id as id1_0_0_, pets1_.id as id1_1_1_, owner0_.first_name as first_na2_0_0_, owner0_.last_name as last_nam3_0_0_, owner0_.address as address4_0_0_, owner0_.city as city5_0_0_, owner0_.telephone as telephon6_0_0_, pets1_.name as name2_1_1_, pets1_.birth_date as birth_da3_1_1_, pets1_.owner_id as owner_id4_1_1_, pets1_.type_id as type_id5_1_1_, pets1_.owner_id as owner_id4_1_0__, pets1_.id as id1_1_0__ from owners owner0_ left outer join pets pets1_ on owner0_.id=pets1_.owner_id where owner0_.last_name like ?
INFO  TransactionContext - Rolled back transaction for test: [DefaultTestContext@16367774 testClass = ClinicServiceSpringDataJpaTests, testInstance = org.springframework.samples.petclinic.service.ClinicServiceSpringDataJpaTests@7775dca5, testMethod = shouldInsertOwner@AbstractClinicServiceTests, testException = [null], mergedContextConfiguration = [MergedContextConfiguration@710ee5b1 testClass = ClinicServiceSpringDataJpaTests, locations = '{classpath:spring/business-config.xml}', classes = '{}', contextInitializerClasses = '[]', activeProfiles = '{spring-data-jpa}', propertySourceLocations = '{}', propertySourceProperties = '{}', contextCustomizers = set[[empty]], contextLoader = 'org.springframework.test.context.support.DelegatingSmartContextLoader', parent = [null]], attributes = map[[empty]]]
Hibernate: select owner0_.id as id1_0_0_, pets1_.id as id1_1_1_, owner0_.first_name as first_na2_0_0_, owner0_.last_name as last_nam3_0_0_, owner0_.address as address4_0_0_, owner0_.city as city5_0_0_, owner0_.telephone as telephon6_0_0_, pets1_.name as name2_1_1_, pets1_.birth_date as birth_da3_1_1_, pets1_.owner_id as owner_id4_1_1_, pets1_.type_id as type_id5_1_1_, pets1_.owner_id as owner_id4_1_0__, pets1_.id as id1_1_0__ from owners owner0_ left outer join pets pets1_ on owner0_.id=pets1_.owner_id where owner0_.id=?
Hibernate: select pettype0_.id as id1_3_0_, pettype0_.name as name2_3_0_ from types pettype0_ where pettype0_.id=?
Hibernate: select visits0_.pet_id as pet_id4_6_0_, visits0_.id as id1_6_0_, visits0_.id as id1_6_1_, visits0_.visit_date as visit_da2_6_1_, visits0_.description as descript3_6_1_, visits0_.pet_id as pet_id4_6_1_ from visits visits0_ where visits0_.pet_id=?
INFO  TransactionContext - Began transaction (1) for test context [DefaultTestContext@16367774 testClass = ClinicServiceSpringDataJpaTests, testInstance = org.springframework.samples.petclinic.service.ClinicServiceSpringDataJpaTests@4edb6306, testMethod = shouldUpdatePetName@AbstractClinicServiceTests, testException = [null], mergedContextConfiguration = [MergedContextConfiguration@710ee5b1 testClass = ClinicServiceSpringDataJpaTests, locations = '{classpath:spring/business-config.xml}', classes = '{}', contextInitializerClasses = '[]', activeProfiles = '{spring-data-jpa}', propertySourceLocations = '{}', propertySourceProperties = '{}', contextCustomizers = set[[empty]], contextLoader = 'org.springframework.test.context.support.DelegatingSmartContextLoader', parent = [null]], attributes = map[[empty]]]; transaction manager [org.springframework.orm.jpa.JpaTransactionManager@33d2afd9]; rollback [true]
Hibernate: select pet0_.id as id1_1_0_, pet0_.name as name2_1_0_, pet0_.birth_date as birth_da3_1_0_, pet0_.owner_id as owner_id4_1_0_, pet0_.type_id as type_id5_1_0_, owner1_.id as id1_0_1_, owner1_.first_name as first_na2_0_1_, owner1_.last_name as last_nam3_0_1_, owner1_.address as address4_0_1_, owner1_.city as city5_0_1_, owner1_.telephone as telephon6_0_1_, pettype2_.id as id1_3_2_, pettype2_.name as name2_3_2_, visits3_.pet_id as pet_id4_6_3_, visits3_.id as id1_6_3_, visits3_.id as id1_6_4_, visits3_.visit_date as visit_da2_6_4_, visits3_.description as descript3_6_4_, visits3_.pet_id as pet_id4_6_4_ from pets pet0_ left outer join owners owner1_ on pet0_.owner_id=owner1_.id left outer join types pettype2_ on pet0_.type_id=pettype2_.id left outer join visits visits3_ on pet0_.id=visits3_.pet_id where pet0_.id=?
INFO  TransactionContext - Rolled back transaction for test: [DefaultTestContext@16367774 testClass = ClinicServiceSpringDataJpaTests, testInstance = org.springframework.samples.petclinic.service.ClinicServiceSpringDataJpaTests@4edb6306, testMethod = shouldUpdatePetName@AbstractClinicServiceTests, testException = [null], mergedContextConfiguration = [MergedContextConfiguration@710ee5b1 testClass = ClinicServiceSpringDataJpaTests, locations = '{classpath:spring/business-config.xml}', classes = '{}', contextInitializerClasses = '[]', activeProfiles = '{spring-data-jpa}', propertySourceLocations = '{}', propertySourceProperties = '{}', contextCustomizers = set[[empty]], contextLoader = 'org.springframework.test.context.support.DelegatingSmartContextLoader', parent = [null]], attributes = map[[empty]]]
Hibernate: select pettype0_.id as id1_3_, pettype0_.name as name2_3_ from types pettype0_ order by pettype0_.name
Hibernate: select pet0_.id as id1_1_0_, pet0_.name as name2_1_0_, pet0_.birth_date as birth_da3_1_0_, pet0_.owner_id as owner_id4_1_0_, pet0_.type_id as type_id5_1_0_, owner1_.id as id1_0_1_, owner1_.first_name as first_na2_0_1_, owner1_.last_name as last_nam3_0_1_, owner1_.address as address4_0_1_, owner1_.city as city5_0_1_, owner1_.telephone as telephon6_0_1_, pettype2_.id as id1_3_2_, pettype2_.name as name2_3_2_, visits3_.pet_id as pet_id4_6_3_, visits3_.id as id1_6_3_, visits3_.id as id1_6_4_, visits3_.visit_date as visit_da2_6_4_, visits3_.description as descript3_6_4_, visits3_.pet_id as pet_id4_6_4_ from pets pet0_ left outer join owners owner1_ on pet0_.owner_id=owner1_.id left outer join types pettype2_ on pet0_.type_id=pettype2_.id left outer join visits visits3_ on pet0_.id=visits3_.pet_id where pet0_.id=?
[INFO] Tests run: 11, Failures: 0, Errors: 0, Skipped: 0, Time elapsed: 6.724 s - in org.springframework.samples.petclinic.service.ClinicServiceSpringDataJpaTests
[INFO] Running org.springframework.samples.petclinic.service.ClinicServiceJpaTests
INFO  DefaultTestContextBootstrapper - Loaded default TestExecutionListener class names from location [META-INF/spring.factories]: [org.springframework.test.context.web.ServletTestExecutionListener, org.springframework.test.context.support.DirtiesContextBeforeModesTestExecutionListener, org.springframework.test.context.support.DependencyInjectionTestExecutionListener, org.springframework.test.context.support.DirtiesContextTestExecutionListener, org.springframework.test.context.transaction.TransactionalTestExecutionListener, org.springframework.test.context.jdbc.SqlScriptsTestExecutionListener]
INFO  DefaultTestContextBootstrapper - Using TestExecutionListeners: [org.springframework.test.context.web.ServletTestExecutionListener@504a6a7e, org.springframework.test.context.support.DirtiesContextBeforeModesTestExecutionListener@17c4036c, org.springframework.test.context.support.DependencyInjectionTestExecutionListener@362523b0, org.springframework.test.context.support.DirtiesContextTestExecutionListener@54789d7, org.springframework.test.context.transaction.TransactionalTestExecutionListener@6dd0a9b, org.springframework.test.context.jdbc.SqlScriptsTestExecutionListener@3135a64f]
INFO  LogHelper - HHH000204: Processing PersistenceUnitInfo [
	name: petclinic
	...]
INFO  Dialect - HHH000400: Using dialect: org.hibernate.dialect.HSQLDialect
INFO  LocalContainerEntityManagerFactoryBean - Initialized JPA EntityManagerFactory for persistence unit 'petclinic'
INFO  QueryTranslatorFactoryInitiator - HHH000397: Using ASTQueryTranslatorFactory
Hibernate: select distinct vet0_.id as id1_5_0_, specialty2_.id as id1_2_1_, vet0_.first_name as first_na2_5_0_, vet0_.last_name as last_nam3_5_0_, specialty2_.name as name2_2_1_, specialtie1_.vet_id as vet_id1_4_0__, specialtie1_.specialty_id as specialt2_4_0__ from vets vet0_ left outer join vet_specialties specialtie1_ on vet0_.id=specialtie1_.vet_id left outer join specialties specialty2_ on specialtie1_.specialty_id=specialty2_.id order by vet0_.last_name, vet0_.first_name
Hibernate: select distinct owner0_.id as id1_0_0_, pets1_.id as id1_1_1_, owner0_.first_name as first_na2_0_0_, owner0_.last_name as last_nam3_0_0_, owner0_.address as address4_0_0_, owner0_.city as city5_0_0_, owner0_.telephone as telephon6_0_0_, pets1_.name as name2_1_1_, pets1_.birth_date as birth_da3_1_1_, pets1_.owner_id as owner_id4_1_1_, pets1_.type_id as type_id5_1_1_, pets1_.owner_id as owner_id4_1_0__, pets1_.id as id1_1_0__ from owners owner0_ left outer join pets pets1_ on owner0_.id=pets1_.owner_id where owner0_.last_name like ?
Hibernate: select pettype0_.id as id1_3_0_, pettype0_.name as name2_3_0_ from types pettype0_ where pettype0_.id=?
Hibernate: select pettype0_.id as id1_3_0_, pettype0_.name as name2_3_0_ from types pettype0_ where pettype0_.id=?
Hibernate: select visits0_.pet_id as pet_id4_6_0_, visits0_.id as id1_6_0_, visits0_.id as id1_6_1_, visits0_.visit_date as visit_da2_6_1_, visits0_.description as descript3_6_1_, visits0_.pet_id as pet_id4_6_1_ from visits visits0_ where visits0_.pet_id=?
Hibernate: select visits0_.pet_id as pet_id4_6_0_, visits0_.id as id1_6_0_, visits0_.id as id1_6_1_, visits0_.visit_date as visit_da2_6_1_, visits0_.description as descript3_6_1_, visits0_.pet_id as pet_id4_6_1_ from visits visits0_ where visits0_.pet_id=?
Hibernate: select distinct owner0_.id as id1_0_0_, pets1_.id as id1_1_1_, owner0_.first_name as first_na2_0_0_, owner0_.last_name as last_nam3_0_0_, owner0_.address as address4_0_0_, owner0_.city as city5_0_0_, owner0_.telephone as telephon6_0_0_, pets1_.name as name2_1_1_, pets1_.birth_date as birth_da3_1_1_, pets1_.owner_id as owner_id4_1_1_, pets1_.type_id as type_id5_1_1_, pets1_.owner_id as owner_id4_1_0__, pets1_.id as id1_1_0__ from owners owner0_ left outer join pets pets1_ on owner0_.id=pets1_.owner_id where owner0_.last_name like ?
INFO  TransactionContext - Began transaction (1) for test context [DefaultTestContext@2117cd59 testClass = ClinicServiceJpaTests, testInstance = org.springframework.samples.petclinic.service.ClinicServiceJpaTests@54a53878, testMethod = shouldAddNewVisitForPet@AbstractClinicServiceTests, testException = [null], mergedContextConfiguration = [MergedContextConfiguration@2a2b8b5b testClass = ClinicServiceJpaTests, locations = '{classpath:spring/business-config.xml}', classes = '{}', contextInitializerClasses = '[]', activeProfiles = '{jpa}', propertySourceLocations = '{}', propertySourceProperties = '{}', contextCustomizers = set[[empty]], contextLoader = 'org.springframework.test.context.support.DelegatingSmartContextLoader', parent = [null]], attributes = map[[empty]]]; transaction manager [org.springframework.orm.jpa.JpaTransactionManager@1956d3a2]; rollback [true]
Hibernate: select pet0_.id as id1_1_0_, pet0_.name as name2_1_0_, pet0_.birth_date as birth_da3_1_0_, pet0_.owner_id as owner_id4_1_0_, pet0_.type_id as type_id5_1_0_, owner1_.id as id1_0_1_, owner1_.first_name as first_na2_0_1_, owner1_.last_name as last_nam3_0_1_, owner1_.address as address4_0_1_, owner1_.city as city5_0_1_, owner1_.telephone as telephon6_0_1_, pettype2_.id as id1_3_2_, pettype2_.name as name2_3_2_, visits3_.pet_id as pet_id4_6_3_, visits3_.id as id1_6_3_, visits3_.id as id1_6_4_, visits3_.visit_date as visit_da2_6_4_, visits3_.description as descript3_6_4_, visits3_.pet_id as pet_id4_6_4_ from pets pet0_ left outer join owners owner1_ on pet0_.owner_id=owner1_.id left outer join types pettype2_ on pet0_.type_id=pettype2_.id left outer join visits visits3_ on pet0_.id=visits3_.pet_id where pet0_.id=?
Hibernate: insert into visits (id, visit_date, description, pet_id) values (default, ?, ?, ?)
INFO  TransactionContext - Rolled back transaction for test: [DefaultTestContext@2117cd59 testClass = ClinicServiceJpaTests, testInstance = org.springframework.samples.petclinic.service.ClinicServiceJpaTests@54a53878, testMethod = shouldAddNewVisitForPet@AbstractClinicServiceTests, testException = [null], mergedContextConfiguration = [MergedContextConfiguration@2a2b8b5b testClass = ClinicServiceJpaTests, locations = '{classpath:spring/business-config.xml}', classes = '{}', contextInitializerClasses = '[]', activeProfiles = '{jpa}', propertySourceLocations = '{}', propertySourceProperties = '{}', contextCustomizers = set[[empty]], contextLoader = 'org.springframework.test.context.support.DelegatingSmartContextLoader', parent = [null]], attributes = map[[empty]]]
INFO  TransactionContext - Began transaction (1) for test context [DefaultTestContext@2117cd59 testClass = ClinicServiceJpaTests, testInstance = org.springframework.samples.petclinic.service.ClinicServiceJpaTests@73ed5944, testMethod = shouldUpdateOwner@AbstractClinicServiceTests, testException = [null], mergedContextConfiguration = [MergedContextConfiguration@2a2b8b5b testClass = ClinicServiceJpaTests, locations = '{classpath:spring/business-config.xml}', classes = '{}', contextInitializerClasses = '[]', activeProfiles = '{jpa}', propertySourceLocations = '{}', propertySourceProperties = '{}', contextCustomizers = set[[empty]], contextLoader = 'org.springframework.test.context.support.DelegatingSmartContextLoader', parent = [null]], attributes = map[[empty]]]; transaction manager [org.springframework.orm.jpa.JpaTransactionManager@1956d3a2]; rollback [true]
Hibernate: select owner0_.id as id1_0_0_, pets1_.id as id1_1_1_, owner0_.first_name as first_na2_0_0_, owner0_.last_name as last_nam3_0_0_, owner0_.address as address4_0_0_, owner0_.city as city5_0_0_, owner0_.telephone as telephon6_0_0_, pets1_.name as name2_1_1_, pets1_.birth_date as birth_da3_1_1_, pets1_.owner_id as owner_id4_1_1_, pets1_.type_id as type_id5_1_1_, pets1_.owner_id as owner_id4_1_0__, pets1_.id as id1_1_0__ from owners owner0_ left outer join pets pets1_ on owner0_.id=pets1_.owner_id where owner0_.id=?
Hibernate: select pettype0_.id as id1_3_0_, pettype0_.name as name2_3_0_ from types pettype0_ where pettype0_.id=?
Hibernate: select visits0_.pet_id as pet_id4_6_0_, visits0_.id as id1_6_0_, visits0_.id as id1_6_1_, visits0_.visit_date as visit_da2_6_1_, visits0_.description as descript3_6_1_, visits0_.pet_id as pet_id4_6_1_ from visits visits0_ where visits0_.pet_id=?
Hibernate: update owners set first_name=?, last_name=?, address=?, city=?, telephone=? where id=?
Hibernate: select owner0_.id as id1_0_0_, pets1_.id as id1_1_1_, owner0_.first_name as first_na2_0_0_, owner0_.last_name as last_nam3_0_0_, owner0_.address as address4_0_0_, owner0_.city as city5_0_0_, owner0_.telephone as telephon6_0_0_, pets1_.name as name2_1_1_, pets1_.birth_date as birth_da3_1_1_, pets1_.owner_id as owner_id4_1_1_, pets1_.type_id as type_id5_1_1_, pets1_.owner_id as owner_id4_1_0__, pets1_.id as id1_1_0__ from owners owner0_ left outer join pets pets1_ on owner0_.id=pets1_.owner_id where owner0_.id=?
INFO  TransactionContext - Rolled back transaction for test: [DefaultTestContext@2117cd59 testClass = ClinicServiceJpaTests, testInstance = org.springframework.samples.petclinic.service.ClinicServiceJpaTests@73ed5944, testMethod = shouldUpdateOwner@AbstractClinicServiceTests, testException = [null], mergedContextConfiguration = [MergedContextConfiguration@2a2b8b5b testClass = ClinicServiceJpaTests, locations = '{classpath:spring/business-config.xml}', classes = '{}', contextInitializerClasses = '[]', activeProfiles = '{jpa}', propertySourceLocations = '{}', propertySourceProperties = '{}', contextCustomizers = set[[empty]], contextLoader = 'org.springframework.test.context.support.DelegatingSmartContextLoader', parent = [null]], attributes = map[[empty]]]
Hibernate: select visit0_.id as id1_6_, visit0_.visit_date as visit_da2_6_, visit0_.description as descript3_6_, visit0_.pet_id as pet_id4_6_ from visits visit0_ where visit0_.pet_id=?
Hibernate: select pet0_.id as id1_1_0_, pet0_.name as name2_1_0_, pet0_.birth_date as birth_da3_1_0_, pet0_.owner_id as owner_id4_1_0_, pet0_.type_id as type_id5_1_0_, owner1_.id as id1_0_1_, owner1_.first_name as first_na2_0_1_, owner1_.last_name as last_nam3_0_1_, owner1_.address as address4_0_1_, owner1_.city as city5_0_1_, owner1_.telephone as telephon6_0_1_, pettype2_.id as id1_3_2_, pettype2_.name as name2_3_2_, visits3_.pet_id as pet_id4_6_3_, visits3_.id as id1_6_3_, visits3_.id as id1_6_4_, visits3_.visit_date as visit_da2_6_4_, visits3_.description as descript3_6_4_, visits3_.pet_id as pet_id4_6_4_ from pets pet0_ left outer join owners owner1_ on pet0_.owner_id=owner1_.id left outer join types pettype2_ on pet0_.type_id=pettype2_.id left outer join visits visits3_ on pet0_.id=visits3_.pet_id where pet0_.id=?
INFO  TransactionContext - Began transaction (1) for test context [DefaultTestContext@2117cd59 testClass = ClinicServiceJpaTests, testInstance = org.springframework.samples.petclinic.service.ClinicServiceJpaTests@14ab14c2, testMethod = shouldInsertPetIntoDatabaseAndGenerateId@AbstractClinicServiceTests, testException = [null], mergedContextConfiguration = [MergedContextConfiguration@2a2b8b5b testClass = ClinicServiceJpaTests, locations = '{classpath:spring/business-config.xml}', classes = '{}', contextInitializerClasses = '[]', activeProfiles = '{jpa}', propertySourceLocations = '{}', propertySourceProperties = '{}', contextCustomizers = set[[empty]], contextLoader = 'org.springframework.test.context.support.DelegatingSmartContextLoader', parent = [null]], attributes = map[[empty]]]; transaction manager [org.springframework.orm.jpa.JpaTransactionManager@1956d3a2]; rollback [true]
Hibernate: select owner0_.id as id1_0_0_, pets1_.id as id1_1_1_, owner0_.first_name as first_na2_0_0_, owner0_.last_name as last_nam3_0_0_, owner0_.address as address4_0_0_, owner0_.city as city5_0_0_, owner0_.telephone as telephon6_0_0_, pets1_.name as name2_1_1_, pets1_.birth_date as birth_da3_1_1_, pets1_.owner_id as owner_id4_1_1_, pets1_.type_id as type_id5_1_1_, pets1_.owner_id as owner_id4_1_0__, pets1_.id as id1_1_0__ from owners owner0_ left outer join pets pets1_ on owner0_.id=pets1_.owner_id where owner0_.id=?
Hibernate: select pettype0_.id as id1_3_0_, pettype0_.name as name2_3_0_ from types pettype0_ where pettype0_.id=?
Hibernate: select visits0_.pet_id as pet_id4_6_0_, visits0_.id as id1_6_0_, visits0_.id as id1_6_1_, visits0_.visit_date as visit_da2_6_1_, visits0_.description as descript3_6_1_, visits0_.pet_id as pet_id4_6_1_ from visits visits0_ where visits0_.pet_id=?
Hibernate: select visits0_.pet_id as pet_id4_6_0_, visits0_.id as id1_6_0_, visits0_.id as id1_6_1_, visits0_.visit_date as visit_da2_6_1_, visits0_.description as descript3_6_1_, visits0_.pet_id as pet_id4_6_1_ from visits visits0_ where visits0_.pet_id=?
Hibernate: select pettype0_.id as id1_3_, pettype0_.name as name2_3_ from types pettype0_ order by pettype0_.name
Hibernate: insert into pets (id, name, birth_date, owner_id, type_id) values (default, ?, ?, ?, ?)
Hibernate: select owner0_.id as id1_0_0_, pets1_.id as id1_1_1_, owner0_.first_name as first_na2_0_0_, owner0_.last_name as last_nam3_0_0_, owner0_.address as address4_0_0_, owner0_.city as city5_0_0_, owner0_.telephone as telephon6_0_0_, pets1_.name as name2_1_1_, pets1_.birth_date as birth_da3_1_1_, pets1_.owner_id as owner_id4_1_1_, pets1_.type_id as type_id5_1_1_, pets1_.owner_id as owner_id4_1_0__, pets1_.id as id1_1_0__ from owners owner0_ left outer join pets pets1_ on owner0_.id=pets1_.owner_id where owner0_.id=?
INFO  TransactionContext - Rolled back transaction for test: [DefaultTestContext@2117cd59 testClass = ClinicServiceJpaTests, testInstance = org.springframework.samples.petclinic.service.ClinicServiceJpaTests@14ab14c2, testMethod = shouldInsertPetIntoDatabaseAndGenerateId@AbstractClinicServiceTests, testException = [null], mergedContextConfiguration = [MergedContextConfiguration@2a2b8b5b testClass = ClinicServiceJpaTests, locations = '{classpath:spring/business-config.xml}', classes = '{}', contextInitializerClasses = '[]', activeProfiles = '{jpa}', propertySourceLocations = '{}', propertySourceProperties = '{}', contextCustomizers = set[[empty]], contextLoader = 'org.springframework.test.context.support.DelegatingSmartContextLoader', parent = [null]], attributes = map[[empty]]]
INFO  TransactionContext - Began transaction (1) for test context [DefaultTestContext@2117cd59 testClass = ClinicServiceJpaTests, testInstance = org.springframework.samples.petclinic.service.ClinicServiceJpaTests@2af5ea4e, testMethod = shouldInsertOwner@AbstractClinicServiceTests, testException = [null], mergedContextConfiguration = [MergedContextConfiguration@2a2b8b5b testClass = ClinicServiceJpaTests, locations = '{classpath:spring/business-config.xml}', classes = '{}', contextInitializerClasses = '[]', activeProfiles = '{jpa}', propertySourceLocations = '{}', propertySourceProperties = '{}', contextCustomizers = set[[empty]], contextLoader = 'org.springframework.test.context.support.DelegatingSmartContextLoader', parent = [null]], attributes = map[[empty]]]; transaction manager [org.springframework.orm.jpa.JpaTransactionManager@1956d3a2]; rollback [true]
Hibernate: select distinct owner0_.id as id1_0_0_, pets1_.id as id1_1_1_, owner0_.first_name as first_na2_0_0_, owner0_.last_name as last_nam3_0_0_, owner0_.address as address4_0_0_, owner0_.city as city5_0_0_, owner0_.telephone as telephon6_0_0_, pets1_.name as name2_1_1_, pets1_.birth_date as birth_da3_1_1_, pets1_.owner_id as owner_id4_1_1_, pets1_.type_id as type_id5_1_1_, pets1_.owner_id as owner_id4_1_0__, pets1_.id as id1_1_0__ from owners owner0_ left outer join pets pets1_ on owner0_.id=pets1_.owner_id where owner0_.last_name like ?
Hibernate: insert into owners (id, first_name, last_name, address, city, telephone) values (default, ?, ?, ?, ?, ?)
Hibernate: select distinct owner0_.id as id1_0_0_, pets1_.id as id1_1_1_, owner0_.first_name as first_na2_0_0_, owner0_.last_name as last_nam3_0_0_, owner0_.address as address4_0_0_, owner0_.city as city5_0_0_, owner0_.telephone as telephon6_0_0_, pets1_.name as name2_1_1_, pets1_.birth_date as birth_da3_1_1_, pets1_.owner_id as owner_id4_1_1_, pets1_.type_id as type_id5_1_1_, pets1_.owner_id as owner_id4_1_0__, pets1_.id as id1_1_0__ from owners owner0_ left outer join pets pets1_ on owner0_.id=pets1_.owner_id where owner0_.last_name like ?
INFO  TransactionContext - Rolled back transaction for test: [DefaultTestContext@2117cd59 testClass = ClinicServiceJpaTests, testInstance = org.springframework.samples.petclinic.service.ClinicServiceJpaTests@2af5ea4e, testMethod = shouldInsertOwner@AbstractClinicServiceTests, testException = [null], mergedContextConfiguration = [MergedContextConfiguration@2a2b8b5b testClass = ClinicServiceJpaTests, locations = '{classpath:spring/business-config.xml}', classes = '{}', contextInitializerClasses = '[]', activeProfiles = '{jpa}', propertySourceLocations = '{}', propertySourceProperties = '{}', contextCustomizers = set[[empty]], contextLoader = 'org.springframework.test.context.support.DelegatingSmartContextLoader', parent = [null]], attributes = map[[empty]]]
Hibernate: select owner0_.id as id1_0_0_, pets1_.id as id1_1_1_, owner0_.first_name as first_na2_0_0_, owner0_.last_name as last_nam3_0_0_, owner0_.address as address4_0_0_, owner0_.city as city5_0_0_, owner0_.telephone as telephon6_0_0_, pets1_.name as name2_1_1_, pets1_.birth_date as birth_da3_1_1_, pets1_.owner_id as owner_id4_1_1_, pets1_.type_id as type_id5_1_1_, pets1_.owner_id as owner_id4_1_0__, pets1_.id as id1_1_0__ from owners owner0_ left outer join pets pets1_ on owner0_.id=pets1_.owner_id where owner0_.id=?
Hibernate: select pettype0_.id as id1_3_0_, pettype0_.name as name2_3_0_ from types pettype0_ where pettype0_.id=?
Hibernate: select visits0_.pet_id as pet_id4_6_0_, visits0_.id as id1_6_0_, visits0_.id as id1_6_1_, visits0_.visit_date as visit_da2_6_1_, visits0_.description as descript3_6_1_, visits0_.pet_id as pet_id4_6_1_ from visits visits0_ where visits0_.pet_id=?
INFO  TransactionContext - Began transaction (1) for test context [DefaultTestContext@2117cd59 testClass = ClinicServiceJpaTests, testInstance = org.springframework.samples.petclinic.service.ClinicServiceJpaTests@2e8c69d3, testMethod = shouldUpdatePetName@AbstractClinicServiceTests, testException = [null], mergedContextConfiguration = [MergedContextConfiguration@2a2b8b5b testClass = ClinicServiceJpaTests, locations = '{classpath:spring/business-config.xml}', classes = '{}', contextInitializerClasses = '[]', activeProfiles = '{jpa}', propertySourceLocations = '{}', propertySourceProperties = '{}', contextCustomizers = set[[empty]], contextLoader = 'org.springframework.test.context.support.DelegatingSmartContextLoader', parent = [null]], attributes = map[[empty]]]; transaction manager [org.springframework.orm.jpa.JpaTransactionManager@1956d3a2]; rollback [true]
Hibernate: select pet0_.id as id1_1_0_, pet0_.name as name2_1_0_, pet0_.birth_date as birth_da3_1_0_, pet0_.owner_id as owner_id4_1_0_, pet0_.type_id as type_id5_1_0_, owner1_.id as id1_0_1_, owner1_.first_name as first_na2_0_1_, owner1_.last_name as last_nam3_0_1_, owner1_.address as address4_0_1_, owner1_.city as city5_0_1_, owner1_.telephone as telephon6_0_1_, pettype2_.id as id1_3_2_, pettype2_.name as name2_3_2_, visits3_.pet_id as pet_id4_6_3_, visits3_.id as id1_6_3_, visits3_.id as id1_6_4_, visits3_.visit_date as visit_da2_6_4_, visits3_.description as descript3_6_4_, visits3_.pet_id as pet_id4_6_4_ from pets pet0_ left outer join owners owner1_ on pet0_.owner_id=owner1_.id left outer join types pettype2_ on pet0_.type_id=pettype2_.id left outer join visits visits3_ on pet0_.id=visits3_.pet_id where pet0_.id=?
INFO  TransactionContext - Rolled back transaction for test: [DefaultTestContext@2117cd59 testClass = ClinicServiceJpaTests, testInstance = org.springframework.samples.petclinic.service.ClinicServiceJpaTests@2e8c69d3, testMethod = shouldUpdatePetName@AbstractClinicServiceTests, testException = [null], mergedContextConfiguration = [MergedContextConfiguration@2a2b8b5b testClass = ClinicServiceJpaTests, locations = '{classpath:spring/business-config.xml}', classes = '{}', contextInitializerClasses = '[]', activeProfiles = '{jpa}', propertySourceLocations = '{}', propertySourceProperties = '{}', contextCustomizers = set[[empty]], contextLoader = 'org.springframework.test.context.support.DelegatingSmartContextLoader', parent = [null]], attributes = map[[empty]]]
Hibernate: select pettype0_.id as id1_3_, pettype0_.name as name2_3_ from types pettype0_ order by pettype0_.name
Hibernate: select pet0_.id as id1_1_0_, pet0_.name as name2_1_0_, pet0_.birth_date as birth_da3_1_0_, pet0_.owner_id as owner_id4_1_0_, pet0_.type_id as type_id5_1_0_, owner1_.id as id1_0_1_, owner1_.first_name as first_na2_0_1_, owner1_.last_name as last_nam3_0_1_, owner1_.address as address4_0_1_, owner1_.city as city5_0_1_, owner1_.telephone as telephon6_0_1_, pettype2_.id as id1_3_2_, pettype2_.name as name2_3_2_, visits3_.pet_id as pet_id4_6_3_, visits3_.id as id1_6_3_, visits3_.id as id1_6_4_, visits3_.visit_date as visit_da2_6_4_, visits3_.description as descript3_6_4_, visits3_.pet_id as pet_id4_6_4_ from pets pet0_ left outer join owners owner1_ on pet0_.owner_id=owner1_.id left outer join types pettype2_ on pet0_.type_id=pettype2_.id left outer join visits visits3_ on pet0_.id=visits3_.pet_id where pet0_.id=?
[INFO] Tests run: 11, Failures: 0, Errors: 0, Skipped: 0, Time elapsed: 0.647 s - in org.springframework.samples.petclinic.service.ClinicServiceJpaTests
[INFO] Running org.springframework.samples.petclinic.service.ClinicServiceJdbcTests
INFO  DefaultTestContextBootstrapper - Loaded default TestExecutionListener class names from location [META-INF/spring.factories]: [org.springframework.test.context.web.ServletTestExecutionListener, org.springframework.test.context.support.DirtiesContextBeforeModesTestExecutionListener, org.springframework.test.context.support.DependencyInjectionTestExecutionListener, org.springframework.test.context.support.DirtiesContextTestExecutionListener, org.springframework.test.context.transaction.TransactionalTestExecutionListener, org.springframework.test.context.jdbc.SqlScriptsTestExecutionListener]
INFO  DefaultTestContextBootstrapper - Using TestExecutionListeners: [org.springframework.test.context.web.ServletTestExecutionListener@1325f489, org.springframework.test.context.support.DirtiesContextBeforeModesTestExecutionListener@106d0b89, org.springframework.test.context.support.DependencyInjectionTestExecutionListener@46f87427, org.springframework.test.context.support.DirtiesContextTestExecutionListener@4cef1322, org.springframework.test.context.transaction.TransactionalTestExecutionListener@7052278a, org.springframework.test.context.jdbc.SqlScriptsTestExecutionListener@81b5b4a]
INFO  TransactionContext - Began transaction (1) for test context [DefaultTestContext@5ef008e4 testClass = ClinicServiceJdbcTests, testInstance = org.springframework.samples.petclinic.service.ClinicServiceJdbcTests@6147ac71, testMethod = shouldAddNewVisitForPet@AbstractClinicServiceTests, testException = [null], mergedContextConfiguration = [MergedContextConfiguration@7fd0d5de testClass = ClinicServiceJdbcTests, locations = '{classpath:spring/business-config.xml}', classes = '{}', contextInitializerClasses = '[]', activeProfiles = '{jdbc}', propertySourceLocations = '{}', propertySourceProperties = '{}', contextCustomizers = set[[empty]], contextLoader = 'org.springframework.test.context.support.DelegatingSmartContextLoader', parent = [null]], attributes = map[[empty]]]; transaction manager [org.springframework.jdbc.datasource.DataSourceTransactionManager@53a6c987]; rollback [true]
INFO  TransactionContext - Rolled back transaction for test: [DefaultTestContext@5ef008e4 testClass = ClinicServiceJdbcTests, testInstance = org.springframework.samples.petclinic.service.ClinicServiceJdbcTests@6147ac71, testMethod = shouldAddNewVisitForPet@AbstractClinicServiceTests, testException = [null], mergedContextConfiguration = [MergedContextConfiguration@7fd0d5de testClass = ClinicServiceJdbcTests, locations = '{classpath:spring/business-config.xml}', classes = '{}', contextInitializerClasses = '[]', activeProfiles = '{jdbc}', propertySourceLocations = '{}', propertySourceProperties = '{}', contextCustomizers = set[[empty]], contextLoader = 'org.springframework.test.context.support.DelegatingSmartContextLoader', parent = [null]], attributes = map[[empty]]]
INFO  TransactionContext - Began transaction (1) for test context [DefaultTestContext@5ef008e4 testClass = ClinicServiceJdbcTests, testInstance = org.springframework.samples.petclinic.service.ClinicServiceJdbcTests@1ee2346b, testMethod = shouldUpdateOwner@AbstractClinicServiceTests, testException = [null], mergedContextConfiguration = [MergedContextConfiguration@7fd0d5de testClass = ClinicServiceJdbcTests, locations = '{classpath:spring/business-config.xml}', classes = '{}', contextInitializerClasses = '[]', activeProfiles = '{jdbc}', propertySourceLocations = '{}', propertySourceProperties = '{}', contextCustomizers = set[[empty]], contextLoader = 'org.springframework.test.context.support.DelegatingSmartContextLoader', parent = [null]], attributes = map[[empty]]]; transaction manager [org.springframework.jdbc.datasource.DataSourceTransactionManager@53a6c987]; rollback [true]
INFO  TransactionContext - Rolled back transaction for test: [DefaultTestContext@5ef008e4 testClass = ClinicServiceJdbcTests, testInstance = org.springframework.samples.petclinic.service.ClinicServiceJdbcTests@1ee2346b, testMethod = shouldUpdateOwner@AbstractClinicServiceTests, testException = [null], mergedContextConfiguration = [MergedContextConfiguration@7fd0d5de testClass = ClinicServiceJdbcTests, locations = '{classpath:spring/business-config.xml}', classes = '{}', contextInitializerClasses = '[]', activeProfiles = '{jdbc}', propertySourceLocations = '{}', propertySourceProperties = '{}', contextCustomizers = set[[empty]], contextLoader = 'org.springframework.test.context.support.DelegatingSmartContextLoader', parent = [null]], attributes = map[[empty]]]
INFO  TransactionContext - Began transaction (1) for test context [DefaultTestContext@5ef008e4 testClass = ClinicServiceJdbcTests, testInstance = org.springframework.samples.petclinic.service.ClinicServiceJdbcTests@3bfe547e, testMethod = shouldInsertPetIntoDatabaseAndGenerateId@AbstractClinicServiceTests, testException = [null], mergedContextConfiguration = [MergedContextConfiguration@7fd0d5de testClass = ClinicServiceJdbcTests, locations = '{classpath:spring/business-config.xml}', classes = '{}', contextInitializerClasses = '[]', activeProfiles = '{jdbc}', propertySourceLocations = '{}', propertySourceProperties = '{}', contextCustomizers = set[[empty]], contextLoader = 'org.springframework.test.context.support.DelegatingSmartContextLoader', parent = [null]], attributes = map[[empty]]]; transaction manager [org.springframework.jdbc.datasource.DataSourceTransactionManager@53a6c987]; rollback [true]
INFO  TransactionContext - Rolled back transaction for test: [DefaultTestContext@5ef008e4 testClass = ClinicServiceJdbcTests, testInstance = org.springframework.samples.petclinic.service.ClinicServiceJdbcTests@3bfe547e, testMethod = shouldInsertPetIntoDatabaseAndGenerateId@AbstractClinicServiceTests, testException = [null], mergedContextConfiguration = [MergedContextConfiguration@7fd0d5de testClass = ClinicServiceJdbcTests, locations = '{classpath:spring/business-config.xml}', classes = '{}', contextInitializerClasses = '[]', activeProfiles = '{jdbc}', propertySourceLocations = '{}', propertySourceProperties = '{}', contextCustomizers = set[[empty]], contextLoader = 'org.springframework.test.context.support.DelegatingSmartContextLoader', parent = [null]], attributes = map[[empty]]]
INFO  TransactionContext - Began transaction (1) for test context [DefaultTestContext@5ef008e4 testClass = ClinicServiceJdbcTests, testInstance = org.springframework.samples.petclinic.service.ClinicServiceJdbcTests@300cf7f2, testMethod = shouldInsertOwner@AbstractClinicServiceTests, testException = [null], mergedContextConfiguration = [MergedContextConfiguration@7fd0d5de testClass = ClinicServiceJdbcTests, locations = '{classpath:spring/business-config.xml}', classes = '{}', contextInitializerClasses = '[]', activeProfiles = '{jdbc}', propertySourceLocations = '{}', propertySourceProperties = '{}', contextCustomizers = set[[empty]], contextLoader = 'org.springframework.test.context.support.DelegatingSmartContextLoader', parent = [null]], attributes = map[[empty]]]; transaction manager [org.springframework.jdbc.datasource.DataSourceTransactionManager@53a6c987]; rollback [true]
INFO  TransactionContext - Rolled back transaction for test: [DefaultTestContext@5ef008e4 testClass = ClinicServiceJdbcTests, testInstance = org.springframework.samples.petclinic.service.ClinicServiceJdbcTests@300cf7f2, testMethod = shouldInsertOwner@AbstractClinicServiceTests, testException = [null], mergedContextConfiguration = [MergedContextConfiguration@7fd0d5de testClass = ClinicServiceJdbcTests, locations = '{classpath:spring/business-config.xml}', classes = '{}', contextInitializerClasses = '[]', activeProfiles = '{jdbc}', propertySourceLocations = '{}', propertySourceProperties = '{}', contextCustomizers = set[[empty]], contextLoader = 'org.springframework.test.context.support.DelegatingSmartContextLoader', parent = [null]], attributes = map[[empty]]]
INFO  TransactionContext - Began transaction (1) for test context [DefaultTestContext@5ef008e4 testClass = ClinicServiceJdbcTests, testInstance = org.springframework.samples.petclinic.service.ClinicServiceJdbcTests@bbe50be, testMethod = shouldUpdatePetName@AbstractClinicServiceTests, testException = [null], mergedContextConfiguration = [MergedContextConfiguration@7fd0d5de testClass = ClinicServiceJdbcTests, locations = '{classpath:spring/business-config.xml}', classes = '{}', contextInitializerClasses = '[]', activeProfiles = '{jdbc}', propertySourceLocations = '{}', propertySourceProperties = '{}', contextCustomizers = set[[empty]], contextLoader = 'org.springframework.test.context.support.DelegatingSmartContextLoader', parent = [null]], attributes = map[[empty]]]; transaction manager [org.springframework.jdbc.datasource.DataSourceTransactionManager@53a6c987]; rollback [true]
INFO  TransactionContext - Rolled back transaction for test: [DefaultTestContext@5ef008e4 testClass = ClinicServiceJdbcTests, testInstance = org.springframework.samples.petclinic.service.ClinicServiceJdbcTests@bbe50be, testMethod = shouldUpdatePetName@AbstractClinicServiceTests, testException = [null], mergedContextConfiguration = [MergedContextConfiguration@7fd0d5de testClass = ClinicServiceJdbcTests, locations = '{classpath:spring/business-config.xml}', classes = '{}', contextInitializerClasses = '[]', activeProfiles = '{jdbc}', propertySourceLocations = '{}', propertySourceProperties = '{}', contextCustomizers = set[[empty]], contextLoader = 'org.springframework.test.context.support.DelegatingSmartContextLoader', parent = [null]], attributes = map[[empty]]]
[INFO] Tests run: 11, Failures: 0, Errors: 0, Skipped: 0, Time elapsed: 0.68 s - in org.springframework.samples.petclinic.service.ClinicServiceJdbcTests
[INFO] Running org.springframework.samples.petclinic.web.VetControllerTests
INFO  WebTestContextBootstrapper - Loaded default TestExecutionListener class names from location [META-INF/spring.factories]: [org.springframework.test.context.web.ServletTestExecutionListener, org.springframework.test.context.support.DirtiesContextBeforeModesTestExecutionListener, org.springframework.test.context.support.DependencyInjectionTestExecutionListener, org.springframework.test.context.support.DirtiesContextTestExecutionListener, org.springframework.test.context.transaction.TransactionalTestExecutionListener, org.springframework.test.context.jdbc.SqlScriptsTestExecutionListener]
INFO  WebTestContextBootstrapper - Using TestExecutionListeners: [org.springframework.test.context.web.ServletTestExecutionListener@1f03e65c, org.springframework.test.context.support.DirtiesContextBeforeModesTestExecutionListener@49324087, org.springframework.test.context.support.DependencyInjectionTestExecutionListener@15fe9f6c, org.springframework.test.context.support.DirtiesContextTestExecutionListener@53ef97d2, org.springframework.test.context.transaction.TransactionalTestExecutionListener@53deaaf5, org.springframework.test.context.jdbc.SqlScriptsTestExecutionListener@8b3ee71]
INFO  MockServletContext - Initializing Spring TestDispatcherServlet ''
INFO  TestDispatcherServlet - Initializing Servlet ''
INFO  TestDispatcherServlet - Completed initialization in 1 ms
INFO  MockServletContext - Initializing Spring TestDispatcherServlet ''
INFO  TestDispatcherServlet - Initializing Servlet ''
INFO  TestDispatcherServlet - Completed initialization in 0 ms
INFO  MockServletContext - Initializing Spring TestDispatcherServlet ''
INFO  TestDispatcherServlet - Initializing Servlet ''
INFO  TestDispatcherServlet - Completed initialization in 0 ms
[INFO] Tests run: 3, Failures: 0, Errors: 0, Skipped: 0, Time elapsed: 2.175 s - in org.springframework.samples.petclinic.web.VetControllerTests
[INFO] Running org.springframework.samples.petclinic.web.PetTypeFormatterTests
[INFO] Tests run: 3, Failures: 0, Errors: 0, Skipped: 0, Time elapsed: 0.07 s - in org.springframework.samples.petclinic.web.PetTypeFormatterTests
[INFO] Running org.springframework.samples.petclinic.web.PetControllerTests
INFO  WebTestContextBootstrapper - Loaded default TestExecutionListener class names from location [META-INF/spring.factories]: [org.springframework.test.context.web.ServletTestExecutionListener, org.springframework.test.context.support.DirtiesContextBeforeModesTestExecutionListener, org.springframework.test.context.support.DependencyInjectionTestExecutionListener, org.springframework.test.context.support.DirtiesContextTestExecutionListener, org.springframework.test.context.transaction.TransactionalTestExecutionListener, org.springframework.test.context.jdbc.SqlScriptsTestExecutionListener]
INFO  WebTestContextBootstrapper - Using TestExecutionListeners: [org.springframework.test.context.web.ServletTestExecutionListener@1722f50d, org.springframework.test.context.support.DirtiesContextBeforeModesTestExecutionListener@6d9f5458, org.springframework.test.context.support.DependencyInjectionTestExecutionListener@7204f626, org.springframework.test.context.support.DirtiesContextTestExecutionListener@58798baa, org.springframework.test.context.transaction.TransactionalTestExecutionListener@58f39735, org.springframework.test.context.jdbc.SqlScriptsTestExecutionListener@4f5935e7]
INFO  MockServletContext - Initializing Spring TestDispatcherServlet ''
INFO  TestDispatcherServlet - Initializing Servlet ''
INFO  TestDispatcherServlet - Completed initialization in 0 ms
INFO  MockServletContext - Initializing Spring TestDispatcherServlet ''
INFO  TestDispatcherServlet - Initializing Servlet ''
INFO  TestDispatcherServlet - Completed initialization in 0 ms
INFO  MockServletContext - Initializing Spring TestDispatcherServlet ''
INFO  TestDispatcherServlet - Initializing Servlet ''
INFO  TestDispatcherServlet - Completed initialization in 0 ms
INFO  MockServletContext - Initializing Spring TestDispatcherServlet ''
INFO  TestDispatcherServlet - Initializing Servlet ''
INFO  TestDispatcherServlet - Completed initialization in 0 ms
INFO  MockServletContext - Initializing Spring TestDispatcherServlet ''
INFO  TestDispatcherServlet - Initializing Servlet ''
INFO  TestDispatcherServlet - Completed initialization in 0 ms
INFO  MockServletContext - Initializing Spring TestDispatcherServlet ''
INFO  TestDispatcherServlet - Initializing Servlet ''
INFO  TestDispatcherServlet - Completed initialization in 0 ms
[INFO] Tests run: 6, Failures: 0, Errors: 0, Skipped: 0, Time elapsed: 0.303 s - in org.springframework.samples.petclinic.web.PetControllerTests
[INFO] Running org.springframework.samples.petclinic.web.OwnerControllerTests
INFO  WebTestContextBootstrapper - Loaded default TestExecutionListener class names from location [META-INF/spring.factories]: [org.springframework.test.context.web.ServletTestExecutionListener, org.springframework.test.context.support.DirtiesContextBeforeModesTestExecutionListener, org.springframework.test.context.support.DependencyInjectionTestExecutionListener, org.springframework.test.context.support.DirtiesContextTestExecutionListener, org.springframework.test.context.transaction.TransactionalTestExecutionListener, org.springframework.test.context.jdbc.SqlScriptsTestExecutionListener]
INFO  WebTestContextBootstrapper - Using TestExecutionListeners: [org.springframework.test.context.web.ServletTestExecutionListener@f5e96e8, org.springframework.test.context.support.DirtiesContextBeforeModesTestExecutionListener@419f98f6, org.springframework.test.context.support.DependencyInjectionTestExecutionListener@315dd34e, org.springframework.test.context.support.DirtiesContextTestExecutionListener@582f16fb, org.springframework.test.context.transaction.TransactionalTestExecutionListener@233d32c0, org.springframework.test.context.jdbc.SqlScriptsTestExecutionListener@1e584679]
INFO  MockServletContext - Initializing Spring TestDispatcherServlet ''
INFO  TestDispatcherServlet - Initializing Servlet ''
INFO  TestDispatcherServlet - Completed initialization in 1 ms
INFO  MockServletContext - Initializing Spring TestDispatcherServlet ''
INFO  TestDispatcherServlet - Initializing Servlet ''
INFO  TestDispatcherServlet - Completed initialization in 0 ms
INFO  MockServletContext - Initializing Spring TestDispatcherServlet ''
INFO  TestDispatcherServlet - Initializing Servlet ''
INFO  TestDispatcherServlet - Completed initialization in 0 ms
INFO  MockServletContext - Initializing Spring TestDispatcherServlet ''
INFO  TestDispatcherServlet - Initializing Servlet ''
INFO  TestDispatcherServlet - Completed initialization in 0 ms
INFO  MockServletContext - Initializing Spring TestDispatcherServlet ''
INFO  TestDispatcherServlet - Initializing Servlet ''
INFO  TestDispatcherServlet - Completed initialization in 0 ms
INFO  MockServletContext - Initializing Spring TestDispatcherServlet ''
INFO  TestDispatcherServlet - Initializing Servlet ''
INFO  TestDispatcherServlet - Completed initialization in 0 ms
INFO  MockServletContext - Initializing Spring TestDispatcherServlet ''
INFO  TestDispatcherServlet - Initializing Servlet ''
INFO  TestDispatcherServlet - Completed initialization in 0 ms
INFO  MockServletContext - Initializing Spring TestDispatcherServlet ''
INFO  TestDispatcherServlet - Initializing Servlet ''
INFO  TestDispatcherServlet - Completed initialization in 1 ms
INFO  MockServletContext - Initializing Spring TestDispatcherServlet ''
INFO  TestDispatcherServlet - Initializing Servlet ''
INFO  TestDispatcherServlet - Completed initialization in 0 ms
INFO  MockServletContext - Initializing Spring TestDispatcherServlet ''
INFO  TestDispatcherServlet - Initializing Servlet ''
INFO  TestDispatcherServlet - Completed initialization in 0 ms
INFO  MockServletContext - Initializing Spring TestDispatcherServlet ''
INFO  TestDispatcherServlet - Initializing Servlet ''
INFO  TestDispatcherServlet - Completed initialization in 1 ms
[INFO] Tests run: 11, Failures: 0, Errors: 0, Skipped: 0, Time elapsed: 0.657 s - in org.springframework.samples.petclinic.web.OwnerControllerTests
[INFO] Running org.springframework.samples.petclinic.web.VisitControllerTests
INFO  WebTestContextBootstrapper - Loaded default TestExecutionListener class names from location [META-INF/spring.factories]: [org.springframework.test.context.web.ServletTestExecutionListener, org.springframework.test.context.support.DirtiesContextBeforeModesTestExecutionListener, org.springframework.test.context.support.DependencyInjectionTestExecutionListener, org.springframework.test.context.support.DirtiesContextTestExecutionListener, org.springframework.test.context.transaction.TransactionalTestExecutionListener, org.springframework.test.context.jdbc.SqlScriptsTestExecutionListener]
INFO  WebTestContextBootstrapper - Using TestExecutionListeners: [org.springframework.test.context.web.ServletTestExecutionListener@4cfa2848, org.springframework.test.context.support.DirtiesContextBeforeModesTestExecutionListener@890de8, org.springframework.test.context.support.DependencyInjectionTestExecutionListener@fc1a9c7, org.springframework.test.context.support.DirtiesContextTestExecutionListener@1a4f2d66, org.springframework.test.context.transaction.TransactionalTestExecutionListener@76afe0f, org.springframework.test.context.jdbc.SqlScriptsTestExecutionListener@4f444547]
INFO  MockServletContext - Initializing Spring TestDispatcherServlet ''
INFO  TestDispatcherServlet - Initializing Servlet ''
INFO  TestDispatcherServlet - Completed initialization in 0 ms
INFO  MockServletContext - Initializing Spring TestDispatcherServlet ''
INFO  TestDispatcherServlet - Initializing Servlet ''
INFO  TestDispatcherServlet - Completed initialization in 0 ms
INFO  MockServletContext - Initializing Spring TestDispatcherServlet ''
INFO  TestDispatcherServlet - Initializing Servlet ''
INFO  TestDispatcherServlet - Completed initialization in 0 ms
INFO  MockServletContext - Initializing Spring TestDispatcherServlet ''
INFO  TestDispatcherServlet - Initializing Servlet ''
INFO  TestDispatcherServlet - Completed initialization in 0 ms
[INFO] Tests run: 4, Failures: 0, Errors: 0, Skipped: 0, Time elapsed: 0.161 s - in org.springframework.samples.petclinic.web.VisitControllerTests
[INFO] Running org.springframework.samples.petclinic.web.CrashControllerTests
INFO  WebTestContextBootstrapper - Loaded default TestExecutionListener class names from location [META-INF/spring.factories]: [org.springframework.test.context.web.ServletTestExecutionListener, org.springframework.test.context.support.DirtiesContextBeforeModesTestExecutionListener, org.springframework.test.context.support.DependencyInjectionTestExecutionListener, org.springframework.test.context.support.DirtiesContextTestExecutionListener, org.springframework.test.context.transaction.TransactionalTestExecutionListener, org.springframework.test.context.jdbc.SqlScriptsTestExecutionListener]
INFO  WebTestContextBootstrapper - Using TestExecutionListeners: [org.springframework.test.context.web.ServletTestExecutionListener@2143d63a, org.springframework.test.context.support.DirtiesContextBeforeModesTestExecutionListener@1099015e, org.springframework.test.context.support.DependencyInjectionTestExecutionListener@730d9030, org.springframework.test.context.support.DirtiesContextTestExecutionListener@6b6edaa5, org.springframework.test.context.transaction.TransactionalTestExecutionListener@54a323f4, org.springframework.test.context.jdbc.SqlScriptsTestExecutionListener@c684bcf]
INFO  MockServletContext - Initializing Spring TestDispatcherServlet ''
INFO  TestDispatcherServlet - Initializing Servlet ''
INFO  TestDispatcherServlet - Completed initialization in 0 ms
WARN  warn - Resolved [java.lang.RuntimeException: Expected: controller used to showcase what happens when an exception is thrown]
[INFO] Tests run: 1, Failures: 0, Errors: 0, Skipped: 0, Time elapsed: 0.031 s - in org.springframework.samples.petclinic.web.CrashControllerTests
INFO  LocalContainerEntityManagerFactoryBean - Closing JPA EntityManagerFactory for persistence unit 'petclinic'
INFO  LocalContainerEntityManagerFactoryBean - Closing JPA EntityManagerFactory for persistence unit 'petclinic'
[INFO] 
[INFO] Results:
[INFO] 
[INFO] Tests run: 62, Failures: 0, Errors: 0, Skipped: 0
[INFO] 
[INFO] 
[8mha:////4HT8YC5i/1cX2t+5WWhd4iqO+s7pzjULqQvoz1ptiER4AAAAYB+LCAAAAAAAAP9b85aBtbiIQSmjNKU4P0+vJLE4u1gvPjexLDVPzxdEGvvmZ+X75ZekLlOVfvTjc8FPJgaGiiIGKaiG5Py84vycVD1nCA1SyAABjCCFBQCV27OjYAAAAA==[0m[INFO] --- jacoco-maven-plugin:0.8.1:report (report) @ spring-framework-petclinic ---
[INFO] Loading execution data file /var/jenkins_home/workspace/petclinic-checkstyle/target/jacoco.exec
[INFO] Analyzed bundle 'petclinic' with 34 classes
[INFO] 
[8mha:////4HT8YC5i/1cX2t+5WWhd4iqO+s7pzjULqQvoz1ptiER4AAAAYB+LCAAAAAAAAP9b85aBtbiIQSmjNKU4P0+vJLE4u1gvPjexLDVPzxdEGvvmZ+X75ZekLlOVfvTjc8FPJgaGiiIGKaiG5Py84vycVD1nCA1SyAABjCCFBQCV27OjYAAAAA==[0m[INFO] --- maven-war-plugin:2.3:war (default-war) @ spring-framework-petclinic ---
[INFO] Packaging webapp
[INFO] Assembling webapp [spring-framework-petclinic] in [/var/jenkins_home/workspace/petclinic-checkstyle/target/petclinic]
[INFO] Processing war project
[INFO] Copying webapp resources [/var/jenkins_home/workspace/petclinic-checkstyle/src/main/webapp]
[INFO] Webapp assembled in [166 msecs]
[INFO] Building war: /var/jenkins_home/workspace/petclinic-checkstyle/target/petclinic.war
[INFO] 
[8mha:////4HT8YC5i/1cX2t+5WWhd4iqO+s7pzjULqQvoz1ptiER4AAAAYB+LCAAAAAAAAP9b85aBtbiIQSmjNKU4P0+vJLE4u1gvPjexLDVPzxdEGvvmZ+X75ZekLlOVfvTjc8FPJgaGiiIGKaiG5Py84vycVD1nCA1SyAABjCCFBQCV27OjYAAAAA==[0m[INFO] --- maven-checkstyle-plugin:3.1.0:checkstyle (default-cli) @ spring-framework-petclinic ---
[INFO] There are 576 errors reported by Checkstyle 8.19 with sun_checks.xml ruleset.
[8mha:////4GhfM+iUxL5S37anQK05/Ztf7xIJE8I/SVwtP98sMY3uAAAAYx+LCAAAAAAAAP9b85aBtbiIQSWjNKU4P0+vJLE4u1gvPjexLDVPzxdEhicW5WXmpfvll6S2fNly5fzGzauYGBgqihikoFqS8/OK83NS9ZwhNEghAwQwghQWAACwxA+XYgAAAA==[0m[WARNING] Unable to locate Source XRef to link to - DISABLED
[INFO] ------------------------------------------------------------------------
[INFO] BUILD SUCCESS
[INFO] ------------------------------------------------------------------------
[INFO] Total time:  29.099 s
[INFO] Finished at: 2020-05-13T16:06:04Z
[INFO] ------------------------------------------------------------------------
[CHECKSTYLE] Collecting checkstyle analysis files...
[CHECKSTYLE] Searching for all files in /var/jenkins_home/workspace/petclinic-checkstyle that match the pattern **/checkstyle-result.xml
[CHECKSTYLE] Parsing 1 file in /var/jenkins_home/workspace/petclinic-checkstyle
[CHECKSTYLE] Successfully parsed file /var/jenkins_home/workspace/petclinic-checkstyle/target/checkstyle-result.xml with 576 unique warnings and 0 duplicates.
No credentials specified
<Git Blamer> Using GitBlamer to create author and commit information for all warnings.
<Git Blamer> GIT_COMMIT=33d700ef8b639880a0d74d2c084751d72a0717d9, workspace=/var/jenkins_home/workspace/petclinic-checkstyle
 > git rev-parse 33d700ef8b639880a0d74d2c084751d72a0717d9^{commit} # timeout=10
[CHECKSTYLE] Computing warning deltas based on reference build #32
Finished: SUCCESS
